2025-08-23 13:24:09,366 - ERROR - {"tweet_id": "T453179", "username": "Joseph Bradford", "dominant_topic": "Unauthorized Access Fears", "error": "int() argument must be a string, a bytes-like object or a real number, not 'list'", "generation_time": 10.617273330688477}
2025-08-23 13:24:48,480 - ERROR - {"tweet_id": "T162549", "username": "Kevin Vaughn", "dominant_topic": "Authentication Errors Reported", "error": "int() argument must be a string, a bytes-like object or a real number, not 'list'", "generation_time": 21.37870168685913}
2025-08-23 13:26:09,296 - ERROR - {"tweet_id": "T006682", "username": "Joshua Garcia", "dominant_topic": "Compliance Checks Intrusive", "error": "int() argument must be a string, a bytes-like object or a real number, not 'list'", "generation_time": 15.700126647949219}
2025-08-23 13:26:14,379 - ERROR - {"tweet_id": "T607535", "username": "William Mckinney", "dominant_topic": "Service Interruption Experienced", "error": "int() argument must be a string, a bytes-like object or a real number, not 'list'", "generation_time": 20.78444766998291}
2025-08-23 13:27:04,618 - ERROR - {"tweet_id": "T647144", "username": "Jennifer Garcia", "dominant_topic": "Digital Platform Glitches", "error": "int() argument must be a string, a bytes-like object or a real number, not 'list'", "generation_time": 15.621657133102417}
2025-08-23 13:30:50,200 - ERROR - {"tweet_id": "T177589", "username": "Kenneth Newman", "dominant_topic": "Bank Guarantee Issued", "error": "int() argument must be a string, a bytes-like object or a real number, not 'list'", "generation_time": 20.548812866210938}
2025-08-23 13:32:08,161 - ERROR - {"tweet_id": "T891141", "username": "Leah Sampson", "dominant_topic": "Response Time Inadequate", "error": "int() argument must be a string, a bytes-like object or a real number, not 'list'", "generation_time": 15.460798025131226}
2025-08-23 13:32:13,575 - ERROR - {"tweet_id": "T779432", "username": "Cindy Cooper", "dominant_topic": "System Outage Frustration", "error": "int() argument must be a string, a bytes-like object or a real number, not 'list'", "generation_time": 20.873433351516724}
2025-08-23 13:33:03,423 - ERROR - {"tweet_id": "T422165", "username": "Andrew Macdonald", "dominant_topic": "Platform Downtime Frustration", "error": "int() argument must be a string, a bytes-like object or a real number, not 'list'", "generation_time": 15.991578817367554}
2025-08-23 13:33:30,936 - ERROR - {"tweet_id": "T808855", "username": "Danielle Clark", "dominant_topic": "App Login Problems", "error": "int() argument must be a string, a bytes-like object or a real number, not 'list'", "generation_time": 15.37618112564087}
2025-08-23 13:34:03,902 - ERROR - {"tweet_id": "T229481", "username": "Kevin Vaughn", "dominant_topic": "Pricing Transparency Lacking", "error": "int() argument must be a string, a bytes-like object or a real number, not 'list'", "generation_time": 20.72316265106201}
2025-08-23 13:34:25,880 - ERROR - {"tweet_id": "T450765", "username": "John Hogan", "dominant_topic": "Signatory Update Needed", "error": "int() argument must be a string, a bytes-like object or a real number, not 'list'", "generation_time": 14.858546495437622}
2025-08-23 13:35:15,718 - ERROR - {"tweet_id": "T382979", "username": "Michele Ochoa", "dominant_topic": "Response Time Inadequate", "error": "int() argument must be a string, a bytes-like object or a real number, not 'list'", "generation_time": 10.287367105484009}
2025-08-23 13:35:26,100 - ERROR - {"tweet_id": "T725757", "username": "William Mckinney", "dominant_topic": "Verification Process Lengthy", "error": "int() argument must be a string, a bytes-like object or a real number, not 'list'", "generation_time": 20.67083716392517}
2025-08-23 13:35:38,605 - ERROR - {"tweet_id": "T065334", "username": "Henry Bryant", "dominant_topic": "Website Performance Issues", "error": "int() argument must be a string, a bytes-like object or a real number, not 'list'", "generation_time": 5.472108602523804}
2025-08-23 13:36:34,342 - ERROR - {"tweet_id": "T839781", "username": "Mary Schaefer", "dominant_topic": "Holiday Period Issues", "error": "int() argument must be a string, a bytes-like object or a real number, not 'list'", "generation_time": 5.461252450942993}
2025-08-23 13:42:24,902 - ERROR - {"tweet_id": "T010610", "username": "Kristen Reynolds", "dominant_topic": "Maintenance Inconvenience Reported", "error": "int() argument must be a string, a bytes-like object or a real number, not 'list'", "generation_time": 25.451875925064087}
2025-08-23 13:42:47,518 - ERROR - {"tweet_id": "T694452", "username": "Joseph Bradford", "dominant_topic": "General Support Needed", "error": "int() argument must be a string, a bytes-like object or a real number, not 'list'", "generation_time": 20.613462686538696}
2025-08-23 13:45:09,304 - ERROR - {"tweet_id": "T631266", "username": "Jake Weber", "dominant_topic": "Card Services Excellent", "error": "int() argument must be a string, a bytes-like object or a real number, not 'list'", "generation_time": 25.0145742893219}
2025-08-23 13:45:44,046 - ERROR - {"tweet_id": "T093396", "username": "Jason Wolf", "dominant_topic": "Problem Initially Frustrating", "error": "int() argument must be a string, a bytes-like object or a real number, not 'list'", "generation_time": 5.44126296043396}
2025-08-23 13:47:16,998 - ERROR - {"tweet_id": "T023222", "username": "Andrea Walters", "dominant_topic": "Network Connectivity Lost", "error": "int() argument must be a string, a bytes-like object or a real number, not 'list'", "generation_time": 15.678757429122925}
2025-08-23 13:50:54,221 - ERROR - {"tweet_id": "T557670", "username": "Perry Jenkins", "dominant_topic": "Standard Operation Smooth", "error": "int() argument must be a string, a bytes-like object or a real number, not 'list'", "generation_time": 10.354673385620117}
2025-08-23 13:56:30,346 - ERROR - {"tweet_id": "T715637", "username": "Andrea Walters", "dominant_topic": "Transaction Processing Stuck", "error": "int() argument must be a string, a bytes-like object or a real number, not 'list'", "generation_time": 15.25233006477356}
2025-08-23 13:57:24,189 - ERROR - {"tweet_id": "T831579", "username": "Megan Bates", "dominant_topic": "Treasury Operations Smooth", "error": "int() argument must be a string, a bytes-like object or a real number, not 'list'", "generation_time": 14.990014791488647}
2025-08-23 13:59:31,817 - ERROR - {"tweet_id": "T214364", "username": "Kelly Robbins", "dominant_topic": "Signatory Update Needed", "error": "int() argument must be a string, a bytes-like object or a real number, not 'list'", "generation_time": 5.477414131164551}
2025-08-23 14:00:13,731 - ERROR - {"tweet_id": "T850347", "username": "Colin Johnson", "dominant_topic": "Order Processing Failed", "error": "int() argument must be a string, a bytes-like object or a real number, not 'list'", "generation_time": 20.323101043701172}
2025-08-23 14:01:54,769 - ERROR - {"tweet_id": "T015955", "username": "Brian Davis", "dominant_topic": "Verification Process Lengthy", "error": "int() argument must be a string, a bytes-like object or a real number, not 'list'", "generation_time": 10.661896228790283}
2025-08-23 14:02:17,069 - ERROR - {"tweet_id": "T644797", "username": "Christopher Hicks", "dominant_topic": "Service Restoration Delayed", "error": "int() argument must be a string, a bytes-like object or a real number, not 'list'", "generation_time": 5.33016562461853}
2025-08-23 14:02:37,143 - ERROR - {"tweet_id": "T594528", "username": "Brent Martin", "dominant_topic": "Problem Initially Frustrating", "error": "int() argument must be a string, a bytes-like object or a real number, not 'list'", "generation_time": 25.398625373840332}
2025-08-23 14:02:49,609 - ERROR - {"tweet_id": "T295925", "username": "Michele Ochoa", "dominant_topic": "Compliance Checks Intrusive", "error": "int() argument must be a string, a bytes-like object or a real number, not 'list'", "generation_time": 10.309647560119629}
2025-08-23 14:08:21,407 - ERROR - {"tweet_id": "T059788", "username": "Ronald Joyce", "dominant_topic": "Network Connectivity Lost", "error": "int() argument must be a string, a bytes-like object or a real number, not 'list'", "generation_time": 10.196780920028687}
2025-08-23 14:10:12,888 - ERROR - {"tweet_id": "T283702", "username": "Cody Collins", "dominant_topic": "SEPA Payment Rejected", "error": "int() argument must be a string, a bytes-like object or a real number, not 'list'", "generation_time": 10.369364738464355}
2025-08-23 14:12:24,359 - ERROR - {"tweet_id": "T607535", "username": "William Mckinney", "dominant_topic": "Service Interruption Experienced", "error": "int() argument must be a string, a bytes-like object or a real number, not 'list'", "generation_time": 5.631608963012695}
2025-08-23 14:13:02,299 - ERROR - {"tweet_id": "T229481", "username": "Kevin Vaughn", "dominant_topic": "Pricing Transparency Lacking", "error": "int() argument must be a string, a bytes-like object or a real number, not 'list'", "generation_time": 5.310716152191162}
2025-08-23 14:13:13,342 - ERROR - {"tweet_id": "T382979", "username": "Michele Ochoa", "dominant_topic": "Response Time Inadequate", "error": "int() argument must be a string, a bytes-like object or a real number, not 'list'", "generation_time": 5.379209756851196}
2025-08-23 14:13:24,523 - ERROR - {"tweet_id": "T065334", "username": "Henry Bryant", "dominant_topic": "Website Performance Issues", "error": "int() argument must be a string, a bytes-like object or a real number, not 'list'", "generation_time": 5.65138578414917}
2025-08-23 14:13:35,267 - ERROR - {"tweet_id": "T010610", "username": "Kristen Reynolds", "dominant_topic": "Maintenance Inconvenience Reported", "error": "int() argument must be a string, a bytes-like object or a real number, not 'list'", "generation_time": 5.4420325756073}
2025-08-23 14:14:07,535 - ERROR - {"tweet_id": "T715637", "username": "Andrea Walters", "dominant_topic": "Transaction Processing Stuck", "error": "int() argument must be a string, a bytes-like object or a real number, not 'list'", "generation_time": 5.487942934036255}
2025-08-23 14:14:34,759 - ERROR - {"tweet_id": "T644797", "username": "Christopher Hicks", "dominant_topic": "Service Restoration Delayed", "error": "int() argument must be a string, a bytes-like object or a real number, not 'list'", "generation_time": 5.523198366165161}
2025-08-23 14:14:45,691 - ERROR - {"tweet_id": "T295925", "username": "Michele Ochoa", "dominant_topic": "Compliance Checks Intrusive", "error": "int() argument must be a string, a bytes-like object or a real number, not 'list'", "generation_time": 5.452934741973877}
2025-08-23 14:14:51,271 - ERROR - {"tweet_id": "T059788", "username": "Ronald Joyce", "dominant_topic": "Network Connectivity Lost", "error": "int() argument must be a string, a bytes-like object or a real number, not 'list'", "generation_time": 5.57909369468689}
2025-08-23 14:16:32,042 - ERROR - {"tweet_id": "T607535", "username": "William Mckinney", "dominant_topic": "Service Interruption Experienced", "error": "int() argument must be a string, a bytes-like object or a real number, not 'list'", "generation_time": 5.3566977977752686}
2025-08-23 14:16:48,306 - ERROR - {"tweet_id": "T065334", "username": "Henry Bryant", "dominant_topic": "Website Performance Issues", "error": "int() argument must be a string, a bytes-like object or a real number, not 'list'", "generation_time": 5.48516058921814}
2025-08-23 14:16:59,274 - ERROR - {"tweet_id": "T715637", "username": "Andrea Walters", "dominant_topic": "Transaction Processing Stuck", "error": "int() argument must be a string, a bytes-like object or a real number, not 'list'", "generation_time": 5.411377906799316}
2025-08-23 14:17:04,858 - ERROR - {"tweet_id": "T644797", "username": "Christopher Hicks", "dominant_topic": "Service Restoration Delayed", "error": "int() argument must be a string, a bytes-like object or a real number, not 'list'", "generation_time": 5.583903551101685}
2025-08-23 14:17:10,301 - ERROR - {"tweet_id": "T295925", "username": "Michele Ochoa", "dominant_topic": "Compliance Checks Intrusive", "error": "int() argument must be a string, a bytes-like object or a real number, not 'list'", "generation_time": 5.4425976276397705}
2025-08-23 14:19:20,861 - ERROR - {"tweet_id": "T607535", "username": "William Mckinney", "dominant_topic": "Service Interruption Experienced", "error": "int() argument must be a string, a bytes-like object or a real number, not 'list'", "generation_time": 5.349188327789307}
2025-08-23 14:19:26,490 - ERROR - {"tweet_id": "T065334", "username": "Henry Bryant", "dominant_topic": "Website Performance Issues", "error": "int() argument must be a string, a bytes-like object or a real number, not 'list'", "generation_time": 5.627626180648804}
2025-08-23 14:19:31,897 - ERROR - {"tweet_id": "T715637", "username": "Andrea Walters", "dominant_topic": "Transaction Processing Stuck", "error": "int() argument must be a string, a bytes-like object or a real number, not 'list'", "generation_time": 5.407239675521851}
2025-08-23 14:19:37,241 - ERROR - {"tweet_id": "T644797", "username": "Christopher Hicks", "dominant_topic": "Service Restoration Delayed", "error": "int() argument must be a string, a bytes-like object or a real number, not 'list'", "generation_time": 5.34347939491272}
2025-08-23 14:19:42,541 - ERROR - {"tweet_id": "T295925", "username": "Michele Ochoa", "dominant_topic": "Compliance Checks Intrusive", "error": "int() argument must be a string, a bytes-like object or a real number, not 'list'", "generation_time": 5.29966139793396}
