2025-08-23 13:52:40,873 - COLLECTION_STATS: total=2000, with_content=1430, without_content=570
2025-08-23 13:52:42,258 - BATCH_START: total_tweets=570, batch_size=5
2025-08-23 13:52:42,259 - BATCH_START: batch=1/114, records=5
2025-08-23 13:52:47,529 - SUCCESS_COUNT: 1
2025-08-23 13:52:47,587 - SUCCESS_COUNT: 2
2025-08-23 13:52:47,626 - SUCCESS_COUNT: 3
2025-08-23 13:52:47,810 - SUCCESS_COUNT: 4
2025-08-23 13:52:48,609 - SUCCESS_COUNT: 5
2025-08-23 13:52:48,614 - BATCH_COMPLETE: batch=1, successful=5, duration=6.35s
2025-08-23 13:52:48,877 - DATABASE_SAVE: 5 records saved, total_updates: 5
2025-08-23 13:52:52,632 - BATCH_START: batch=2/114, records=5
2025-08-23 13:52:57,459 - SUCCESS_COUNT: 6
2025-08-23 13:52:57,712 - SUCCESS_COUNT: 7
2025-08-23 13:52:57,782 - SUCCESS_COUNT: 8
2025-08-23 13:52:58,038 - SUCCESS_COUNT: 9
2025-08-23 13:52:58,231 - SUCCESS_COUNT: 10
2025-08-23 13:52:58,234 - BATCH_COMPLETE: batch=2, successful=5, duration=5.60s
2025-08-23 13:52:58,500 - DATABASE_SAVE: 5 records saved, total_updates: 10
2025-08-23 13:53:02,254 - BATCH_START: batch=3/114, records=5
2025-08-23 13:53:07,066 - SUCCESS_COUNT: 11
2025-08-23 13:53:07,089 - SUCCESS_COUNT: 12
2025-08-23 13:53:07,142 - SUCCESS_COUNT: 13
2025-08-23 13:53:07,314 - SUCCESS_COUNT: 14
2025-08-23 13:53:10,472 - SUCCESS_COUNT: 15
2025-08-23 13:53:10,480 - BATCH_COMPLETE: batch=3, successful=5, duration=8.22s
2025-08-23 13:53:10,745 - DATABASE_SAVE: 5 records saved, total_updates: 15
2025-08-23 13:53:14,499 - BATCH_START: batch=4/114, records=5
2025-08-23 13:53:19,575 - SUCCESS_COUNT: 16
2025-08-23 13:53:48,147 - SUCCESS_COUNT: 17
2025-08-23 13:53:48,851 - SUCCESS_COUNT: 18
2025-08-23 13:53:49,463 - SUCCESS_COUNT: 19
2025-08-23 13:53:49,481 - SUCCESS_COUNT: 20
2025-08-23 13:53:49,488 - BATCH_COMPLETE: batch=4, successful=5, duration=34.99s
2025-08-23 13:53:49,756 - DATABASE_SAVE: 5 records saved, total_updates: 20
2025-08-23 13:53:53,509 - BATCH_START: batch=5/114, records=5
2025-08-23 13:53:58,807 - SUCCESS_COUNT: 21
2025-08-23 13:53:58,885 - SUCCESS_COUNT: 22
2025-08-23 13:53:59,407 - SUCCESS_COUNT: 23
2025-08-23 13:53:59,664 - SUCCESS_COUNT: 24
2025-08-23 13:54:02,393 - SUCCESS_COUNT: 25
2025-08-23 13:54:02,400 - BATCH_COMPLETE: batch=5, successful=5, duration=8.89s
2025-08-23 13:54:02,681 - DATABASE_SAVE: 5 records saved, total_updates: 25
2025-08-23 13:54:02,695 - PROGRESS_SUMMARY: batch=5/114, success=25, failures=0, db_updates=25
2025-08-23 13:54:06,448 - BATCH_START: batch=6/114, records=5
2025-08-23 13:54:11,506 - SUCCESS_COUNT: 26
2025-08-23 13:54:11,643 - SUCCESS_COUNT: 27
2025-08-23 13:54:11,874 - SUCCESS_COUNT: 28
2025-08-23 13:54:12,901 - SUCCESS_COUNT: 29
2025-08-23 13:54:15,954 - SUCCESS_COUNT: 30
2025-08-23 13:54:15,960 - BATCH_COMPLETE: batch=6, successful=5, duration=9.51s
2025-08-23 13:54:16,225 - DATABASE_SAVE: 5 records saved, total_updates: 30
2025-08-23 13:54:19,977 - BATCH_START: batch=7/114, records=5
2025-08-23 13:54:24,804 - SUCCESS_COUNT: 31
2025-08-23 13:54:28,389 - SUCCESS_COUNT: 32
2025-08-23 13:54:49,540 - SUCCESS_COUNT: 33
2025-08-23 13:54:49,799 - SUCCESS_COUNT: 34
2025-08-23 13:54:50,698 - SUCCESS_COUNT: 35
2025-08-23 13:54:50,706 - BATCH_COMPLETE: batch=7, successful=5, duration=30.73s
2025-08-23 13:54:51,047 - DATABASE_SAVE: 5 records saved, total_updates: 35
2025-08-23 13:54:54,799 - BATCH_START: batch=8/114, records=5
2025-08-23 13:55:00,046 - SUCCESS_COUNT: 36
2025-08-23 13:55:01,185 - SUCCESS_COUNT: 37
2025-08-23 13:55:01,321 - SUCCESS_COUNT: 38
2025-08-23 13:55:06,781 - FAILURE_COUNT: 1
2025-08-23 13:55:06,965 - FAILURE_COUNT: 2
2025-08-23 13:55:06,967 - BATCH_COMPLETE: batch=8, successful=3, duration=12.17s
2025-08-23 13:55:10,720 - BATCH_START: batch=9/114, records=5
2025-08-23 13:55:15,623 - SUCCESS_COUNT: 39
2025-08-23 13:55:15,842 - SUCCESS_COUNT: 40
2025-08-23 13:55:16,296 - SUCCESS_COUNT: 41
2025-08-23 13:55:16,526 - SUCCESS_COUNT: 42
2025-08-23 13:55:18,695 - SUCCESS_COUNT: 43
2025-08-23 13:55:18,706 - BATCH_COMPLETE: batch=9, successful=5, duration=7.98s
2025-08-23 13:55:18,961 - DATABASE_SAVE: 8 records saved, total_updates: 43
2025-08-23 13:55:22,715 - BATCH_START: batch=10/114, records=5
2025-08-23 13:55:27,410 - SUCCESS_COUNT: 44
2025-08-23 13:55:27,980 - SUCCESS_COUNT: 45
2025-08-23 13:55:28,988 - SUCCESS_COUNT: 46
2025-08-23 13:55:51,969 - SUCCESS_COUNT: 47
2025-08-23 13:56:11,480 - BATCH_COMPLETE: batch=10, successful=4, duration=48.76s
2025-08-23 13:56:11,483 - PROGRESS_SUMMARY: batch=10/114, success=47, failures=2, db_updates=43
2025-08-23 13:56:15,235 - BATCH_START: batch=11/114, records=5
2025-08-23 13:57:02,530 - BATCH_COMPLETE: batch=11, successful=0, duration=47.29s
2025-08-23 13:57:02,533 - FINAL_SUMMARY: total_updated=43, success=47, failures=2
2025-08-23 13:57:03,356 - COLLECTION_STATS: total=2000, with_content=1473, without_content=527
