2025-08-23 13:23:28,296 - COLLECTION_STATS: total=2000, with_content=1473, without_content=527
2025-08-23 13:23:30,626 - BATCH_START: total_tweets=527, batch_size=5
2025-08-23 13:23:30,626 - BATCH_START: batch=1/106, records=5
2025-08-23 13:23:36,246 - SUCCESS_COUNT: 1
2025-08-23 13:23:41,162 - SUCCESS_COUNT: 2
2025-08-23 13:23:46,328 - SUCCESS_COUNT: 3
2025-08-23 13:23:51,644 - SUCCESS_COUNT: 4
2025-08-23 13:23:56,611 - SUCCESS_COUNT: 5
2025-08-23 13:23:56,613 - BATCH_COMPLETE: batch=1, successful=5, duration=25.99s
2025-08-23 13:23:56,747 - DATABASE_SAVE: 5 records saved, total_updates: 5
2025-08-23 13:23:58,748 - BATCH_START: batch=2/106, records=5
2025-08-23 13:24:04,197 - SUCCESS_COUNT: 6
2025-08-23 13:24:09,366 - FAILURE_COUNT: 1
2025-08-23 13:24:14,635 - SUCCESS_COUNT: 7
2025-08-23 13:24:19,809 - SUCCESS_COUNT: 8
2025-08-23 13:24:25,096 - SUCCESS_COUNT: 9
2025-08-23 13:24:25,098 - BATCH_COMPLETE: batch=2, successful=4, duration=26.35s
2025-08-23 13:24:27,098 - BATCH_START: batch=3/106, records=5
2025-08-23 13:24:32,648 - SUCCESS_COUNT: 10
2025-08-23 13:24:37,988 - SUCCESS_COUNT: 11
2025-08-23 13:24:43,221 - SUCCESS_COUNT: 12
2025-08-23 13:24:48,480 - FAILURE_COUNT: 2
2025-08-23 13:24:53,952 - SUCCESS_COUNT: 13
2025-08-23 13:24:53,955 - BATCH_COMPLETE: batch=3, successful=4, duration=26.86s
2025-08-23 13:24:54,088 - DATABASE_SAVE: 8 records saved, total_updates: 13
2025-08-23 13:24:56,089 - BATCH_START: batch=4/106, records=5
2025-08-23 13:25:01,555 - SUCCESS_COUNT: 14
2025-08-23 13:25:06,756 - SUCCESS_COUNT: 15
2025-08-23 13:25:11,739 - SUCCESS_COUNT: 16
2025-08-23 13:25:16,804 - SUCCESS_COUNT: 17
2025-08-23 13:25:21,847 - SUCCESS_COUNT: 18
2025-08-23 13:25:21,849 - BATCH_COMPLETE: batch=4, successful=5, duration=25.76s
2025-08-23 13:25:21,980 - DATABASE_SAVE: 5 records saved, total_updates: 18
2025-08-23 13:25:23,980 - BATCH_START: batch=5/106, records=5
2025-08-23 13:25:29,638 - SUCCESS_COUNT: 19
2025-08-23 13:25:34,563 - SUCCESS_COUNT: 20
2025-08-23 13:25:41,185 - SUCCESS_COUNT: 21
2025-08-23 13:25:46,279 - SUCCESS_COUNT: 22
2025-08-23 13:25:51,454 - SUCCESS_COUNT: 23
2025-08-23 13:25:51,457 - BATCH_COMPLETE: batch=5, successful=5, duration=27.48s
2025-08-23 13:25:51,590 - DATABASE_SAVE: 5 records saved, total_updates: 23
2025-08-23 13:25:51,592 - PROGRESS_SUMMARY: batch=5/106, success=23, failures=2, db_updates=23
2025-08-23 13:25:53,592 - BATCH_START: batch=6/106, records=5
2025-08-23 13:25:59,118 - SUCCESS_COUNT: 24
2025-08-23 13:26:04,031 - SUCCESS_COUNT: 25
2025-08-23 13:26:09,296 - FAILURE_COUNT: 3
2025-08-23 13:26:14,379 - FAILURE_COUNT: 4
2025-08-23 13:26:19,287 - SUCCESS_COUNT: 26
2025-08-23 13:26:19,290 - BATCH_COMPLETE: batch=6, successful=3, duration=25.70s
2025-08-23 13:26:21,290 - BATCH_START: batch=7/106, records=5
2025-08-23 13:26:26,598 - SUCCESS_COUNT: 27
2025-08-23 13:26:31,644 - SUCCESS_COUNT: 28
2025-08-23 13:26:36,645 - SUCCESS_COUNT: 29
2025-08-23 13:26:41,719 - SUCCESS_COUNT: 30
2025-08-23 13:26:46,856 - SUCCESS_COUNT: 31
2025-08-23 13:26:46,859 - BATCH_COMPLETE: batch=7, successful=5, duration=25.57s
2025-08-23 13:26:46,993 - DATABASE_SAVE: 8 records saved, total_updates: 31
2025-08-23 13:26:48,993 - BATCH_START: batch=8/106, records=5
2025-08-23 13:26:54,373 - SUCCESS_COUNT: 32
2025-08-23 13:26:59,309 - SUCCESS_COUNT: 33
2025-08-23 13:27:04,619 - FAILURE_COUNT: 5
2025-08-23 13:27:09,833 - SUCCESS_COUNT: 34
2025-08-23 13:27:14,920 - SUCCESS_COUNT: 35
2025-08-23 13:27:14,922 - BATCH_COMPLETE: batch=8, successful=4, duration=25.93s
2025-08-23 13:27:16,922 - BATCH_START: batch=9/106, records=5
2025-08-23 13:27:22,208 - SUCCESS_COUNT: 36
2025-08-23 13:27:27,187 - SUCCESS_COUNT: 37
2025-08-23 13:27:32,078 - SUCCESS_COUNT: 38
2025-08-23 13:27:37,080 - SUCCESS_COUNT: 39
2025-08-23 13:27:42,205 - SUCCESS_COUNT: 40
2025-08-23 13:27:42,208 - BATCH_COMPLETE: batch=9, successful=5, duration=25.29s
2025-08-23 13:27:42,343 - DATABASE_SAVE: 9 records saved, total_updates: 40
2025-08-23 13:27:44,344 - BATCH_START: batch=10/106, records=5
2025-08-23 13:27:49,671 - SUCCESS_COUNT: 41
2025-08-23 13:27:54,862 - SUCCESS_COUNT: 42
2025-08-23 13:28:00,110 - SUCCESS_COUNT: 43
2025-08-23 13:28:05,014 - SUCCESS_COUNT: 44
2025-08-23 13:28:10,015 - SUCCESS_COUNT: 45
2025-08-23 13:28:10,018 - BATCH_COMPLETE: batch=10, successful=5, duration=25.67s
2025-08-23 13:28:10,150 - DATABASE_SAVE: 5 records saved, total_updates: 45
2025-08-23 13:28:10,152 - PROGRESS_SUMMARY: batch=10/106, success=45, failures=5, db_updates=45
2025-08-23 13:28:12,152 - BATCH_START: batch=11/106, records=5
2025-08-23 13:28:17,468 - SUCCESS_COUNT: 46
2025-08-23 13:28:22,729 - SUCCESS_COUNT: 47
2025-08-23 13:28:27,536 - SUCCESS_COUNT: 48
2025-08-23 13:28:32,391 - SUCCESS_COUNT: 49
2025-08-23 13:28:37,258 - SUCCESS_COUNT: 50
2025-08-23 13:28:37,261 - BATCH_COMPLETE: batch=11, successful=5, duration=25.11s
2025-08-23 13:28:37,392 - DATABASE_SAVE: 5 records saved, total_updates: 50
2025-08-23 13:28:39,392 - BATCH_START: batch=12/106, records=5
2025-08-23 13:28:44,954 - SUCCESS_COUNT: 51
2025-08-23 13:28:49,942 - SUCCESS_COUNT: 52
2025-08-23 13:28:54,748 - SUCCESS_COUNT: 53
2025-08-23 13:28:59,780 - SUCCESS_COUNT: 54
2025-08-23 13:29:04,837 - SUCCESS_COUNT: 55
2025-08-23 13:29:04,841 - BATCH_COMPLETE: batch=12, successful=5, duration=25.45s
2025-08-23 13:29:04,973 - DATABASE_SAVE: 5 records saved, total_updates: 55
2025-08-23 13:29:06,974 - BATCH_START: batch=13/106, records=5
2025-08-23 13:29:12,493 - SUCCESS_COUNT: 56
2025-08-23 13:29:17,399 - SUCCESS_COUNT: 57
2025-08-23 13:29:22,452 - SUCCESS_COUNT: 58
2025-08-23 13:29:27,295 - SUCCESS_COUNT: 59
2025-08-23 13:29:32,346 - SUCCESS_COUNT: 60
2025-08-23 13:29:32,350 - BATCH_COMPLETE: batch=13, successful=5, duration=25.38s
2025-08-23 13:29:32,482 - DATABASE_SAVE: 5 records saved, total_updates: 60
2025-08-23 13:29:34,483 - BATCH_START: batch=14/106, records=5
2025-08-23 13:29:39,977 - SUCCESS_COUNT: 61
2025-08-23 13:29:44,671 - SUCCESS_COUNT: 62
2025-08-23 13:29:49,854 - SUCCESS_COUNT: 63
2025-08-23 13:29:54,608 - SUCCESS_COUNT: 64
2025-08-23 13:29:59,558 - SUCCESS_COUNT: 65
2025-08-23 13:29:59,561 - BATCH_COMPLETE: batch=14, successful=5, duration=25.08s
2025-08-23 13:29:59,694 - DATABASE_SAVE: 5 records saved, total_updates: 65
2025-08-23 13:30:01,694 - BATCH_START: batch=15/106, records=5
2025-08-23 13:30:07,262 - SUCCESS_COUNT: 66
2025-08-23 13:30:12,383 - SUCCESS_COUNT: 67
2025-08-23 13:30:17,465 - SUCCESS_COUNT: 68
2025-08-23 13:30:22,423 - SUCCESS_COUNT: 69
2025-08-23 13:30:27,508 - SUCCESS_COUNT: 70
2025-08-23 13:30:27,513 - BATCH_COMPLETE: batch=15, successful=5, duration=25.82s
2025-08-23 13:30:27,645 - DATABASE_SAVE: 5 records saved, total_updates: 70
2025-08-23 13:30:27,648 - PROGRESS_SUMMARY: batch=15/106, success=70, failures=5, db_updates=70
2025-08-23 13:30:29,648 - BATCH_START: batch=16/106, records=5
2025-08-23 13:30:34,981 - SUCCESS_COUNT: 71
2025-08-23 13:30:39,894 - SUCCESS_COUNT: 72
2025-08-23 13:30:45,035 - SUCCESS_COUNT: 73
2025-08-23 13:30:50,200 - FAILURE_COUNT: 6
2025-08-23 13:30:55,140 - SUCCESS_COUNT: 74
2025-08-23 13:30:55,145 - BATCH_COMPLETE: batch=16, successful=4, duration=25.50s
2025-08-23 13:30:57,145 - BATCH_START: batch=17/106, records=5
2025-08-23 13:31:02,632 - SUCCESS_COUNT: 75
2025-08-23 13:31:07,562 - SUCCESS_COUNT: 76
2025-08-23 13:31:12,571 - SUCCESS_COUNT: 77
2025-08-23 13:31:17,585 - SUCCESS_COUNT: 78
2025-08-23 13:31:22,376 - SUCCESS_COUNT: 79
2025-08-23 13:31:22,381 - BATCH_COMPLETE: batch=17, successful=5, duration=25.24s
2025-08-23 13:31:22,518 - DATABASE_SAVE: 9 records saved, total_updates: 79
2025-08-23 13:31:24,519 - BATCH_START: batch=18/106, records=5
2025-08-23 13:31:29,838 - SUCCESS_COUNT: 80
2025-08-23 13:31:35,014 - SUCCESS_COUNT: 81
2025-08-23 13:31:40,280 - SUCCESS_COUNT: 82
2025-08-23 13:31:45,594 - SUCCESS_COUNT: 83
2025-08-23 13:31:50,557 - SUCCESS_COUNT: 84
2025-08-23 13:31:50,562 - BATCH_COMPLETE: batch=18, successful=5, duration=26.04s
2025-08-23 13:31:50,696 - DATABASE_SAVE: 5 records saved, total_updates: 84
2025-08-23 13:31:52,697 - BATCH_START: batch=19/106, records=5
2025-08-23 13:31:58,050 - SUCCESS_COUNT: 85
2025-08-23 13:32:03,213 - SUCCESS_COUNT: 86
2025-08-23 13:32:08,162 - FAILURE_COUNT: 7
2025-08-23 13:32:13,575 - FAILURE_COUNT: 8
2025-08-23 13:32:18,474 - SUCCESS_COUNT: 87
2025-08-23 13:32:18,479 - BATCH_COMPLETE: batch=19, successful=3, duration=25.78s
2025-08-23 13:32:20,480 - BATCH_START: batch=20/106, records=5
2025-08-23 13:32:25,744 - SUCCESS_COUNT: 88
2025-08-23 13:32:30,685 - SUCCESS_COUNT: 89
2025-08-23 13:32:35,523 - SUCCESS_COUNT: 90
2025-08-23 13:32:40,701 - SUCCESS_COUNT: 91
2025-08-23 13:32:45,281 - SUCCESS_COUNT: 92
2025-08-23 13:32:45,285 - BATCH_COMPLETE: batch=20, successful=5, duration=24.80s
2025-08-23 13:32:45,422 - DATABASE_SAVE: 8 records saved, total_updates: 92
2025-08-23 13:32:45,424 - PROGRESS_SUMMARY: batch=20/106, success=92, failures=8, db_updates=92
2025-08-23 13:32:47,425 - BATCH_START: batch=21/106, records=5
2025-08-23 13:32:52,728 - SUCCESS_COUNT: 93
2025-08-23 13:32:58,004 - SUCCESS_COUNT: 94
2025-08-23 13:33:03,423 - FAILURE_COUNT: 9
2025-08-23 13:33:08,479 - SUCCESS_COUNT: 95
2025-08-23 13:33:13,550 - SUCCESS_COUNT: 96
2025-08-23 13:33:13,556 - BATCH_COMPLETE: batch=21, successful=4, duration=26.13s
2025-08-23 13:33:15,556 - BATCH_START: batch=22/106, records=5
2025-08-23 13:33:20,843 - SUCCESS_COUNT: 97
2025-08-23 13:33:25,832 - SUCCESS_COUNT: 98
2025-08-23 13:33:30,936 - FAILURE_COUNT: 10
2025-08-23 13:33:35,862 - SUCCESS_COUNT: 99
2025-08-23 13:33:41,029 - SUCCESS_COUNT: 100
2025-08-23 13:33:41,034 - BATCH_COMPLETE: batch=22, successful=4, duration=25.48s
2025-08-23 13:33:41,173 - DATABASE_SAVE: 8 records saved, total_updates: 100
2025-08-23 13:33:43,174 - BATCH_START: batch=23/106, records=5
2025-08-23 13:33:48,459 - SUCCESS_COUNT: 101
2025-08-23 13:33:53,694 - SUCCESS_COUNT: 102
2025-08-23 13:33:58,771 - SUCCESS_COUNT: 103
2025-08-23 13:34:03,902 - FAILURE_COUNT: 11
2025-08-23 13:34:09,012 - SUCCESS_COUNT: 104
2025-08-23 13:34:09,019 - BATCH_COMPLETE: batch=23, successful=4, duration=25.84s
2025-08-23 13:34:11,019 - BATCH_START: batch=24/106, records=5
2025-08-23 13:34:16,154 - SUCCESS_COUNT: 105
2025-08-23 13:34:20,994 - SUCCESS_COUNT: 106
2025-08-23 13:34:25,880 - FAILURE_COUNT: 12
2025-08-23 13:34:30,730 - SUCCESS_COUNT: 107
2025-08-23 13:34:35,564 - SUCCESS_COUNT: 108
2025-08-23 13:34:35,570 - BATCH_COMPLETE: batch=24, successful=4, duration=24.55s
2025-08-23 13:34:35,706 - DATABASE_SAVE: 8 records saved, total_updates: 108
2025-08-23 13:34:37,707 - BATCH_START: batch=25/106, records=5
2025-08-23 13:34:42,924 - SUCCESS_COUNT: 109
2025-08-23 13:34:48,172 - SUCCESS_COUNT: 110
2025-08-23 13:34:53,062 - SUCCESS_COUNT: 111
2025-08-23 13:34:58,252 - SUCCESS_COUNT: 112
2025-08-23 13:35:03,282 - SUCCESS_COUNT: 113
2025-08-23 13:35:03,287 - BATCH_COMPLETE: batch=25, successful=5, duration=25.58s
2025-08-23 13:35:03,424 - DATABASE_SAVE: 5 records saved, total_updates: 113
2025-08-23 13:35:03,426 - PROGRESS_SUMMARY: batch=25/106, success=113, failures=12, db_updates=113
2025-08-23 13:35:05,427 - BATCH_START: batch=26/106, records=5
2025-08-23 13:35:10,810 - SUCCESS_COUNT: 114
2025-08-23 13:35:15,718 - FAILURE_COUNT: 13
2025-08-23 13:35:20,900 - SUCCESS_COUNT: 115
2025-08-23 13:35:26,100 - FAILURE_COUNT: 14
2025-08-23 13:35:31,123 - SUCCESS_COUNT: 116
2025-08-23 13:35:31,129 - BATCH_COMPLETE: batch=26, successful=3, duration=25.70s
2025-08-23 13:35:33,130 - BATCH_START: batch=27/106, records=5
2025-08-23 13:35:38,606 - FAILURE_COUNT: 15
2025-08-23 13:35:43,631 - SUCCESS_COUNT: 117
2025-08-23 13:35:49,135 - SUCCESS_COUNT: 118
2025-08-23 13:35:54,240 - SUCCESS_COUNT: 119
2025-08-23 13:35:59,208 - SUCCESS_COUNT: 120
2025-08-23 13:35:59,215 - BATCH_COMPLETE: batch=27, successful=4, duration=26.08s
2025-08-23 13:35:59,352 - DATABASE_SAVE: 7 records saved, total_updates: 120
2025-08-23 13:36:01,353 - BATCH_START: batch=28/106, records=5
2025-08-23 13:36:06,886 - SUCCESS_COUNT: 121
2025-08-23 13:36:11,735 - SUCCESS_COUNT: 122
2025-08-23 13:36:16,830 - SUCCESS_COUNT: 123
2025-08-23 13:36:21,699 - SUCCESS_COUNT: 124
2025-08-23 13:36:26,732 - SUCCESS_COUNT: 125
2025-08-23 13:36:26,739 - BATCH_COMPLETE: batch=28, successful=5, duration=25.38s
2025-08-23 13:36:26,875 - DATABASE_SAVE: 5 records saved, total_updates: 125
2025-08-23 13:36:28,876 - BATCH_START: batch=29/106, records=5
2025-08-23 13:36:34,342 - FAILURE_COUNT: 16
2025-08-23 13:36:39,373 - SUCCESS_COUNT: 126
2025-08-23 13:36:44,306 - SUCCESS_COUNT: 127
2025-08-23 13:36:49,486 - SUCCESS_COUNT: 128
2025-08-23 13:36:54,617 - SUCCESS_COUNT: 129
2025-08-23 13:36:54,624 - BATCH_COMPLETE: batch=29, successful=4, duration=25.75s
2025-08-23 13:36:56,625 - BATCH_START: batch=30/106, records=5
2025-08-23 13:37:01,768 - SUCCESS_COUNT: 130
2025-08-23 13:37:06,894 - SUCCESS_COUNT: 131
2025-08-23 13:37:11,850 - SUCCESS_COUNT: 132
2025-08-23 13:37:16,829 - SUCCESS_COUNT: 133
2025-08-23 13:37:21,835 - SUCCESS_COUNT: 134
2025-08-23 13:37:21,843 - BATCH_COMPLETE: batch=30, successful=5, duration=25.22s
2025-08-23 13:37:21,983 - DATABASE_SAVE: 9 records saved, total_updates: 134
2025-08-23 13:37:21,984 - PROGRESS_SUMMARY: batch=30/106, success=134, failures=16, db_updates=134
2025-08-23 13:37:23,985 - BATCH_START: batch=31/106, records=5
2025-08-23 13:37:29,602 - SUCCESS_COUNT: 135
2025-08-23 13:37:34,323 - SUCCESS_COUNT: 136
2025-08-23 13:37:39,497 - SUCCESS_COUNT: 137
2025-08-23 13:37:44,416 - SUCCESS_COUNT: 138
2025-08-23 13:37:49,403 - SUCCESS_COUNT: 139
2025-08-23 13:37:49,411 - BATCH_COMPLETE: batch=31, successful=5, duration=25.43s
2025-08-23 13:37:49,549 - DATABASE_SAVE: 5 records saved, total_updates: 139
2025-08-23 13:37:51,550 - BATCH_START: batch=32/106, records=5
2025-08-23 13:37:56,965 - SUCCESS_COUNT: 140
2025-08-23 13:38:01,909 - SUCCESS_COUNT: 141
2025-08-23 13:38:06,767 - SUCCESS_COUNT: 142
2025-08-23 13:38:11,706 - SUCCESS_COUNT: 143
2025-08-23 13:38:16,757 - SUCCESS_COUNT: 144
2025-08-23 13:38:16,764 - BATCH_COMPLETE: batch=32, successful=5, duration=25.21s
2025-08-23 13:38:16,900 - DATABASE_SAVE: 5 records saved, total_updates: 144
2025-08-23 13:38:18,901 - BATCH_START: batch=33/106, records=5
2025-08-23 13:38:24,483 - SUCCESS_COUNT: 145
2025-08-23 13:38:29,502 - SUCCESS_COUNT: 146
2025-08-23 13:38:34,706 - SUCCESS_COUNT: 147
2025-08-23 13:38:39,648 - SUCCESS_COUNT: 148
2025-08-23 13:38:44,612 - SUCCESS_COUNT: 149
2025-08-23 13:38:44,620 - BATCH_COMPLETE: batch=33, successful=5, duration=25.72s
2025-08-23 13:38:44,758 - DATABASE_SAVE: 5 records saved, total_updates: 149
2025-08-23 13:38:46,758 - BATCH_START: batch=34/106, records=5
2025-08-23 13:38:52,014 - SUCCESS_COUNT: 150
2025-08-23 13:38:57,142 - SUCCESS_COUNT: 151
2025-08-23 13:39:01,949 - SUCCESS_COUNT: 152
2025-08-23 13:39:06,947 - SUCCESS_COUNT: 153
2025-08-23 13:39:11,880 - SUCCESS_COUNT: 154
2025-08-23 13:39:11,886 - BATCH_COMPLETE: batch=34, successful=5, duration=25.13s
2025-08-23 13:39:12,020 - DATABASE_SAVE: 5 records saved, total_updates: 154
2025-08-23 13:39:14,020 - BATCH_START: batch=35/106, records=5
2025-08-23 13:39:19,262 - SUCCESS_COUNT: 155
2025-08-23 13:39:24,048 - SUCCESS_COUNT: 156
2025-08-23 13:39:29,045 - SUCCESS_COUNT: 157
2025-08-23 13:39:34,016 - SUCCESS_COUNT: 158
2025-08-23 13:39:39,498 - SUCCESS_COUNT: 159
2025-08-23 13:39:39,506 - BATCH_COMPLETE: batch=35, successful=5, duration=25.48s
2025-08-23 13:39:39,643 - DATABASE_SAVE: 5 records saved, total_updates: 159
2025-08-23 13:39:39,646 - PROGRESS_SUMMARY: batch=35/106, success=159, failures=16, db_updates=159
2025-08-23 13:39:41,646 - BATCH_START: batch=36/106, records=5
2025-08-23 13:39:47,086 - SUCCESS_COUNT: 160
2025-08-23 13:39:51,928 - SUCCESS_COUNT: 161
2025-08-23 13:39:56,892 - SUCCESS_COUNT: 162
2025-08-23 13:40:02,021 - SUCCESS_COUNT: 163
2025-08-23 13:40:07,434 - SUCCESS_COUNT: 164
2025-08-23 13:40:07,441 - BATCH_COMPLETE: batch=36, successful=5, duration=25.79s
2025-08-23 13:40:07,576 - DATABASE_SAVE: 5 records saved, total_updates: 164
2025-08-23 13:40:09,577 - BATCH_START: batch=37/106, records=5
2025-08-23 13:40:14,943 - SUCCESS_COUNT: 165
2025-08-23 13:40:19,978 - SUCCESS_COUNT: 166
2025-08-23 13:40:25,183 - SUCCESS_COUNT: 167
2025-08-23 13:40:30,032 - SUCCESS_COUNT: 168
2025-08-23 13:40:34,930 - SUCCESS_COUNT: 169
2025-08-23 13:40:34,936 - BATCH_COMPLETE: batch=37, successful=5, duration=25.36s
2025-08-23 13:40:35,068 - DATABASE_SAVE: 5 records saved, total_updates: 169
2025-08-23 13:40:37,068 - BATCH_START: batch=38/106, records=5
2025-08-23 13:40:42,389 - SUCCESS_COUNT: 170
2025-08-23 13:40:47,259 - SUCCESS_COUNT: 171
2025-08-23 13:40:52,212 - SUCCESS_COUNT: 172
2025-08-23 13:40:57,062 - SUCCESS_COUNT: 173
2025-08-23 13:41:02,193 - SUCCESS_COUNT: 174
2025-08-23 13:41:02,201 - BATCH_COMPLETE: batch=38, successful=5, duration=25.13s
2025-08-23 13:41:02,339 - DATABASE_SAVE: 5 records saved, total_updates: 174
2025-08-23 13:41:04,339 - BATCH_START: batch=39/106, records=5
2025-08-23 13:41:09,690 - SUCCESS_COUNT: 175
2025-08-23 13:41:14,671 - SUCCESS_COUNT: 176
2025-08-23 13:41:19,695 - SUCCESS_COUNT: 177
2025-08-23 13:41:24,559 - SUCCESS_COUNT: 178
2025-08-23 13:41:29,573 - SUCCESS_COUNT: 179
2025-08-23 13:41:29,581 - BATCH_COMPLETE: batch=39, successful=5, duration=25.24s
2025-08-23 13:41:29,719 - DATABASE_SAVE: 5 records saved, total_updates: 179
2025-08-23 13:41:31,720 - BATCH_START: batch=40/106, records=5
2025-08-23 13:41:37,027 - SUCCESS_COUNT: 180
2025-08-23 13:41:42,248 - SUCCESS_COUNT: 181
2025-08-23 13:41:47,205 - SUCCESS_COUNT: 182
2025-08-23 13:41:52,273 - SUCCESS_COUNT: 183
2025-08-23 13:41:57,297 - SUCCESS_COUNT: 184
2025-08-23 13:41:57,305 - BATCH_COMPLETE: batch=40, successful=5, duration=25.58s
2025-08-23 13:41:57,444 - DATABASE_SAVE: 5 records saved, total_updates: 184
2025-08-23 13:41:57,446 - PROGRESS_SUMMARY: batch=40/106, success=184, failures=16, db_updates=184
2025-08-23 13:41:59,446 - BATCH_START: batch=41/106, records=5
2025-08-23 13:42:04,807 - SUCCESS_COUNT: 185
2025-08-23 13:42:09,787 - SUCCESS_COUNT: 186
2025-08-23 13:42:14,670 - SUCCESS_COUNT: 187
2025-08-23 13:42:19,794 - SUCCESS_COUNT: 188
2025-08-23 13:42:24,902 - FAILURE_COUNT: 17
2025-08-23 13:42:24,903 - BATCH_COMPLETE: batch=41, successful=4, duration=25.46s
2025-08-23 13:42:26,903 - BATCH_START: batch=42/106, records=5
2025-08-23 13:42:32,248 - SUCCESS_COUNT: 189
2025-08-23 13:42:37,239 - SUCCESS_COUNT: 190
2025-08-23 13:42:42,391 - SUCCESS_COUNT: 191
2025-08-23 13:42:47,518 - FAILURE_COUNT: 18
2025-08-23 13:42:52,422 - SUCCESS_COUNT: 192
2025-08-23 13:42:52,432 - BATCH_COMPLETE: batch=42, successful=4, duration=25.53s
2025-08-23 13:42:52,573 - DATABASE_SAVE: 8 records saved, total_updates: 192
2025-08-23 13:42:54,574 - BATCH_START: batch=43/106, records=5
2025-08-23 13:43:00,012 - SUCCESS_COUNT: 193
2025-08-23 13:43:05,096 - SUCCESS_COUNT: 194
2025-08-23 13:43:10,042 - SUCCESS_COUNT: 195
2025-08-23 13:43:14,881 - SUCCESS_COUNT: 196
2025-08-23 13:43:19,684 - SUCCESS_COUNT: 197
2025-08-23 13:43:19,693 - BATCH_COMPLETE: batch=43, successful=5, duration=25.12s
2025-08-23 13:43:19,834 - DATABASE_SAVE: 5 records saved, total_updates: 197
2025-08-23 13:43:21,834 - BATCH_START: batch=44/106, records=5
2025-08-23 13:43:27,104 - SUCCESS_COUNT: 198
2025-08-23 13:43:32,132 - SUCCESS_COUNT: 199
2025-08-23 13:43:37,150 - SUCCESS_COUNT: 200
2025-08-23 13:43:42,129 - SUCCESS_COUNT: 201
2025-08-23 13:43:47,253 - SUCCESS_COUNT: 202
2025-08-23 13:43:47,260 - BATCH_COMPLETE: batch=44, successful=5, duration=25.43s
2025-08-23 13:43:47,397 - DATABASE_SAVE: 5 records saved, total_updates: 202
2025-08-23 13:43:49,397 - BATCH_START: batch=45/106, records=5
2025-08-23 13:43:55,102 - SUCCESS_COUNT: 203
2025-08-23 13:44:00,165 - SUCCESS_COUNT: 204
2025-08-23 13:44:05,081 - SUCCESS_COUNT: 205
2025-08-23 13:44:10,131 - SUCCESS_COUNT: 206
2025-08-23 13:44:15,029 - SUCCESS_COUNT: 207
2025-08-23 13:44:15,036 - BATCH_COMPLETE: batch=45, successful=5, duration=25.64s
2025-08-23 13:44:15,176 - DATABASE_SAVE: 5 records saved, total_updates: 207
2025-08-23 13:44:15,179 - PROGRESS_SUMMARY: batch=45/106, success=207, failures=18, db_updates=207
2025-08-23 13:44:17,179 - BATCH_START: batch=46/106, records=5
2025-08-23 13:44:22,436 - SUCCESS_COUNT: 208
2025-08-23 13:44:27,408 - SUCCESS_COUNT: 209
2025-08-23 13:44:32,224 - SUCCESS_COUNT: 210
2025-08-23 13:44:37,238 - SUCCESS_COUNT: 211
2025-08-23 13:44:42,136 - SUCCESS_COUNT: 212
2025-08-23 13:44:42,145 - BATCH_COMPLETE: batch=46, successful=5, duration=24.97s
2025-08-23 13:44:42,285 - DATABASE_SAVE: 5 records saved, total_updates: 212
2025-08-23 13:44:44,286 - BATCH_START: batch=47/106, records=5
2025-08-23 13:44:49,647 - SUCCESS_COUNT: 213
2025-08-23 13:44:54,766 - SUCCESS_COUNT: 214
2025-08-23 13:44:59,519 - SUCCESS_COUNT: 215
2025-08-23 13:45:04,409 - SUCCESS_COUNT: 216
2025-08-23 13:45:09,304 - FAILURE_COUNT: 19
2025-08-23 13:45:09,306 - BATCH_COMPLETE: batch=47, successful=4, duration=25.02s
2025-08-23 13:45:11,306 - BATCH_START: batch=48/106, records=5
2025-08-23 13:45:16,560 - SUCCESS_COUNT: 217
2025-08-23 13:45:21,493 - SUCCESS_COUNT: 218
2025-08-23 13:45:26,428 - SUCCESS_COUNT: 219
2025-08-23 13:45:31,438 - SUCCESS_COUNT: 220
2025-08-23 13:45:36,453 - SUCCESS_COUNT: 221
2025-08-23 13:45:36,462 - BATCH_COMPLETE: batch=48, successful=5, duration=25.16s
2025-08-23 13:45:36,604 - DATABASE_SAVE: 9 records saved, total_updates: 221
2025-08-23 13:45:38,604 - BATCH_START: batch=49/106, records=5
2025-08-23 13:45:44,046 - FAILURE_COUNT: 20
2025-08-23 13:45:49,221 - SUCCESS_COUNT: 222
2025-08-23 13:45:54,248 - SUCCESS_COUNT: 223
2025-08-23 13:45:59,253 - SUCCESS_COUNT: 224
2025-08-23 13:46:04,230 - SUCCESS_COUNT: 225
2025-08-23 13:46:04,240 - BATCH_COMPLETE: batch=49, successful=4, duration=25.63s
2025-08-23 13:46:06,240 - BATCH_START: batch=50/106, records=5
2025-08-23 13:46:11,550 - SUCCESS_COUNT: 226
2025-08-23 13:46:16,406 - SUCCESS_COUNT: 227
2025-08-23 13:46:21,410 - SUCCESS_COUNT: 228
2025-08-23 13:46:26,544 - SUCCESS_COUNT: 229
2025-08-23 13:46:31,465 - SUCCESS_COUNT: 230
2025-08-23 13:46:31,475 - BATCH_COMPLETE: batch=50, successful=5, duration=25.23s
2025-08-23 13:46:31,619 - DATABASE_SAVE: 9 records saved, total_updates: 230
2025-08-23 13:46:31,621 - PROGRESS_SUMMARY: batch=50/106, success=230, failures=20, db_updates=230
2025-08-23 13:46:33,622 - BATCH_START: batch=51/106, records=5
2025-08-23 13:46:38,983 - SUCCESS_COUNT: 231
2025-08-23 13:46:44,312 - SUCCESS_COUNT: 232
2025-08-23 13:46:49,265 - SUCCESS_COUNT: 233
2025-08-23 13:46:54,122 - SUCCESS_COUNT: 234
2025-08-23 13:46:59,167 - SUCCESS_COUNT: 235
2025-08-23 13:46:59,177 - BATCH_COMPLETE: batch=51, successful=5, duration=25.55s
2025-08-23 13:46:59,314 - DATABASE_SAVE: 5 records saved, total_updates: 235
2025-08-23 13:47:01,314 - BATCH_START: batch=52/106, records=5
2025-08-23 13:47:06,666 - SUCCESS_COUNT: 236
2025-08-23 13:47:11,901 - SUCCESS_COUNT: 237
2025-08-23 13:47:16,998 - FAILURE_COUNT: 21
2025-08-23 13:47:21,987 - SUCCESS_COUNT: 238
2025-08-23 13:47:27,017 - SUCCESS_COUNT: 239
2025-08-23 13:47:27,028 - BATCH_COMPLETE: batch=52, successful=4, duration=25.71s
2025-08-23 13:47:29,028 - BATCH_START: batch=53/106, records=5
2025-08-23 13:47:34,308 - SUCCESS_COUNT: 240
2025-08-23 13:47:39,235 - SUCCESS_COUNT: 241
2025-08-23 13:47:44,320 - SUCCESS_COUNT: 242
2025-08-23 13:47:49,399 - SUCCESS_COUNT: 243
2025-08-23 13:47:54,294 - SUCCESS_COUNT: 244
2025-08-23 13:47:54,303 - BATCH_COMPLETE: batch=53, successful=5, duration=25.28s
2025-08-23 13:47:54,446 - DATABASE_SAVE: 9 records saved, total_updates: 244
2025-08-23 13:47:56,447 - BATCH_START: batch=54/106, records=5
2025-08-23 13:48:01,976 - SUCCESS_COUNT: 245
2025-08-23 13:48:06,976 - SUCCESS_COUNT: 246
2025-08-23 13:48:11,885 - SUCCESS_COUNT: 247
2025-08-23 13:48:16,891 - SUCCESS_COUNT: 248
2025-08-23 13:48:21,520 - SUCCESS_COUNT: 249
2025-08-23 13:48:21,530 - BATCH_COMPLETE: batch=54, successful=5, duration=25.08s
2025-08-23 13:48:21,670 - DATABASE_SAVE: 5 records saved, total_updates: 249
2025-08-23 13:48:23,671 - BATCH_START: batch=55/106, records=5
2025-08-23 13:48:28,846 - SUCCESS_COUNT: 250
2025-08-23 13:48:33,699 - SUCCESS_COUNT: 251
2025-08-23 13:48:38,823 - SUCCESS_COUNT: 252
2025-08-23 13:48:43,731 - SUCCESS_COUNT: 253
2025-08-23 13:48:48,751 - SUCCESS_COUNT: 254
2025-08-23 13:48:48,762 - BATCH_COMPLETE: batch=55, successful=5, duration=25.09s
2025-08-23 13:48:48,902 - DATABASE_SAVE: 5 records saved, total_updates: 254
2025-08-23 13:48:48,904 - PROGRESS_SUMMARY: batch=55/106, success=254, failures=21, db_updates=254
2025-08-23 13:48:50,913 - BATCH_START: batch=56/106, records=5
2025-08-23 13:48:56,711 - SUCCESS_COUNT: 255
2025-08-23 13:49:02,191 - SUCCESS_COUNT: 256
2025-08-23 13:49:07,489 - SUCCESS_COUNT: 257
2025-08-23 13:49:12,536 - SUCCESS_COUNT: 258
2025-08-23 13:49:17,544 - SUCCESS_COUNT: 259
2025-08-23 13:49:17,554 - BATCH_COMPLETE: batch=56, successful=5, duration=26.64s
2025-08-23 13:49:17,698 - DATABASE_SAVE: 5 records saved, total_updates: 259
2025-08-23 13:49:19,699 - BATCH_START: batch=57/106, records=5
2025-08-23 13:49:24,906 - SUCCESS_COUNT: 260
2025-08-23 13:49:29,707 - SUCCESS_COUNT: 261
2025-08-23 13:49:34,991 - SUCCESS_COUNT: 262
2025-08-23 13:49:40,000 - SUCCESS_COUNT: 263
2025-08-23 13:49:44,937 - SUCCESS_COUNT: 264
2025-08-23 13:49:44,947 - BATCH_COMPLETE: batch=57, successful=5, duration=25.25s
2025-08-23 13:49:45,089 - DATABASE_SAVE: 5 records saved, total_updates: 264
2025-08-23 13:49:47,090 - BATCH_START: batch=58/106, records=5
2025-08-23 13:49:52,516 - SUCCESS_COUNT: 265
2025-08-23 13:49:57,839 - SUCCESS_COUNT: 266
2025-08-23 13:50:02,915 - SUCCESS_COUNT: 267
2025-08-23 13:50:07,955 - SUCCESS_COUNT: 268
2025-08-23 13:50:13,544 - SUCCESS_COUNT: 269
2025-08-23 13:50:13,555 - BATCH_COMPLETE: batch=58, successful=5, duration=26.46s
2025-08-23 13:50:13,697 - DATABASE_SAVE: 5 records saved, total_updates: 269
2025-08-23 13:50:15,698 - BATCH_START: batch=59/106, records=5
2025-08-23 13:50:21,407 - SUCCESS_COUNT: 270
2025-08-23 13:50:26,337 - SUCCESS_COUNT: 271
2025-08-23 13:50:31,469 - SUCCESS_COUNT: 272
2025-08-23 13:50:36,771 - SUCCESS_COUNT: 273
2025-08-23 13:50:41,711 - SUCCESS_COUNT: 274
2025-08-23 13:50:41,722 - BATCH_COMPLETE: batch=59, successful=5, duration=26.02s
2025-08-23 13:50:41,862 - DATABASE_SAVE: 5 records saved, total_updates: 274
2025-08-23 13:50:43,863 - BATCH_START: batch=60/106, records=5
2025-08-23 13:50:49,158 - SUCCESS_COUNT: 275
2025-08-23 13:50:54,222 - FAILURE_COUNT: 22
2025-08-23 13:50:58,990 - SUCCESS_COUNT: 276
2025-08-23 13:51:03,872 - SUCCESS_COUNT: 277
2025-08-23 13:51:08,769 - SUCCESS_COUNT: 278
2025-08-23 13:51:08,780 - BATCH_COMPLETE: batch=60, successful=4, duration=24.92s
2025-08-23 13:51:08,782 - PROGRESS_SUMMARY: batch=60/106, success=278, failures=22, db_updates=274
2025-08-23 13:51:10,783 - BATCH_START: batch=61/106, records=5
2025-08-23 13:51:16,533 - SUCCESS_COUNT: 279
2025-08-23 13:51:21,611 - SUCCESS_COUNT: 280
2025-08-23 13:51:26,655 - SUCCESS_COUNT: 281
2025-08-23 13:51:31,637 - SUCCESS_COUNT: 282
2025-08-23 13:51:36,672 - SUCCESS_COUNT: 283
2025-08-23 13:51:36,683 - BATCH_COMPLETE: batch=61, successful=5, duration=25.90s
2025-08-23 13:51:36,828 - DATABASE_SAVE: 9 records saved, total_updates: 283
2025-08-23 13:51:38,829 - BATCH_START: batch=62/106, records=5
2025-08-23 13:51:44,164 - SUCCESS_COUNT: 284
2025-08-23 13:51:49,259 - SUCCESS_COUNT: 285
2025-08-23 13:51:54,161 - SUCCESS_COUNT: 286
2025-08-23 13:51:59,346 - SUCCESS_COUNT: 287
2025-08-23 13:52:04,328 - SUCCESS_COUNT: 288
2025-08-23 13:52:04,339 - BATCH_COMPLETE: batch=62, successful=5, duration=25.51s
2025-08-23 13:52:04,482 - DATABASE_SAVE: 5 records saved, total_updates: 288
2025-08-23 13:52:06,483 - BATCH_START: batch=63/106, records=5
2025-08-23 13:52:11,782 - SUCCESS_COUNT: 289
2025-08-23 13:52:16,575 - SUCCESS_COUNT: 290
2025-08-23 13:52:21,829 - SUCCESS_COUNT: 291
2025-08-23 13:52:26,989 - SUCCESS_COUNT: 292
2025-08-23 13:52:31,966 - SUCCESS_COUNT: 293
2025-08-23 13:52:31,979 - BATCH_COMPLETE: batch=63, successful=5, duration=25.50s
2025-08-23 13:52:32,116 - DATABASE_SAVE: 5 records saved, total_updates: 293
2025-08-23 13:52:34,116 - BATCH_START: batch=64/106, records=5
2025-08-23 13:52:39,451 - SUCCESS_COUNT: 294
2025-08-23 13:52:44,414 - SUCCESS_COUNT: 295
2025-08-23 13:52:49,334 - SUCCESS_COUNT: 296
2025-08-23 13:52:54,297 - SUCCESS_COUNT: 297
2025-08-23 13:52:59,636 - SUCCESS_COUNT: 298
2025-08-23 13:52:59,648 - BATCH_COMPLETE: batch=64, successful=5, duration=25.53s
2025-08-23 13:52:59,791 - DATABASE_SAVE: 5 records saved, total_updates: 298
2025-08-23 13:53:01,792 - BATCH_START: batch=65/106, records=5
2025-08-23 13:53:07,152 - SUCCESS_COUNT: 299
2025-08-23 13:53:12,378 - SUCCESS_COUNT: 300
2025-08-23 13:53:17,373 - SUCCESS_COUNT: 301
2025-08-23 13:53:22,489 - SUCCESS_COUNT: 302
2025-08-23 13:53:27,739 - SUCCESS_COUNT: 303
2025-08-23 13:53:27,752 - BATCH_COMPLETE: batch=65, successful=5, duration=25.96s
2025-08-23 13:53:27,894 - DATABASE_SAVE: 5 records saved, total_updates: 303
2025-08-23 13:53:27,896 - PROGRESS_SUMMARY: batch=65/106, success=303, failures=22, db_updates=303
2025-08-23 13:53:29,897 - BATCH_START: batch=66/106, records=5
2025-08-23 13:53:35,120 - SUCCESS_COUNT: 304
2025-08-23 13:53:40,158 - SUCCESS_COUNT: 305
2025-08-23 13:53:45,220 - SUCCESS_COUNT: 306
2025-08-23 13:53:50,540 - SUCCESS_COUNT: 307
2025-08-23 13:53:55,656 - SUCCESS_COUNT: 308
2025-08-23 13:53:55,668 - BATCH_COMPLETE: batch=66, successful=5, duration=25.77s
2025-08-23 13:53:55,813 - DATABASE_SAVE: 5 records saved, total_updates: 308
2025-08-23 13:53:57,813 - BATCH_START: batch=67/106, records=5
2025-08-23 13:54:03,149 - SUCCESS_COUNT: 309
2025-08-23 13:54:07,999 - SUCCESS_COUNT: 310
2025-08-23 13:54:12,790 - SUCCESS_COUNT: 311
2025-08-23 13:54:17,822 - SUCCESS_COUNT: 312
2025-08-23 13:54:22,728 - SUCCESS_COUNT: 313
2025-08-23 13:54:22,743 - BATCH_COMPLETE: batch=67, successful=5, duration=24.93s
2025-08-23 13:54:22,887 - DATABASE_SAVE: 5 records saved, total_updates: 313
2025-08-23 13:54:24,887 - BATCH_START: batch=68/106, records=5
2025-08-23 13:54:30,036 - SUCCESS_COUNT: 314
2025-08-23 13:54:34,983 - SUCCESS_COUNT: 315
2025-08-23 13:54:40,006 - SUCCESS_COUNT: 316
2025-08-23 13:54:45,070 - SUCCESS_COUNT: 317
2025-08-23 13:54:50,070 - SUCCESS_COUNT: 318
2025-08-23 13:54:50,082 - BATCH_COMPLETE: batch=68, successful=5, duration=25.19s
2025-08-23 13:54:50,221 - DATABASE_SAVE: 5 records saved, total_updates: 318
2025-08-23 13:54:52,222 - BATCH_START: batch=69/106, records=5
2025-08-23 13:54:57,530 - SUCCESS_COUNT: 319
2025-08-23 13:55:02,757 - SUCCESS_COUNT: 320
2025-08-23 13:55:07,688 - SUCCESS_COUNT: 321
2025-08-23 13:55:12,580 - SUCCESS_COUNT: 322
2025-08-23 13:55:17,815 - SUCCESS_COUNT: 323
2025-08-23 13:55:17,833 - BATCH_COMPLETE: batch=69, successful=5, duration=25.61s
2025-08-23 13:55:17,973 - DATABASE_SAVE: 5 records saved, total_updates: 323
2025-08-23 13:55:19,974 - BATCH_START: batch=70/106, records=5
2025-08-23 13:55:25,329 - SUCCESS_COUNT: 324
2025-08-23 13:55:30,287 - SUCCESS_COUNT: 325
2025-08-23 13:55:35,276 - SUCCESS_COUNT: 326
2025-08-23 13:55:40,392 - SUCCESS_COUNT: 327
2025-08-23 13:55:45,707 - SUCCESS_COUNT: 328
2025-08-23 13:55:45,716 - BATCH_COMPLETE: batch=70, successful=5, duration=25.74s
2025-08-23 13:55:45,856 - DATABASE_SAVE: 5 records saved, total_updates: 328
2025-08-23 13:55:45,858 - PROGRESS_SUMMARY: batch=70/106, success=328, failures=22, db_updates=328
2025-08-23 13:55:47,858 - BATCH_START: batch=71/106, records=5
2025-08-23 13:55:53,121 - SUCCESS_COUNT: 329
2025-08-23 13:55:58,165 - SUCCESS_COUNT: 330
2025-08-23 13:56:03,023 - SUCCESS_COUNT: 331
2025-08-23 13:56:08,044 - SUCCESS_COUNT: 332
2025-08-23 13:56:12,930 - SUCCESS_COUNT: 333
2025-08-23 13:56:12,945 - BATCH_COMPLETE: batch=71, successful=5, duration=25.09s
2025-08-23 13:56:13,085 - DATABASE_SAVE: 5 records saved, total_updates: 333
2025-08-23 13:56:15,085 - BATCH_START: batch=72/106, records=5
2025-08-23 13:56:20,281 - SUCCESS_COUNT: 334
2025-08-23 13:56:25,301 - SUCCESS_COUNT: 335
2025-08-23 13:56:30,346 - FAILURE_COUNT: 23
2025-08-23 13:56:35,334 - SUCCESS_COUNT: 336
2025-08-23 13:56:40,236 - SUCCESS_COUNT: 337
2025-08-23 13:56:40,253 - BATCH_COMPLETE: batch=72, successful=4, duration=25.17s
2025-08-23 13:56:42,254 - BATCH_START: batch=73/106, records=5
2025-08-23 13:56:47,393 - SUCCESS_COUNT: 338
2025-08-23 13:56:52,377 - SUCCESS_COUNT: 339
2025-08-23 13:56:57,089 - SUCCESS_COUNT: 340
2025-08-23 13:57:02,047 - SUCCESS_COUNT: 341
2025-08-23 13:57:07,030 - SUCCESS_COUNT: 342
2025-08-23 13:57:07,048 - BATCH_COMPLETE: batch=73, successful=5, duration=24.79s
2025-08-23 13:57:07,190 - DATABASE_SAVE: 9 records saved, total_updates: 342
2025-08-23 13:57:09,191 - BATCH_START: batch=74/106, records=5
2025-08-23 13:57:14,346 - SUCCESS_COUNT: 343
2025-08-23 13:57:19,130 - SUCCESS_COUNT: 344
2025-08-23 13:57:24,189 - FAILURE_COUNT: 24
2025-08-23 13:57:29,195 - SUCCESS_COUNT: 345
2025-08-23 13:57:34,054 - SUCCESS_COUNT: 346
2025-08-23 13:57:34,063 - BATCH_COMPLETE: batch=74, successful=4, duration=24.87s
2025-08-23 13:57:36,064 - BATCH_START: batch=75/106, records=5
2025-08-23 13:57:41,417 - SUCCESS_COUNT: 347
2025-08-23 13:57:46,591 - SUCCESS_COUNT: 348
2025-08-23 13:57:51,514 - SUCCESS_COUNT: 349
2025-08-23 13:57:56,585 - SUCCESS_COUNT: 350
2025-08-23 13:58:01,472 - SUCCESS_COUNT: 351
2025-08-23 13:58:01,487 - BATCH_COMPLETE: batch=75, successful=5, duration=25.42s
2025-08-23 13:58:01,628 - DATABASE_SAVE: 9 records saved, total_updates: 351
2025-08-23 13:58:01,630 - PROGRESS_SUMMARY: batch=75/106, success=351, failures=24, db_updates=351
2025-08-23 13:58:03,631 - BATCH_START: batch=76/106, records=5
2025-08-23 13:58:09,123 - SUCCESS_COUNT: 352
2025-08-23 13:58:14,325 - SUCCESS_COUNT: 353
2025-08-23 13:58:19,112 - SUCCESS_COUNT: 354
2025-08-23 13:58:24,296 - SUCCESS_COUNT: 355
2025-08-23 13:58:29,137 - SUCCESS_COUNT: 356
2025-08-23 13:58:29,152 - BATCH_COMPLETE: batch=76, successful=5, duration=25.52s
2025-08-23 13:58:29,300 - DATABASE_SAVE: 5 records saved, total_updates: 356
2025-08-23 13:58:31,301 - BATCH_START: batch=77/106, records=5
2025-08-23 13:58:36,688 - SUCCESS_COUNT: 357
2025-08-23 13:58:41,694 - SUCCESS_COUNT: 358
2025-08-23 13:58:46,804 - SUCCESS_COUNT: 359
2025-08-23 13:58:51,921 - SUCCESS_COUNT: 360
2025-08-23 13:58:57,121 - SUCCESS_COUNT: 361
2025-08-23 13:58:57,135 - BATCH_COMPLETE: batch=77, successful=5, duration=25.83s
2025-08-23 13:58:57,280 - DATABASE_SAVE: 5 records saved, total_updates: 361
2025-08-23 13:58:59,281 - BATCH_START: batch=78/106, records=5
2025-08-23 13:59:04,388 - SUCCESS_COUNT: 362
2025-08-23 13:59:09,419 - SUCCESS_COUNT: 363
2025-08-23 13:59:14,298 - SUCCESS_COUNT: 364
2025-08-23 13:59:19,371 - SUCCESS_COUNT: 365
2025-08-23 13:59:24,181 - SUCCESS_COUNT: 366
2025-08-23 13:59:24,195 - BATCH_COMPLETE: batch=78, successful=5, duration=24.91s
2025-08-23 13:59:24,334 - DATABASE_SAVE: 5 records saved, total_updates: 366
2025-08-23 13:59:26,334 - BATCH_START: batch=79/106, records=5
2025-08-23 13:59:31,817 - FAILURE_COUNT: 25
2025-08-23 13:59:36,718 - SUCCESS_COUNT: 367
2025-08-23 13:59:41,570 - SUCCESS_COUNT: 368
2025-08-23 13:59:46,488 - SUCCESS_COUNT: 369
2025-08-23 13:59:51,391 - SUCCESS_COUNT: 370
2025-08-23 13:59:51,405 - BATCH_COMPLETE: batch=79, successful=4, duration=25.07s
2025-08-23 13:59:53,406 - BATCH_START: batch=80/106, records=5
2025-08-23 13:59:58,676 - SUCCESS_COUNT: 371
2025-08-23 14:00:03,610 - SUCCESS_COUNT: 372
2025-08-23 14:00:08,659 - SUCCESS_COUNT: 373
2025-08-23 14:00:13,732 - FAILURE_COUNT: 26
2025-08-23 14:00:18,845 - SUCCESS_COUNT: 374
2025-08-23 14:00:18,860 - BATCH_COMPLETE: batch=80, successful=4, duration=25.45s
2025-08-23 14:00:19,008 - DATABASE_SAVE: 8 records saved, total_updates: 374
2025-08-23 14:00:19,010 - PROGRESS_SUMMARY: batch=80/106, success=374, failures=26, db_updates=374
2025-08-23 14:00:21,010 - BATCH_START: batch=81/106, records=5
2025-08-23 14:00:26,393 - SUCCESS_COUNT: 375
2025-08-23 14:00:31,274 - SUCCESS_COUNT: 376
2025-08-23 14:00:36,262 - SUCCESS_COUNT: 377
2025-08-23 14:00:41,152 - SUCCESS_COUNT: 378
2025-08-23 14:00:46,149 - SUCCESS_COUNT: 379
2025-08-23 14:00:46,163 - BATCH_COMPLETE: batch=81, successful=5, duration=25.15s
2025-08-23 14:00:46,309 - DATABASE_SAVE: 5 records saved, total_updates: 379
2025-08-23 14:00:48,310 - BATCH_START: batch=82/106, records=5
2025-08-23 14:00:53,578 - SUCCESS_COUNT: 380
2025-08-23 14:00:58,484 - SUCCESS_COUNT: 381
2025-08-23 14:01:03,860 - SUCCESS_COUNT: 382
2025-08-23 14:01:08,936 - SUCCESS_COUNT: 383
2025-08-23 14:01:13,867 - SUCCESS_COUNT: 384
2025-08-23 14:01:13,882 - BATCH_COMPLETE: batch=82, successful=5, duration=25.57s
2025-08-23 14:01:14,028 - DATABASE_SAVE: 5 records saved, total_updates: 384
2025-08-23 14:01:16,028 - BATCH_START: batch=83/106, records=5
2025-08-23 14:01:21,459 - SUCCESS_COUNT: 385
2025-08-23 14:01:26,617 - SUCCESS_COUNT: 386
2025-08-23 14:01:31,807 - SUCCESS_COUNT: 387
2025-08-23 14:01:36,863 - SUCCESS_COUNT: 388
2025-08-23 14:01:41,941 - SUCCESS_COUNT: 389
2025-08-23 14:01:41,956 - BATCH_COMPLETE: batch=83, successful=5, duration=25.93s
2025-08-23 14:01:42,102 - DATABASE_SAVE: 5 records saved, total_updates: 389
2025-08-23 14:01:44,103 - BATCH_START: batch=84/106, records=5
2025-08-23 14:01:49,609 - SUCCESS_COUNT: 390
2025-08-23 14:01:54,769 - FAILURE_COUNT: 27
2025-08-23 14:01:59,556 - SUCCESS_COUNT: 391
2025-08-23 14:02:04,489 - SUCCESS_COUNT: 392
2025-08-23 14:02:09,719 - SUCCESS_COUNT: 393
2025-08-23 14:02:09,738 - BATCH_COMPLETE: batch=84, successful=4, duration=25.64s
2025-08-23 14:02:11,739 - BATCH_START: batch=85/106, records=5
2025-08-23 14:02:17,070 - FAILURE_COUNT: 28
2025-08-23 14:02:21,992 - SUCCESS_COUNT: 394
2025-08-23 14:02:26,962 - SUCCESS_COUNT: 395
2025-08-23 14:02:32,072 - SUCCESS_COUNT: 396
2025-08-23 14:02:37,143 - FAILURE_COUNT: 29
2025-08-23 14:02:37,145 - BATCH_COMPLETE: batch=85, successful=3, duration=25.41s
2025-08-23 14:02:37,294 - DATABASE_SAVE: 7 records saved, total_updates: 396
2025-08-23 14:02:37,296 - PROGRESS_SUMMARY: batch=85/106, success=396, failures=29, db_updates=396
2025-08-23 14:02:39,296 - BATCH_START: batch=86/106, records=5
2025-08-23 14:02:44,575 - SUCCESS_COUNT: 397
2025-08-23 14:02:49,609 - FAILURE_COUNT: 30
2025-08-23 14:02:54,696 - SUCCESS_COUNT: 398
2025-08-23 14:02:59,673 - SUCCESS_COUNT: 399
2025-08-23 14:03:04,943 - SUCCESS_COUNT: 400
2025-08-23 14:03:04,952 - BATCH_COMPLETE: batch=86, successful=4, duration=25.66s
2025-08-23 14:03:06,953 - BATCH_START: batch=87/106, records=5
2025-08-23 14:03:12,321 - SUCCESS_COUNT: 401
2025-08-23 14:03:17,412 - SUCCESS_COUNT: 402
2025-08-23 14:03:22,495 - SUCCESS_COUNT: 403
2025-08-23 14:03:27,396 - SUCCESS_COUNT: 404
2025-08-23 14:03:32,218 - SUCCESS_COUNT: 405
2025-08-23 14:03:32,233 - BATCH_COMPLETE: batch=87, successful=5, duration=25.28s
2025-08-23 14:03:32,382 - DATABASE_SAVE: 9 records saved, total_updates: 405
2025-08-23 14:03:34,383 - BATCH_START: batch=88/106, records=5
2025-08-23 14:03:39,704 - SUCCESS_COUNT: 406
2025-08-23 14:03:44,631 - SUCCESS_COUNT: 407
2025-08-23 14:03:49,624 - SUCCESS_COUNT: 408
2025-08-23 14:03:54,582 - SUCCESS_COUNT: 409
2025-08-23 14:03:59,778 - SUCCESS_COUNT: 410
2025-08-23 14:03:59,794 - BATCH_COMPLETE: batch=88, successful=5, duration=25.41s
2025-08-23 14:03:59,941 - DATABASE_SAVE: 5 records saved, total_updates: 410
2025-08-23 14:04:01,942 - BATCH_START: batch=89/106, records=5
2025-08-23 14:04:07,193 - SUCCESS_COUNT: 411
2025-08-23 14:04:12,455 - SUCCESS_COUNT: 412
2025-08-23 14:04:17,639 - SUCCESS_COUNT: 413
2025-08-23 14:04:22,722 - SUCCESS_COUNT: 414
2025-08-23 14:04:27,742 - SUCCESS_COUNT: 415
2025-08-23 14:04:27,758 - BATCH_COMPLETE: batch=89, successful=5, duration=25.82s
2025-08-23 14:04:27,905 - DATABASE_SAVE: 5 records saved, total_updates: 415
2025-08-23 14:04:29,906 - BATCH_START: batch=90/106, records=5
2025-08-23 14:04:35,096 - SUCCESS_COUNT: 416
2025-08-23 14:04:40,068 - SUCCESS_COUNT: 417
2025-08-23 14:04:45,047 - SUCCESS_COUNT: 418
2025-08-23 14:04:50,098 - SUCCESS_COUNT: 419
2025-08-23 14:04:55,228 - SUCCESS_COUNT: 420
2025-08-23 14:04:55,249 - BATCH_COMPLETE: batch=90, successful=5, duration=25.34s
2025-08-23 14:04:55,485 - DATABASE_SAVE: 5 records saved, total_updates: 420
2025-08-23 14:04:55,487 - PROGRESS_SUMMARY: batch=90/106, success=420, failures=30, db_updates=420
2025-08-23 14:04:57,488 - BATCH_START: batch=91/106, records=5
2025-08-23 14:05:02,765 - SUCCESS_COUNT: 421
2025-08-23 14:05:07,703 - SUCCESS_COUNT: 422
2025-08-23 14:05:12,712 - SUCCESS_COUNT: 423
2025-08-23 14:05:17,678 - SUCCESS_COUNT: 424
2025-08-23 14:05:22,693 - SUCCESS_COUNT: 425
2025-08-23 14:05:22,709 - BATCH_COMPLETE: batch=91, successful=5, duration=25.22s
2025-08-23 14:05:22,857 - DATABASE_SAVE: 5 records saved, total_updates: 425
2025-08-23 14:05:24,858 - BATCH_START: batch=92/106, records=5
2025-08-23 14:05:30,274 - SUCCESS_COUNT: 426
2025-08-23 14:05:35,390 - SUCCESS_COUNT: 427
2025-08-23 14:05:40,280 - SUCCESS_COUNT: 428
2025-08-23 14:05:45,227 - SUCCESS_COUNT: 429
2025-08-23 14:05:50,320 - SUCCESS_COUNT: 430
2025-08-23 14:05:50,337 - BATCH_COMPLETE: batch=92, successful=5, duration=25.48s
2025-08-23 14:05:50,485 - DATABASE_SAVE: 5 records saved, total_updates: 430
2025-08-23 14:05:52,486 - BATCH_START: batch=93/106, records=5
2025-08-23 14:05:57,877 - SUCCESS_COUNT: 431
2025-08-23 14:06:02,736 - SUCCESS_COUNT: 432
2025-08-23 14:06:07,889 - SUCCESS_COUNT: 433
2025-08-23 14:06:12,980 - SUCCESS_COUNT: 434
2025-08-23 14:06:18,196 - SUCCESS_COUNT: 435
2025-08-23 14:06:18,212 - BATCH_COMPLETE: batch=93, successful=5, duration=25.73s
2025-08-23 14:06:18,363 - DATABASE_SAVE: 5 records saved, total_updates: 435
2025-08-23 14:06:20,364 - BATCH_START: batch=94/106, records=5
2025-08-23 14:06:25,670 - SUCCESS_COUNT: 436
2025-08-23 14:06:30,779 - SUCCESS_COUNT: 437
2025-08-23 14:06:35,824 - SUCCESS_COUNT: 438
2025-08-23 14:06:40,840 - SUCCESS_COUNT: 439
2025-08-23 14:06:45,769 - SUCCESS_COUNT: 440
2025-08-23 14:06:45,785 - BATCH_COMPLETE: batch=94, successful=5, duration=25.42s
2025-08-23 14:06:45,926 - DATABASE_SAVE: 5 records saved, total_updates: 440
2025-08-23 14:06:47,927 - BATCH_START: batch=95/106, records=5
2025-08-23 14:06:53,140 - SUCCESS_COUNT: 441
2025-08-23 14:06:58,246 - SUCCESS_COUNT: 442
2025-08-23 14:07:04,541 - SUCCESS_COUNT: 443
2025-08-23 14:07:09,534 - SUCCESS_COUNT: 444
2025-08-23 14:07:14,306 - SUCCESS_COUNT: 445
2025-08-23 14:07:14,329 - BATCH_COMPLETE: batch=95, successful=5, duration=26.40s
2025-08-23 14:07:14,478 - DATABASE_SAVE: 5 records saved, total_updates: 445
2025-08-23 14:07:14,480 - PROGRESS_SUMMARY: batch=95/106, success=445, failures=30, db_updates=445
2025-08-23 14:07:16,480 - BATCH_START: batch=96/106, records=5
2025-08-23 14:07:21,742 - SUCCESS_COUNT: 446
2025-08-23 14:07:26,889 - SUCCESS_COUNT: 447
2025-08-23 14:07:31,809 - SUCCESS_COUNT: 448
2025-08-23 14:07:36,822 - SUCCESS_COUNT: 449
2025-08-23 14:07:41,858 - SUCCESS_COUNT: 450
2025-08-23 14:07:41,872 - BATCH_COMPLETE: batch=96, successful=5, duration=25.39s
2025-08-23 14:07:42,025 - DATABASE_SAVE: 5 records saved, total_updates: 450
2025-08-23 14:07:44,026 - BATCH_START: batch=97/106, records=5
2025-08-23 14:07:49,207 - SUCCESS_COUNT: 451
2025-08-23 14:07:54,355 - SUCCESS_COUNT: 452
2025-08-23 14:07:59,274 - SUCCESS_COUNT: 453
2025-08-23 14:08:04,181 - SUCCESS_COUNT: 454
2025-08-23 14:08:09,040 - SUCCESS_COUNT: 455
2025-08-23 14:08:09,057 - BATCH_COMPLETE: batch=97, successful=5, duration=25.03s
2025-08-23 14:08:09,206 - DATABASE_SAVE: 5 records saved, total_updates: 455
2025-08-23 14:08:11,207 - BATCH_START: batch=98/106, records=5
2025-08-23 14:08:16,508 - SUCCESS_COUNT: 456
2025-08-23 14:08:21,407 - FAILURE_COUNT: 31
2025-08-23 14:08:26,318 - SUCCESS_COUNT: 457
2025-08-23 14:08:31,373 - SUCCESS_COUNT: 458
2025-08-23 14:08:36,625 - SUCCESS_COUNT: 459
2025-08-23 14:08:36,642 - BATCH_COMPLETE: batch=98, successful=4, duration=25.44s
2025-08-23 14:08:38,643 - BATCH_START: batch=99/106, records=5
2025-08-23 14:08:44,297 - SUCCESS_COUNT: 460
2025-08-23 14:08:49,297 - SUCCESS_COUNT: 461
2025-08-23 14:08:54,207 - SUCCESS_COUNT: 462
2025-08-23 14:08:59,330 - SUCCESS_COUNT: 463
2025-08-23 14:09:04,441 - SUCCESS_COUNT: 464
2025-08-23 14:09:04,458 - BATCH_COMPLETE: batch=99, successful=5, duration=25.81s
2025-08-23 14:09:04,609 - DATABASE_SAVE: 9 records saved, total_updates: 464
2025-08-23 14:09:06,610 - BATCH_START: batch=100/106, records=5
2025-08-23 14:09:11,955 - SUCCESS_COUNT: 465
2025-08-23 14:09:16,961 - SUCCESS_COUNT: 466
2025-08-23 14:09:22,066 - SUCCESS_COUNT: 467
2025-08-23 14:09:26,925 - SUCCESS_COUNT: 468
2025-08-23 14:09:32,063 - SUCCESS_COUNT: 469
2025-08-23 14:09:32,080 - BATCH_COMPLETE: batch=100, successful=5, duration=25.47s
2025-08-23 14:09:32,230 - DATABASE_SAVE: 5 records saved, total_updates: 469
2025-08-23 14:09:32,232 - PROGRESS_SUMMARY: batch=100/106, success=469, failures=31, db_updates=469
2025-08-23 14:09:34,232 - BATCH_START: batch=101/106, records=5
2025-08-23 14:09:39,843 - SUCCESS_COUNT: 470
2025-08-23 14:09:45,333 - SUCCESS_COUNT: 471
2025-08-23 14:09:50,371 - SUCCESS_COUNT: 472
2025-08-23 14:09:55,352 - SUCCESS_COUNT: 473
2025-08-23 14:10:00,341 - SUCCESS_COUNT: 474
2025-08-23 14:10:00,364 - BATCH_COMPLETE: batch=101, successful=5, duration=26.13s
2025-08-23 14:10:00,515 - DATABASE_SAVE: 5 records saved, total_updates: 474
2025-08-23 14:10:02,515 - BATCH_START: batch=102/106, records=5
2025-08-23 14:10:07,849 - SUCCESS_COUNT: 475
2025-08-23 14:10:12,888 - FAILURE_COUNT: 32
2025-08-23 14:10:17,826 - SUCCESS_COUNT: 476
2025-08-23 14:10:22,794 - SUCCESS_COUNT: 477
2025-08-23 14:10:27,746 - SUCCESS_COUNT: 478
2025-08-23 14:10:27,763 - BATCH_COMPLETE: batch=102, successful=4, duration=25.25s
2025-08-23 14:10:29,764 - BATCH_START: batch=103/106, records=5
2025-08-23 14:10:35,279 - SUCCESS_COUNT: 479
2025-08-23 14:10:40,346 - SUCCESS_COUNT: 480
2025-08-23 14:10:45,277 - SUCCESS_COUNT: 481
2025-08-23 14:10:50,183 - SUCCESS_COUNT: 482
2025-08-23 14:10:55,333 - SUCCESS_COUNT: 483
2025-08-23 14:10:55,351 - BATCH_COMPLETE: batch=103, successful=5, duration=25.59s
2025-08-23 14:10:55,504 - DATABASE_SAVE: 9 records saved, total_updates: 483
2025-08-23 14:10:57,505 - BATCH_START: batch=104/106, records=5
2025-08-23 14:11:02,759 - SUCCESS_COUNT: 484
2025-08-23 14:11:07,540 - SUCCESS_COUNT: 485
2025-08-23 14:11:12,539 - SUCCESS_COUNT: 486
2025-08-23 14:11:17,476 - SUCCESS_COUNT: 487
2025-08-23 14:11:22,421 - SUCCESS_COUNT: 488
2025-08-23 14:11:22,439 - BATCH_COMPLETE: batch=104, successful=5, duration=24.93s
2025-08-23 14:11:22,590 - DATABASE_SAVE: 5 records saved, total_updates: 488
2025-08-23 14:11:24,591 - BATCH_START: batch=105/106, records=5
2025-08-23 14:11:30,131 - SUCCESS_COUNT: 489
2025-08-23 14:11:35,266 - SUCCESS_COUNT: 490
2025-08-23 14:11:40,248 - SUCCESS_COUNT: 491
2025-08-23 14:11:45,281 - SUCCESS_COUNT: 492
2025-08-23 14:11:50,045 - SUCCESS_COUNT: 493
2025-08-23 14:11:50,064 - BATCH_COMPLETE: batch=105, successful=5, duration=25.47s
2025-08-23 14:11:50,207 - DATABASE_SAVE: 5 records saved, total_updates: 493
2025-08-23 14:11:50,208 - PROGRESS_SUMMARY: batch=105/106, success=493, failures=32, db_updates=493
2025-08-23 14:11:52,209 - BATCH_START: batch=106/106, records=2
2025-08-23 14:11:57,528 - SUCCESS_COUNT: 494
2025-08-23 14:12:02,348 - SUCCESS_COUNT: 495
2025-08-23 14:12:02,367 - BATCH_COMPLETE: batch=106, successful=2, duration=10.16s
2025-08-23 14:12:02,368 - PROGRESS_SUMMARY: batch=106/106, success=495, failures=32, db_updates=493
2025-08-23 14:12:02,518 - DATABASE_SAVE: 2 records saved, total_updates: 495
2025-08-23 14:12:07,873 - SUCCESS_COUNT: 496
2025-08-23 14:12:13,312 - SUCCESS_COUNT: 497
2025-08-23 14:12:18,705 - SUCCESS_COUNT: 498
2025-08-23 14:12:24,359 - FAILURE_COUNT: 33
2025-08-23 14:12:29,773 - SUCCESS_COUNT: 499
2025-08-23 14:12:35,005 - SUCCESS_COUNT: 500
2025-08-23 14:12:40,319 - SUCCESS_COUNT: 501
2025-08-23 14:12:46,065 - SUCCESS_COUNT: 502
2025-08-23 14:12:51,580 - SUCCESS_COUNT: 503
2025-08-23 14:12:56,965 - SUCCESS_COUNT: 504
2025-08-23 14:13:02,299 - FAILURE_COUNT: 34
2025-08-23 14:13:07,945 - SUCCESS_COUNT: 505
2025-08-23 14:13:13,342 - FAILURE_COUNT: 35
2025-08-23 14:13:18,849 - SUCCESS_COUNT: 506
2025-08-23 14:13:24,523 - FAILURE_COUNT: 36
2025-08-23 14:13:29,815 - SUCCESS_COUNT: 507
2025-08-23 14:13:35,267 - FAILURE_COUNT: 37
2025-08-23 14:13:40,816 - SUCCESS_COUNT: 508
2025-08-23 14:13:46,174 - SUCCESS_COUNT: 509
2025-08-23 14:13:51,542 - SUCCESS_COUNT: 510
2025-08-23 14:13:56,829 - SUCCESS_COUNT: 511
2025-08-23 14:14:02,022 - SUCCESS_COUNT: 512
2025-08-23 14:14:07,536 - FAILURE_COUNT: 38
2025-08-23 14:14:12,881 - SUCCESS_COUNT: 513
2025-08-23 14:14:18,364 - SUCCESS_COUNT: 514
2025-08-23 14:14:23,760 - SUCCESS_COUNT: 515
2025-08-23 14:14:29,211 - SUCCESS_COUNT: 516
2025-08-23 14:14:34,759 - FAILURE_COUNT: 39
2025-08-23 14:14:40,215 - SUCCESS_COUNT: 517
2025-08-23 14:14:45,692 - FAILURE_COUNT: 40
2025-08-23 14:14:51,271 - FAILURE_COUNT: 41
2025-08-23 14:14:56,661 - SUCCESS_COUNT: 518
2025-08-23 14:16:32,042 - FAILURE_COUNT: 42
2025-08-23 14:16:37,512 - SUCCESS_COUNT: 519
2025-08-23 14:16:42,801 - SUCCESS_COUNT: 520
2025-08-23 14:16:48,306 - FAILURE_COUNT: 43
2025-08-23 14:16:53,838 - SUCCESS_COUNT: 521
2025-08-23 14:16:59,274 - FAILURE_COUNT: 44
2025-08-23 14:17:04,858 - FAILURE_COUNT: 45
2025-08-23 14:17:10,301 - FAILURE_COUNT: 46
2025-08-23 14:17:15,488 - SUCCESS_COUNT: 522
2025-08-23 14:19:20,862 - FAILURE_COUNT: 47
2025-08-23 14:19:26,490 - FAILURE_COUNT: 48
2025-08-23 14:19:31,898 - FAILURE_COUNT: 49
2025-08-23 14:19:37,241 - FAILURE_COUNT: 50
2025-08-23 14:19:42,542 - FAILURE_COUNT: 51
2025-08-23 14:19:42,833 - DATABASE_SAVE: 27 records saved, total_updates: 522
2025-08-23 14:19:42,833 - FINAL_SUMMARY: total_updated=522, success=522, failures=51
2025-08-23 14:19:43,486 - COLLECTION_STATS: total=2000, with_content=1995, without_content=5
