2025-08-23 13:46:00,778 - COLLECTION_STATS: total=2000, with_content=1385, without_content=615
2025-08-23 13:46:02,231 - BATCH_START: total_tweets=615, batch_size=5
2025-08-23 13:46:02,233 - BATCH_START: batch=1/123, records=5
2025-08-23 13:46:07,548 - SUCCESS_COUNT: 1
2025-08-23 13:46:08,015 - SUCCESS_COUNT: 2
2025-08-23 13:46:08,204 - SUCCESS_COUNT: 3
2025-08-23 13:46:08,308 - SUCCESS_COUNT: 4
2025-08-23 13:46:08,352 - SUCCESS_COUNT: 5
2025-08-23 13:46:08,357 - BATCH_COMPLETE: batch=1, successful=5, duration=6.12s
2025-08-23 13:46:08,606 - DATABASE_SAVE: 5 records saved, total_updates: 5
2025-08-23 13:46:12,359 - BATCH_START: batch=2/123, records=5
2025-08-23 13:46:16,761 - SUCCESS_COUNT: 6
2025-08-23 13:46:18,118 - SUCCESS_COUNT: 7
2025-08-23 13:46:18,161 - SUCCESS_COUNT: 8
2025-08-23 13:46:18,264 - SUCCESS_COUNT: 9
2025-08-23 13:46:18,783 - SUCCESS_COUNT: 10
2025-08-23 13:46:18,786 - BATCH_COMPLETE: batch=2, successful=5, duration=6.43s
2025-08-23 13:46:19,034 - DATABASE_SAVE: 5 records saved, total_updates: 10
2025-08-23 13:46:22,786 - BATCH_START: batch=3/123, records=5
2025-08-23 13:46:27,556 - SUCCESS_COUNT: 11
2025-08-23 13:46:28,057 - SUCCESS_COUNT: 12
2025-08-23 13:46:28,367 - SUCCESS_COUNT: 13
2025-08-23 13:46:29,670 - SUCCESS_COUNT: 14
2025-08-23 13:46:30,538 - SUCCESS_COUNT: 15
2025-08-23 13:46:30,542 - BATCH_COMPLETE: batch=3, successful=5, duration=7.75s
2025-08-23 13:46:30,792 - DATABASE_SAVE: 5 records saved, total_updates: 15
2025-08-23 13:46:34,545 - BATCH_START: batch=4/123, records=5
2025-08-23 13:46:41,227 - SUCCESS_COUNT: 16
2025-08-23 13:47:08,172 - SUCCESS_COUNT: 17
2025-08-23 13:47:09,321 - SUCCESS_COUNT: 18
2025-08-23 13:47:09,667 - SUCCESS_COUNT: 19
2025-08-23 13:47:10,105 - SUCCESS_COUNT: 20
2025-08-23 13:47:10,112 - BATCH_COMPLETE: batch=4, successful=5, duration=35.57s
2025-08-23 13:47:10,368 - DATABASE_SAVE: 5 records saved, total_updates: 20
2025-08-23 13:47:14,121 - BATCH_START: batch=5/123, records=5
2025-08-23 13:47:19,468 - SUCCESS_COUNT: 21
2025-08-23 13:47:19,557 - SUCCESS_COUNT: 22
2025-08-23 13:47:19,612 - SUCCESS_COUNT: 23
2025-08-23 13:47:19,636 - SUCCESS_COUNT: 24
2025-08-23 13:47:19,814 - SUCCESS_COUNT: 25
2025-08-23 13:47:19,820 - BATCH_COMPLETE: batch=5, successful=5, duration=5.70s
2025-08-23 13:47:20,163 - DATABASE_SAVE: 5 records saved, total_updates: 25
2025-08-23 13:47:20,165 - PROGRESS_SUMMARY: batch=5/123, success=25, failures=0, db_updates=25
2025-08-23 13:47:23,917 - BATCH_START: batch=6/123, records=5
2025-08-23 13:47:29,672 - SUCCESS_COUNT: 26
2025-08-23 13:47:29,773 - SUCCESS_COUNT: 27
2025-08-23 13:47:30,083 - SUCCESS_COUNT: 28
2025-08-23 13:47:30,351 - SUCCESS_COUNT: 29
2025-08-23 13:47:31,142 - SUCCESS_COUNT: 30
2025-08-23 13:47:31,149 - BATCH_COMPLETE: batch=6, successful=5, duration=7.23s
2025-08-23 13:47:31,400 - DATABASE_SAVE: 5 records saved, total_updates: 30
2025-08-23 13:47:35,152 - BATCH_START: batch=7/123, records=5
2025-08-23 13:47:40,468 - SUCCESS_COUNT: 31
2025-08-23 13:47:40,969 - SUCCESS_COUNT: 32
2025-08-23 13:48:09,182 - SUCCESS_COUNT: 33
2025-08-23 13:48:09,246 - SUCCESS_COUNT: 34
2025-08-23 13:48:10,138 - SUCCESS_COUNT: 35
2025-08-23 13:48:10,145 - BATCH_COMPLETE: batch=7, successful=5, duration=34.99s
2025-08-23 13:48:10,400 - DATABASE_SAVE: 5 records saved, total_updates: 35
2025-08-23 13:48:14,151 - BATCH_START: batch=8/123, records=5
2025-08-23 13:48:18,611 - SUCCESS_COUNT: 36
2025-08-23 13:48:19,268 - SUCCESS_COUNT: 37
2025-08-23 13:48:19,623 - SUCCESS_COUNT: 38
2025-08-23 13:48:19,850 - SUCCESS_COUNT: 39
2025-08-23 13:48:20,054 - SUCCESS_COUNT: 40
2025-08-23 13:48:20,061 - BATCH_COMPLETE: batch=8, successful=5, duration=5.91s
2025-08-23 13:48:20,312 - DATABASE_SAVE: 5 records saved, total_updates: 40
2025-08-23 13:48:24,063 - BATCH_START: batch=9/123, records=5
2025-08-23 13:48:28,394 - SUCCESS_COUNT: 41
2025-08-23 13:48:28,743 - SUCCESS_COUNT: 42
2025-08-23 13:48:28,909 - SUCCESS_COUNT: 43
2025-08-23 13:48:28,911 - SUCCESS_COUNT: 44
2025-08-23 13:48:29,404 - SUCCESS_COUNT: 45
2025-08-23 13:48:29,411 - BATCH_COMPLETE: batch=9, successful=5, duration=5.35s
2025-08-23 13:48:29,665 - DATABASE_SAVE: 5 records saved, total_updates: 45
2025-08-23 13:48:33,417 - BATCH_START: batch=10/123, records=5
2025-08-23 13:49:32,429 - BATCH_COMPLETE: batch=10, successful=0, duration=59.01s
2025-08-23 13:49:32,431 - PROGRESS_SUMMARY: batch=10/123, success=45, failures=0, db_updates=45
2025-08-23 13:49:36,183 - BATCH_START: batch=11/123, records=5
2025-08-23 13:50:24,357 - BATCH_COMPLETE: batch=11, successful=0, duration=48.17s
2025-08-23 13:50:24,361 - FINAL_SUMMARY: total_updated=45, success=45, failures=0
2025-08-23 13:50:25,108 - COLLECTION_STATS: total=2000, with_content=1430, without_content=570
