2025-08-23 13:39:31,563 - COLLECTION_STATS: total=2000, with_content=1340, without_content=660
2025-08-23 13:39:32,906 - BATCH_START: total_tweets=660, batch_size=5
2025-08-23 13:39:32,909 - BATCH_START: batch=1/132, records=5
2025-08-23 13:39:37,836 - SUCCESS_COUNT: 1
2025-08-23 13:39:38,305 - SUCCESS_COUNT: 2
2025-08-23 13:39:38,787 - SUCCESS_COUNT: 3
2025-08-23 13:39:38,858 - SUCCESS_COUNT: 4
2025-08-23 13:39:39,144 - SUCCESS_COUNT: 5
2025-08-23 13:39:39,149 - BATCH_COMPLETE: batch=1, successful=5, duration=6.24s
2025-08-23 13:39:39,403 - DATABASE_SAVE: 5 records saved, total_updates: 5
2025-08-23 13:39:43,158 - BATCH_START: batch=2/132, records=5
2025-08-23 13:39:48,253 - SUCCESS_COUNT: 6
2025-08-23 13:39:48,459 - SUCCESS_COUNT: 7
2025-08-23 13:39:49,047 - SUCCESS_COUNT: 8
2025-08-23 13:39:49,166 - SUCCESS_COUNT: 9
2025-08-23 13:39:50,044 - SUCCESS_COUNT: 10
2025-08-23 13:39:50,054 - BATCH_COMPLETE: batch=2, successful=5, duration=6.89s
2025-08-23 13:39:50,307 - DATABASE_SAVE: 5 records saved, total_updates: 10
2025-08-23 13:39:54,059 - BATCH_START: batch=3/132, records=5
2025-08-23 13:39:59,379 - SUCCESS_COUNT: 11
2025-08-23 13:39:59,461 - SUCCESS_COUNT: 12
2025-08-23 13:39:59,461 - SUCCESS_COUNT: 13
2025-08-23 13:40:00,448 - SUCCESS_COUNT: 14
2025-08-23 13:40:00,477 - SUCCESS_COUNT: 15
2025-08-23 13:40:00,482 - BATCH_COMPLETE: batch=3, successful=5, duration=6.42s
2025-08-23 13:40:00,778 - DATABASE_SAVE: 5 records saved, total_updates: 15
2025-08-23 13:40:04,529 - BATCH_START: batch=4/132, records=5
2025-08-23 13:40:10,734 - SUCCESS_COUNT: 16
2025-08-23 13:40:38,953 - SUCCESS_COUNT: 17
2025-08-23 13:40:39,199 - SUCCESS_COUNT: 18
2025-08-23 13:40:39,228 - SUCCESS_COUNT: 19
2025-08-23 13:40:39,765 - SUCCESS_COUNT: 20
2025-08-23 13:40:39,774 - BATCH_COMPLETE: batch=4, successful=5, duration=35.24s
2025-08-23 13:40:40,030 - DATABASE_SAVE: 5 records saved, total_updates: 20
2025-08-23 13:40:43,782 - BATCH_START: batch=5/132, records=5
2025-08-23 13:40:48,638 - SUCCESS_COUNT: 21
2025-08-23 13:40:48,908 - SUCCESS_COUNT: 22
2025-08-23 13:40:48,910 - SUCCESS_COUNT: 23
2025-08-23 13:40:50,390 - SUCCESS_COUNT: 24
2025-08-23 13:40:50,823 - SUCCESS_COUNT: 25
2025-08-23 13:40:50,829 - BATCH_COMPLETE: batch=5, successful=5, duration=7.04s
2025-08-23 13:40:51,084 - DATABASE_SAVE: 5 records saved, total_updates: 25
2025-08-23 13:40:51,087 - PROGRESS_SUMMARY: batch=5/132, success=25, failures=0, db_updates=25
2025-08-23 13:40:54,839 - BATCH_START: batch=6/132, records=5
2025-08-23 13:41:00,146 - SUCCESS_COUNT: 26
2025-08-23 13:41:00,302 - SUCCESS_COUNT: 27
2025-08-23 13:41:00,360 - SUCCESS_COUNT: 28
2025-08-23 13:41:01,317 - SUCCESS_COUNT: 29
2025-08-23 13:41:05,367 - SUCCESS_COUNT: 30
2025-08-23 13:41:05,374 - BATCH_COMPLETE: batch=6, successful=5, duration=10.53s
2025-08-23 13:41:05,629 - DATABASE_SAVE: 5 records saved, total_updates: 30
2025-08-23 13:41:09,382 - BATCH_START: batch=7/132, records=5
2025-08-23 13:41:15,092 - SUCCESS_COUNT: 31
2025-08-23 13:41:15,125 - SUCCESS_COUNT: 32
2025-08-23 13:41:40,242 - SUCCESS_COUNT: 33
2025-08-23 13:41:41,361 - SUCCESS_COUNT: 34
2025-08-23 13:41:41,481 - SUCCESS_COUNT: 35
2025-08-23 13:41:41,494 - BATCH_COMPLETE: batch=7, successful=5, duration=32.11s
2025-08-23 13:41:41,751 - DATABASE_SAVE: 5 records saved, total_updates: 35
2025-08-23 13:41:45,504 - BATCH_START: batch=8/132, records=5
2025-08-23 13:41:50,617 - SUCCESS_COUNT: 36
2025-08-23 13:41:50,649 - SUCCESS_COUNT: 37
2025-08-23 13:41:50,962 - SUCCESS_COUNT: 38
2025-08-23 13:41:51,962 - SUCCESS_COUNT: 39
2025-08-23 13:41:52,003 - SUCCESS_COUNT: 40
2025-08-23 13:41:52,015 - BATCH_COMPLETE: batch=8, successful=5, duration=6.51s
2025-08-23 13:41:52,272 - DATABASE_SAVE: 5 records saved, total_updates: 40
2025-08-23 13:41:56,025 - BATCH_START: batch=9/132, records=5
2025-08-23 13:42:01,102 - SUCCESS_COUNT: 41
2025-08-23 13:42:01,511 - SUCCESS_COUNT: 42
2025-08-23 13:42:01,513 - SUCCESS_COUNT: 43
2025-08-23 13:42:02,072 - SUCCESS_COUNT: 44
2025-08-23 13:42:02,253 - SUCCESS_COUNT: 45
2025-08-23 13:42:02,267 - BATCH_COMPLETE: batch=9, successful=5, duration=6.24s
2025-08-23 13:42:02,544 - DATABASE_SAVE: 5 records saved, total_updates: 45
2025-08-23 13:42:06,298 - BATCH_START: batch=10/132, records=5
2025-08-23 13:42:10,869 - SUCCESS_COUNT: 46
2025-08-23 13:42:15,789 - SUCCESS_COUNT: 47
2025-08-23 13:43:00,461 - BATCH_COMPLETE: batch=10, successful=2, duration=54.16s
2025-08-23 13:43:00,464 - PROGRESS_SUMMARY: batch=10/132, success=47, failures=0, db_updates=45
2025-08-23 13:43:04,215 - BATCH_START: batch=11/132, records=5
2025-08-23 13:44:01,399 - BATCH_COMPLETE: batch=11, successful=0, duration=57.18s
2025-08-23 13:44:05,150 - BATCH_START: batch=12/132, records=5
2025-08-23 13:44:54,592 - BATCH_COMPLETE: batch=12, successful=0, duration=49.44s
2025-08-23 13:44:54,595 - FINAL_SUMMARY: total_updated=45, success=47, failures=0
2025-08-23 13:44:55,432 - COLLECTION_STATS: total=2000, with_content=1385, without_content=615
