2025-08-23 13:46:07,548 - {"tweet_id": "T508836", "username": "Holly Lee", "dominant_topic": "Account Access Problems", "text_preview": "Frustrated! My account was unexpectedly locked thi...", "sentiment": "Negative", "generation_time": 5.3103437423706055}
2025-08-23 13:46:08,014 - {"tweet_id": "T219955", "username": "Kevin Vaughn", "dominant_topic": "Local Service Quality", "text_preview": "Seeing increased customer frustration with inconsi...", "sentiment": "Negative", "generation_time": 5.779866456985474}
2025-08-23 13:46:08,203 - {"tweet_id": "T913583", "username": "John Hogan", "dominant_topic": "Regulatory Compliance Questions", "text_preview": "Navigating the evolving regulatory landscape is a ...", "sentiment": "Negative", "generation_time": 5.958909034729004}
2025-08-23 13:46:08,308 - {"tweet_id": "T962903", "username": "Lee Humphrey", "dominant_topic": "Service Improvement Acknowledged", "text_preview": "Noticed a significant improvement in mobile deposi...", "sentiment": "Neutral", "generation_time": 6.068601131439209}
2025-08-23 13:46:08,352 - {"tweet_id": "T192702", "username": "Colleen Harris", "dominant_topic": "Process Clarification Needed", "text_preview": "Still navigating the updated KYC procedures for ne...", "sentiment": "Negative", "generation_time": 6.110349655151367}
2025-08-23 13:46:16,760 - {"tweet_id": "T208607", "username": "Brian Davis", "dominant_topic": "Some Countries Excellent", "text_preview": "Navigating the evolving regulatory landscape is a ...", "sentiment": "Neutral", "generation_time": 4.395944356918335}
2025-08-23 13:46:18,118 - {"tweet_id": "T047695", "username": "Miranda Reyes", "dominant_topic": "Documentation Excessive Requirements", "text_preview": "Navigating the evolving regulatory landscape conti...", "sentiment": "Negative", "generation_time": 5.750787258148193}
2025-08-23 13:46:18,160 - {"tweet_id": "T507405", "username": "Erica Mcclure", "dominant_topic": "Cross Border Inconsistencies", "text_preview": "Navigating cross-border payments remains surprisin...", "sentiment": "Negative", "generation_time": 5.799561023712158}
2025-08-23 13:46:18,264 - {"tweet_id": "T190760", "username": "Christopher Hicks", "dominant_topic": "Cross Border Issues", "text_preview": "Navigating multi-currency transactions is becoming...", "sentiment": "Neutral", "generation_time": 5.893676042556763}
2025-08-23 13:46:18,783 - {"tweet_id": "T471686", "username": "Kelly Lopez", "dominant_topic": "App Login Problems", "text_preview": "Experiencing intermittent login issues with our mo...", "sentiment": "Negative", "generation_time": 6.409088373184204}
2025-08-23 13:46:27,555 - {"tweet_id": "T950495", "username": "Max Prince", "dominant_topic": "Fee Structure Criticism", "text_preview": "Frustrated by hidden fees! My bank\u2019s transaction c...", "sentiment": "Negative", "generation_time": 4.757661581039429}
2025-08-23 13:46:28,057 - {"tweet_id": "T585207", "username": "Brent Martin", "dominant_topic": "Application Launch Failed", "text_preview": "Experiencing intermittent issues with our mobile a...", "sentiment": "Neutral", "generation_time": 5.263486623764038}
2025-08-23 13:46:28,367 - {"tweet_id": "T640400", "username": "Daniel Wong", "dominant_topic": "Resolution Eventually Satisfactory", "text_preview": "After a frustrating back-and-forth, finally reache...", "sentiment": "Negative", "generation_time": 5.577292203903198}
2025-08-23 13:46:29,670 - {"tweet_id": "T444823", "username": "Regina Wells", "dominant_topic": "Customer Service Disappointment", "text_preview": "Spent over an hour on hold trying to reach my rela...", "sentiment": "Negative", "generation_time": 6.883534908294678}
2025-08-23 13:46:30,538 - {"tweet_id": "T547452", "username": "William Mckinney", "dominant_topic": "Platform Crash Reports", "text_preview": "We're aware some customers experienced intermitten...", "sentiment": "Neutral", "generation_time": 7.737436771392822}
2025-08-23 13:46:41,227 - {"tweet_id": "T960673", "username": "Joshua Garcia", "dominant_topic": "Standing Order Success", "text_preview": "Glad to see our upgraded standing order system pro...", "sentiment": "Positive", "generation_time": 6.682045221328735}
2025-08-23 13:47:08,171 - {"tweet_id": "T887249", "username": "Michele Ochoa", "dominant_topic": "Multi Factor Problems", "text_preview": "Experiencing increased reports of delayed verifica...", "sentiment": "Negative", "generation_time": 33.623270988464355}
2025-08-23 13:47:09,321 - {"tweet_id": "T744171", "username": "Steven Villarreal", "dominant_topic": "Login Screen Frozen", "text_preview": "Experiencing intermittent login issues this mornin...", "sentiment": "Negative", "generation_time": 34.77169060707092}
2025-08-23 13:47:09,667 - {"tweet_id": "T036782", "username": "Michael Gibson", "dominant_topic": "Standing Order Success", "text_preview": "Glad to see our recent system upgrades are deliver...", "sentiment": "Positive", "generation_time": 35.1184937953949}
2025-08-23 13:47:10,105 - {"tweet_id": "T166414", "username": "Mary Smith", "dominant_topic": "Correspondent Bank Delays", "text_preview": "Seeing persistent delays with international settle...", "sentiment": "Negative", "generation_time": 35.554670572280884}
2025-08-23 13:47:19,468 - {"tweet_id": "T002135", "username": "April Velazquez", "dominant_topic": "GDPR Compliance Praise", "text_preview": "Really impressed with the clarity of @BankSecure's...", "sentiment": "Positive", "generation_time": 5.345793724060059}
2025-08-23 13:47:19,557 - {"tweet_id": "T968866", "username": "Jake Weber", "dominant_topic": "Comparative Banking Feedback", "text_preview": "Seeing a lot of friction with competitor onboardin...", "sentiment": "Positive", "generation_time": 5.363707542419434}
2025-08-23 13:47:19,612 - {"tweet_id": "T079417", "username": "Maria Woodward", "dominant_topic": "Unhelpful Agent Encountered", "text_preview": "Spent an hour on the phone trying to understand a ...", "sentiment": "Negative", "generation_time": 5.416907787322998}
2025-08-23 13:47:19,636 - {"tweet_id": "T243301", "username": "Patrick Arnold", "dominant_topic": "Billing Error Reports", "text_preview": "Discovered a discrepancy on my latest statement - ...", "sentiment": "Negative", "generation_time": 5.438402891159058}
2025-08-23 13:47:19,814 - {"tweet_id": "T841882", "username": "Henry Bryant", "dominant_topic": "Digital Platform Glitches", "text_preview": "Experiencing intermittent slowdowns on our mobile ...", "sentiment": "Negative", "generation_time": 5.686648607254028}
2025-08-23 13:47:29,671 - {"tweet_id": "T715984", "username": "Tracy Russell", "dominant_topic": "Quick Response Time", "text_preview": "Finally! Called about a fraudulent charge this mor...", "sentiment": "Positive", "generation_time": 5.746386766433716}
2025-08-23 13:47:29,773 - {"tweet_id": "T183158", "username": "Jennifer Garcia", "dominant_topic": "Some Countries Excellent", "text_preview": "Increased regulatory scrutiny around AML & KYC is ...", "sentiment": "Negative", "generation_time": 5.855669021606445}
2025-08-23 13:47:30,083 - {"tweet_id": "T064701", "username": "Jason Wolf", "dominant_topic": "Partial Satisfaction Expressed", "text_preview": "Mixed experience with the new mobile banking updat...", "sentiment": "Negative", "generation_time": 6.160326957702637}
2025-08-23 13:47:30,351 - {"tweet_id": "T160205", "username": "Mike Jenkins", "dominant_topic": "Customer Service Disappointment", "text_preview": "Spent hours trying to resolve a simple wire transf...", "sentiment": "Negative", "generation_time": 6.429096698760986}
2025-08-23 13:47:31,142 - {"tweet_id": "T708451", "username": "Jonathan Lucas", "dominant_topic": "Better Than Competitors", "text_preview": "Seeing a concerning rise in fraud attempts targeti...", "sentiment": "Negative", "generation_time": 7.223818778991699}
2025-08-23 13:47:40,468 - {"tweet_id": "T273057", "username": "Chloe Aguilar", "dominant_topic": "App Login Problems", "text_preview": "Multiple customers reporting issues logging into o...", "sentiment": "Negative", "generation_time": 5.3091723918914795}
2025-08-23 13:47:40,969 - {"tweet_id": "T996832", "username": "Mark Thompson", "dominant_topic": "Network Connectivity Lost", "text_preview": "Experiencing intermittent connectivity issues impa...", "sentiment": "Negative", "generation_time": 5.814136981964111}
2025-08-23 13:48:09,181 - {"tweet_id": "T677365", "username": "Lauren Soto", "dominant_topic": "Fraud Alert Confusion", "text_preview": "Received a security alert about potential suspicio...", "sentiment": "Negative", "generation_time": 34.016839265823364}
2025-08-23 13:48:09,246 - {"tweet_id": "T571826", "username": "Caleb Rodriguez", "dominant_topic": "Treasury Operations Smooth", "text_preview": "Navigating the evolving regulatory landscape (Base...", "sentiment": "Neutral", "generation_time": 34.081379652023315}
2025-08-23 13:48:10,138 - {"tweet_id": "T804908", "username": "Mary Schaefer", "dominant_topic": "Problem Resolved Efficiently", "text_preview": "Thrilled our team swiftly resolved a complex fraud...", "sentiment": "Positive", "generation_time": 34.975048303604126}
2025-08-23 13:48:18,611 - {"tweet_id": "T389458", "username": "Alicia Moore", "dominant_topic": "System Availability Issues", "text_preview": "We're completing a critical platform upgrade tonig...", "sentiment": "Neutral", "generation_time": 4.459033012390137}
2025-08-23 13:48:19,268 - {"tweet_id": "T096260", "username": "Mr. Adam Moore", "dominant_topic": "Call Center Overwhelmed", "text_preview": "Longer than usual hold times today, folks. We're e...", "sentiment": "Negative", "generation_time": 5.109503507614136}
2025-08-23 13:48:19,623 - {"tweet_id": "T279222", "username": "Timothy Griffith", "dominant_topic": "API Integration Problems", "text_preview": "Frustrated with intermittent service interruptions...", "sentiment": "Negative", "generation_time": 5.46621036529541}
2025-08-23 13:48:19,849 - {"tweet_id": "T491145", "username": "Dylan Bautista", "dominant_topic": "Follow Up Satisfactory", "text_preview": "Following up on recent service inquiries, we're pl...", "sentiment": "Neutral", "generation_time": 5.686789512634277}
2025-08-23 13:48:20,053 - {"tweet_id": "T555531", "username": "Chelsea Davis", "dominant_topic": "Risk Management Tools", "text_preview": "Seeing increased scrutiny on model risk management...", "sentiment": "Negative", "generation_time": 5.89036226272583}
2025-08-23 13:48:28,394 - {"tweet_id": "T094037", "username": "Brooke Hunter", "dominant_topic": "Data Breach Concerns", "text_preview": "Recent reports on data breaches are a stark remind...", "sentiment": "Negative", "generation_time": 4.324066638946533}
2025-08-23 13:48:28,743 - {"tweet_id": "T422237", "username": "Ruth Cooper", "dominant_topic": "Regulatory Reporting Burdensome", "text_preview": "Another quarter, another mountain of regulatory fi...", "sentiment": "Negative", "generation_time": 4.67059326171875}
2025-08-23 13:48:28,908 - {"tweet_id": "T660489", "username": "Scott Cameron", "dominant_topic": "New Account Opening", "text_preview": "Navigating the new BSA/AML regulations for commerc...", "sentiment": "Negative", "generation_time": 4.844141244888306}
2025-08-23 13:48:28,911 - {"tweet_id": "T530986", "username": "Nicole Williamson", "dominant_topic": "Feature Enhancement Needed", "text_preview": "While our mobile banking app is a great starting p...", "sentiment": "Neutral", "generation_time": 4.844814777374268}
2025-08-23 13:48:29,404 - {"tweet_id": "T142958", "username": "Thomas Jenkins", "dominant_topic": "Exchange Rate Disputes", "text_preview": "Seeing a rise in currency conversion dispute claim...", "sentiment": "Negative", "generation_time": 5.329869747161865}
