2025-08-23 13:52:47,529 - {"tweet_id": "T209607", "username": "Andrea Walters", "dominant_topic": "Bank Guarantee Issued", "text_preview": "Successfully issued a new Bank Guarantee today, su...", "sentiment": "Positive", "generation_time": 5.263854026794434}
2025-08-23 13:52:47,587 - {"tweet_id": "T295718", "username": "Amy Parker", "dominant_topic": "Service Restoration Delayed", "text_preview": "Update: Our platform repair is taking longer than ...", "sentiment": "Negative", "generation_time": 5.328100681304932}
2025-08-23 13:52:47,623 - {"tweet_id": "T749541", "username": "William Mccoy", "dominant_topic": "International Banking Issues", "text_preview": "Navigating the complexities of cross-border paymen...", "sentiment": "Negative", "generation_time": 5.355050086975098}
2025-08-23 13:52:47,810 - {"tweet_id": "T937333", "username": "Edgar Wright", "dominant_topic": "Customer Service Disappointment", "text_preview": "Frustratingly slow response times trying to resolv...", "sentiment": "Negative", "generation_time": 5.547776222229004}
2025-08-23 13:52:48,609 - {"tweet_id": "T001830", "username": "Louis Pitts", "dominant_topic": "Password Reset Guidance", "text_preview": "Experiencing issues accessing your account? We've ...", "sentiment": "Negative", "generation_time": 6.342809438705444}
2025-08-23 13:52:57,459 - {"tweet_id": "T504041", "username": "Dr. Craig Estrada PhD", "dominant_topic": "Mobile Security Robust", "text_preview": "Recent uptick in sophisticated phishing attempts t...", "sentiment": "Negative", "generation_time": 4.812711477279663}
2025-08-23 13:52:57,712 - {"tweet_id": "T876022", "username": "John Schmidt", "dominant_topic": "Signatory Update Needed", "text_preview": "Navigating signatory updates can be complex! We're...", "sentiment": "Neutral", "generation_time": 5.0702619552612305}
2025-08-23 13:52:57,782 - {"tweet_id": "T013325", "username": "Dawn Foster MD", "dominant_topic": "Unhelpful Agent Encountered", "text_preview": "Spent an hour on the phone trying to understand a ...", "sentiment": "Negative", "generation_time": 5.143692255020142}
2025-08-23 13:52:58,037 - {"tweet_id": "T459819", "username": "Terri Ford", "dominant_topic": "Pricing Transparency Lacking", "text_preview": "Still frustrating to see banks obscure fees in com...", "sentiment": "Negative", "generation_time": 5.404252767562866}
2025-08-23 13:52:58,231 - {"tweet_id": "T950990", "username": "Leroy Mendoza", "dominant_topic": "FX Trading Smooth", "text_preview": "Navigating increasing regulatory scrutiny in FX tr...", "sentiment": "Neutral", "generation_time": 5.591214656829834}
2025-08-23 13:53:07,065 - {"tweet_id": "T663665", "username": "Megan Saunders", "dominant_topic": "Risk Management Tools", "text_preview": "Increased market volatility is really highlighting...", "sentiment": "Neutral", "generation_time": 4.799835920333862}
2025-08-23 13:53:07,089 - {"tweet_id": "T382264", "username": "Maria Hayes", "dominant_topic": "Improved Service Acknowledged", "text_preview": "Noticed a significant improvement in online bankin...", "sentiment": "Positive", "generation_time": 4.820685863494873}
2025-08-23 13:53:07,142 - {"tweet_id": "T062574", "username": "Pamela Payne", "dominant_topic": "Unauthorized Access Fears", "text_preview": "Received an alert about a potential unauthorized l...", "sentiment": "Negative", "generation_time": 4.887490272521973}
2025-08-23 13:53:07,314 - {"tweet_id": "T210343", "username": "Briana Garcia", "dominant_topic": "Excellent Call Support", "text_preview": "Really impressed with the quick response & multili...", "sentiment": "Positive", "generation_time": 5.05601954460144}
2025-08-23 13:53:10,472 - {"tweet_id": "T460433", "username": "Megan Bates", "dominant_topic": "API Integration Problems", "text_preview": "Frustrated with intermittent connectivity issues i...", "sentiment": "Negative", "generation_time": 8.210306644439697}
2025-08-23 13:53:19,574 - {"tweet_id": "T604056", "username": "Michael Butler", "dominant_topic": "Call Support Adequate", "text_preview": "Finally got through to support & was pleasantly su...", "sentiment": "Neutral", "generation_time": 5.073355197906494}
2025-08-23 13:53:48,147 - {"tweet_id": "T618550", "username": "Gabrielle Leonard", "dominant_topic": "Digital Innovation Appreciation", "text_preview": "Navigating PSD2 compliance remains a complex but u...", "sentiment": "Neutral", "generation_time": 33.6409273147583}
2025-08-23 13:53:48,851 - {"tweet_id": "T923560", "username": "Edward Miller", "dominant_topic": "Mobile App Crashes", "text_preview": "Experiencing intermittent app crashes today - frus...", "sentiment": "Negative", "generation_time": 34.34248685836792}
2025-08-23 13:53:49,463 - {"tweet_id": "T833507", "username": "Shannon Villarreal", "dominant_topic": "Mixed Service Quality", "text_preview": "Frustrating inconsistency with my bank's online po...", "sentiment": "Negative", "generation_time": 34.95527458190918}
2025-08-23 13:53:49,481 - {"tweet_id": "T463019", "username": "Kathleen Estrada", "dominant_topic": "Cash Management Superior", "text_preview": "Navigating rising rates & potential recession? Pro...", "sentiment": "Neutral", "generation_time": 34.97620749473572}
2025-08-23 13:53:58,806 - {"tweet_id": "T877804", "username": "Michelle Vaughan", "dominant_topic": "Trade Documentation Smooth", "text_preview": "Navigating the complexities of cross-border docume...", "sentiment": "Negative", "generation_time": 5.292459011077881}
2025-08-23 13:53:58,885 - {"tweet_id": "T973357", "username": "Mary Mitchell", "dominant_topic": "Core Banking Down", "text_preview": "Core banking system is currently offline impacting...", "sentiment": "Negative", "generation_time": 5.292500257492065}
2025-08-23 13:53:59,407 - {"tweet_id": "T419330", "username": "Kristen White", "dominant_topic": "Treasury Operations Smooth", "text_preview": "Navigating the evolving regulatory landscape for c...", "sentiment": "Neutral", "generation_time": 5.819650411605835}
2025-08-23 13:53:59,664 - {"tweet_id": "T587506", "username": "Kenneth Newman", "dominant_topic": "Payment Processing Smooth", "text_preview": "Seeing consistently smooth financial processing th...", "sentiment": "Positive", "generation_time": 6.1525232791900635}
2025-08-23 13:54:02,393 - {"tweet_id": "T052048", "username": "John Mcguire", "dominant_topic": "Mandate Change Required", "text_preview": "Navigating the evolving regulatory landscape requi...", "sentiment": "Neutral", "generation_time": 8.808314800262451}
2025-08-23 13:54:11,505 - {"tweet_id": "T829620", "username": "David Sanchez", "dominant_topic": "System Navigation Help", "text_preview": "Navigating our new online banking system is provin...", "sentiment": "Negative", "generation_time": 5.053014039993286}
2025-08-23 13:54:11,643 - {"tweet_id": "T859814", "username": "Mrs. Sabrina Davis", "dominant_topic": "SEPA Payment Rejected", "text_preview": "Experiencing intermittent SEPA payment rejections ...", "sentiment": "Negative", "generation_time": 5.181871652603149}
2025-08-23 13:54:11,874 - {"tweet_id": "T251768", "username": "Jasmine Smith", "dominant_topic": "Excellent Call Support", "text_preview": "Huge shoutout to the @BankOfProgress support team!...", "sentiment": "Positive", "generation_time": 5.418020486831665}
2025-08-23 13:54:12,900 - {"tweet_id": "T525310", "username": "Juan Farmer", "dominant_topic": "Problem Initially Frustrating", "text_preview": "Navigating the initial rollout of the new KYC upda...", "sentiment": "Negative", "generation_time": 6.450943470001221}
2025-08-23 13:54:15,954 - {"tweet_id": "T013945", "username": "Jacob Ayala", "dominant_topic": "GDPR Compliance Praise", "text_preview": "Navigating the evolving GDPR landscape is a consta...", "sentiment": "Positive", "generation_time": 9.495886325836182}
2025-08-23 13:54:24,803 - {"tweet_id": "T331453", "username": "Ronald Joyce", "dominant_topic": "Corporate Service Exceptional", "text_preview": "Navigating the evolving regulatory landscape for i...", "sentiment": "Neutral", "generation_time": 4.825437068939209}
2025-08-23 13:54:28,388 - {"tweet_id": "T185309", "username": "Mark Lopez", "dominant_topic": "Compensation Appreciated Generally", "text_preview": "Glad to see the settlement payment for the recent ...", "sentiment": "Positive", "generation_time": 8.408342838287354}
2025-08-23 13:54:49,539 - {"tweet_id": "T922795", "username": "Mariah Horton", "dominant_topic": "Manager Unavailable Complaints", "text_preview": "Trying to reach someone at First National is provi...", "sentiment": "Negative", "generation_time": 29.556041955947876}
2025-08-23 13:54:49,799 - {"tweet_id": "T841845", "username": "Kathryn Knight", "dominant_topic": "Application Launch Failed", "text_preview": "Experiencing intermittent issues with our mobile a...", "sentiment": "Negative", "generation_time": 29.81515073776245}
2025-08-23 13:54:50,698 - {"tweet_id": "T127328", "username": "William Walker", "dominant_topic": "Payment Processing Failure", "text_preview": "Seeing a higher-than-usual volume of declined card...", "sentiment": "Negative", "generation_time": 30.714733839035034}
2025-08-23 13:55:00,045 - {"tweet_id": "T428771", "username": "Stephen Walter", "dominant_topic": "Balance Update Delayed", "text_preview": "Experiencing slightly slower than usual balance up...", "sentiment": "Neutral", "generation_time": 5.229527235031128}
2025-08-23 13:55:01,185 - {"tweet_id": "T736296", "username": "Steve Parker DDS", "dominant_topic": "Cybersecurity Worries Expressed", "text_preview": "Seeing a surge in sophisticated phishing attempts ...", "sentiment": "Negative", "generation_time": 6.374562978744507}
2025-08-23 13:55:01,321 - {"tweet_id": "T089373", "username": "Cindy Cooper", "dominant_topic": "Third Party Integration", "text_preview": "Seeing intermittent connectivity issues with some ...", "sentiment": "Negative", "generation_time": 6.517460346221924}
2025-08-23 13:55:15,623 - {"tweet_id": "T770484", "username": "Ryan Delacruz", "dominant_topic": "Open Banking Implementation", "text_preview": "Open Banking implementation continues to progress,...", "sentiment": "Positive", "generation_time": 4.889789342880249}
2025-08-23 13:55:15,842 - {"tweet_id": "T877129", "username": "Perry Jenkins", "dominant_topic": "Payment Processing Failed", "text_preview": "Experiencing intermittent issues with our payment ...", "sentiment": "Negative", "generation_time": 5.116964340209961}
2025-08-23 13:55:16,296 - {"tweet_id": "T871631", "username": "David Wood", "dominant_topic": "Open Banking Implementation", "text_preview": "Open Banking implementation progressing well! API ...", "sentiment": "Positive", "generation_time": 5.558615684509277}
2025-08-23 13:55:16,525 - {"tweet_id": "T054295", "username": "Ryan Hansen", "dominant_topic": "Customer Service Disappointment", "text_preview": "Trying to reach my relationship manager at First N...", "sentiment": "Negative", "generation_time": 5.795569658279419}
2025-08-23 13:55:18,695 - {"tweet_id": "T066055", "username": "Colin Johnson", "dominant_topic": "Escalation Process Unclear", "text_preview": "Trying to navigate the complaint process & issue e...", "sentiment": "Negative", "generation_time": 7.973997354507446}
2025-08-23 13:55:27,409 - {"tweet_id": "T643011", "username": "Kristen Reynolds", "dominant_topic": "FX Trading Smooth", "text_preview": "Navigating increased volatility in FX markets. Our...", "sentiment": "Negative", "generation_time": 4.689250230789185}
2025-08-23 13:55:27,979 - {"tweet_id": "T123855", "username": "Andrew Macdonald", "dominant_topic": "API Integration Problems", "text_preview": "Seeing intermittent data synchronization errors fo...", "sentiment": "Negative", "generation_time": 5.255055904388428}
2025-08-23 13:55:28,988 - {"tweet_id": "T105009", "username": "Christopher Carter", "dominant_topic": "GDPR Compliance Praise", "text_preview": "Impressed with how proactively First National is h...", "sentiment": "Positive", "generation_time": 6.271304368972778}
2025-08-23 13:55:51,969 - {"tweet_id": "T014015", "username": "Regina Harris", "dominant_topic": "Resolution Eventually Satisfactory", "text_preview": "Navigating the recent KYC updates with our fintech...", "sentiment": "Positive", "generation_time": 29.24318814277649}
