2025-08-23 13:39:37,836 - {"tweet_id": "T089774", "username": "Leah Sampson", "dominant_topic": "Transaction Processing Stuck", "text_preview": "Experiencing longer than usual processing times on...", "sentiment": "Neutral", "generation_time": 4.925536394119263}
2025-08-23 13:39:38,305 - {"tweet_id": "T327482", "username": "Perry Jenkins", "dominant_topic": "Login Screen Frozen", "text_preview": "Experiencing some frustrating issues logging into ...", "sentiment": "Negative", "generation_time": 5.392231702804565}
2025-08-23 13:39:38,784 - {"tweet_id": "T616430", "username": "Miranda Reyes", "dominant_topic": "Partial Functionality Working", "text_preview": "Seeing some progress on restoring full account fun...", "sentiment": "Neutral", "generation_time": 5.864191055297852}
2025-08-23 13:39:38,858 - {"tweet_id": "T019372", "username": "Brian Davis", "dominant_topic": "Customer Service Disappointment", "text_preview": "Spent over an hour on the phone trying to escalate...", "sentiment": "Negative", "generation_time": 5.942307472229004}
2025-08-23 13:39:39,144 - {"tweet_id": "T215420", "username": "Christopher Hicks", "dominant_topic": "Import Processing Delays", "text_preview": "Seeing continued delays in import processing due t...", "sentiment": "Neutral", "generation_time": 6.222683429718018}
2025-08-23 13:39:48,253 - {"tweet_id": "T008772", "username": "Kelly Lopez", "dominant_topic": "Payment Processing Failure", "text_preview": "Seeing a higher than usual volume of SEPA transfer...", "sentiment": "Negative", "generation_time": 5.092503547668457}
2025-08-23 13:39:48,458 - {"tweet_id": "T608027", "username": "Regina Wells", "dominant_topic": "System Navigation Help", "text_preview": "Navigating our new online banking system can be tr...", "sentiment": "Neutral", "generation_time": 5.295871734619141}
2025-08-23 13:39:49,047 - {"tweet_id": "T358939", "username": "Chloe Aguilar", "dominant_topic": "Account Manager Responsive", "text_preview": "Really appreciate the proactive support from my Cl...", "sentiment": "Positive", "generation_time": 5.88228440284729}
2025-08-23 13:39:49,166 - {"tweet_id": "T487755", "username": "Michelle Vaughan", "dominant_topic": "International Payment Smooth", "text_preview": "Navigating recent FX volatility & increased scruti...", "sentiment": "Neutral", "generation_time": 5.997532367706299}
2025-08-23 13:39:50,044 - {"tweet_id": "T042433", "username": "Colleen Harris", "dominant_topic": "Service Restoration Delayed", "text_preview": "Update: Our platform repair is taking longer than ...", "sentiment": "Neutral", "generation_time": 6.87298846244812}
2025-08-23 13:39:59,379 - {"tweet_id": "T948827", "username": "Timothy Griffith", "dominant_topic": "International Payment Smooth", "text_preview": "Seeing increased processing times on some internat...", "sentiment": "Neutral", "generation_time": 5.305447816848755}
2025-08-23 13:39:59,461 - {"tweet_id": "T897794", "username": "Erica Mcclure", "dominant_topic": "Cross Border Inconsistencies", "text_preview": "Navigating cross-border payments continues to be a...", "sentiment": "Negative", "generation_time": 5.399569272994995}
2025-08-23 13:39:59,461 - {"tweet_id": "T964324", "username": "Caleb Rodriguez", "dominant_topic": "GDPR Compliance Praise", "text_preview": "Impressed with the clarity of recent GDPR complian...", "sentiment": "Positive", "generation_time": 5.390568494796753}
2025-08-23 13:40:00,447 - {"tweet_id": "T872127", "username": "Brent Martin", "dominant_topic": "Seasonal Variation Reports", "text_preview": "Analyzing our latest Seasonal Variation Reports re...", "sentiment": "Negative", "generation_time": 6.379968643188477}
2025-08-23 13:40:00,477 - {"tweet_id": "T438532", "username": "Brian Davis", "dominant_topic": "Peak Time Difficulties", "text_preview": "Experiencing longer wait times in our mobile app t...", "sentiment": "Neutral", "generation_time": 6.412215709686279}
2025-08-23 13:40:10,734 - {"tweet_id": "T378976", "username": "Dr. Craig Estrada PhD", "dominant_topic": "Letter Credit Processed", "text_preview": "Successfully processed a complex Letter of Credit ...", "sentiment": "Neutral", "generation_time": 6.20432448387146}
2025-08-23 13:40:38,953 - {"tweet_id": "T118157", "username": "Briana Garcia", "dominant_topic": "Cybersecurity Worries Expressed", "text_preview": "Seeing a rise in sophisticated phishing attempts t...", "sentiment": "Negative", "generation_time": 34.42108941078186}
2025-08-23 13:40:39,199 - {"tweet_id": "T129282", "username": "Kevin Vaughn", "dominant_topic": "Payment Processing Failure", "text_preview": "Seeing a higher than usual volume of SEPA transfer...", "sentiment": "Negative", "generation_time": 34.66758966445923}
2025-08-23 13:40:39,228 - {"tweet_id": "T610307", "username": "Miranda Reyes", "dominant_topic": "Relationship Management Praise", "text_preview": "Really impressed with the proactive support from m...", "sentiment": "Positive", "generation_time": 34.69493055343628}
2025-08-23 13:40:39,765 - {"tweet_id": "T063720", "username": "Kelly Lopez", "dominant_topic": "Public Recovery Successful", "text_preview": "Seeing positive results from our enhanced fraud de...", "sentiment": "Positive", "generation_time": 35.23043727874756}
2025-08-23 13:40:48,638 - {"tweet_id": "T809741", "username": "Regina Wells", "dominant_topic": "Resolution Eventually Satisfactory", "text_preview": "After a frustrating delay with a fraud claim, I'm ...", "sentiment": "Negative", "generation_time": 4.853448867797852}
2025-08-23 13:40:48,908 - {"tweet_id": "T448188", "username": "Daniel Wong", "dominant_topic": "Call Center Complaints", "text_preview": "Spent over an hour on the phone with @BankName sup...", "sentiment": "Negative", "generation_time": 5.1207275390625}
2025-08-23 13:40:48,909 - {"tweet_id": "T862567", "username": "Kathleen Estrada", "dominant_topic": "Corporate Setup Questions", "text_preview": "Navigating the new BSA/AML requirements for corpor...", "sentiment": "Negative", "generation_time": 5.112786293029785}
2025-08-23 13:40:50,390 - {"tweet_id": "T396478", "username": "Edgar Wright", "dominant_topic": "Authorization Matrix Updates", "text_preview": "Navigating the increasing complexity of banking au...", "sentiment": "Neutral", "generation_time": 6.599267482757568}
2025-08-23 13:40:50,823 - {"tweet_id": "T576987", "username": "John Schmidt", "dominant_topic": "Call Center Overwhelmed", "text_preview": "Experiencing longer than usual hold times with our...", "sentiment": "Neutral", "generation_time": 7.029360771179199}
2025-08-23 13:41:00,146 - {"tweet_id": "T936093", "username": "Juan Farmer", "dominant_topic": "Balance Update Delayed", "text_preview": "Experiencing a slight delay in balance updates tod...", "sentiment": "Neutral", "generation_time": 5.303367853164673}
2025-08-23 13:41:00,302 - {"tweet_id": "T342666", "username": "David Sanchez", "dominant_topic": "GDPR Compliance Praise", "text_preview": "Impressed with how proactively First National is h...", "sentiment": "Positive", "generation_time": 5.456174612045288}
2025-08-23 13:41:00,360 - {"tweet_id": "T539734", "username": "Mary Mitchell", "dominant_topic": "Service Quality Poor", "text_preview": "Spent over an hour on hold with customer service t...", "sentiment": "Negative", "generation_time": 5.519773960113525}
2025-08-23 13:41:01,317 - {"tweet_id": "T541948", "username": "Travis Hogan", "dominant_topic": "Multi Factor Problems", "text_preview": "Frustrated users reporting issues with 2FA verific...", "sentiment": "Negative", "generation_time": 6.466770648956299}
2025-08-23 13:41:05,367 - {"tweet_id": "T738050", "username": "William Walker", "dominant_topic": "Letter Credit Processed", "text_preview": "Letter of Credit processed smoothly for a key expo...", "sentiment": "Positive", "generation_time": 10.518397331237793}
2025-08-23 13:41:15,092 - {"tweet_id": "T377439", "username": "Holly Lee", "dominant_topic": "Customer Service Disappointment", "text_preview": "Still waiting over 24 hours for a response to a cr...", "sentiment": "Negative", "generation_time": 5.709346294403076}
2025-08-23 13:41:15,125 - {"tweet_id": "T983740", "username": "Jennifer Garcia", "dominant_topic": "Call Support Adequate", "text_preview": "Just finished a support call with @BankSecure and ...", "sentiment": "Positive", "generation_time": 5.73937201499939}
2025-08-23 13:41:40,242 - {"tweet_id": "T719589", "username": "Steve Parker DDS", "dominant_topic": "Mandate Change Required", "text_preview": "Navigating the latest BSA/AML updates requires swi...", "sentiment": "Neutral", "generation_time": 30.853810787200928}
2025-08-23 13:41:41,361 - {"tweet_id": "T488432", "username": "Perry Jenkins", "dominant_topic": "Customer Service Disappointment", "text_preview": "Frustrating experience trying to resolve a simple ...", "sentiment": "Negative", "generation_time": 31.971325874328613}
2025-08-23 13:41:41,481 - {"tweet_id": "T390245", "username": "Ryan Delacruz", "dominant_topic": "Brand Reputation Restored", "text_preview": "Seeing positive shifts in customer trust scores fo...", "sentiment": "Positive", "generation_time": 32.090338706970215}
2025-08-23 13:41:50,617 - {"tweet_id": "T602147", "username": "Regina Harris", "dominant_topic": "Viral Complaint Spreading", "text_preview": "Seeing a lot of discussion online about recent acc...", "sentiment": "Negative", "generation_time": 5.102295875549316}
2025-08-23 13:41:50,648 - {"tweet_id": "T169210", "username": "Joseph Bradford", "dominant_topic": "Card Services Excellent", "text_preview": "Noticed a slight increase in flagged credit transa...", "sentiment": "Neutral", "generation_time": 5.129295110702515}
2025-08-23 13:41:50,962 - {"tweet_id": "T382459", "username": "Kristen Reynolds", "dominant_topic": "Mixed Experience Reported", "text_preview": "Mixed feelings on the updated mobile app. The biom...", "sentiment": "Neutral", "generation_time": 5.454139232635498}
2025-08-23 13:41:51,962 - {"tweet_id": "T104934", "username": "Christopher Carter", "dominant_topic": "Information Inquiry Made", "text_preview": "Frustrated trying to access detailed transaction h...", "sentiment": "Negative", "generation_time": 6.456438302993774}
2025-08-23 13:41:52,003 - {"tweet_id": "T538268", "username": "Andrew Macdonald", "dominant_topic": "Periodic Performance Changes", "text_preview": "Noticed a slight dip in mobile app responsiveness ...", "sentiment": "Negative", "generation_time": 6.490564584732056}
2025-08-23 13:42:01,101 - {"tweet_id": "T856025", "username": "Cody Collins", "dominant_topic": "Year End Processing", "text_preview": "Year-end processing is always a challenge, but we'...", "sentiment": "Neutral", "generation_time": 5.071126461029053}
2025-08-23 13:42:01,511 - {"tweet_id": "T803163", "username": "Amy Campbell", "dominant_topic": "Partial Satisfaction Expressed", "text_preview": "Appreciate the recent improvements to the mobile b...", "sentiment": "Neutral", "generation_time": 5.478192329406738}
2025-08-23 13:42:01,513 - {"tweet_id": "T923548", "username": "Rickey Miller", "dominant_topic": "Standard Operation Smooth", "text_preview": "Spent the morning reviewing updated KYC procedures...", "sentiment": "Negative", "generation_time": 5.475192546844482}
2025-08-23 13:42:02,072 - {"tweet_id": "T236573", "username": "Travis Hogan", "dominant_topic": "Partial Satisfaction Expressed", "text_preview": "Appreciate the faster online loan application proc...", "sentiment": "Neutral", "generation_time": 6.030619382858276}
2025-08-23 13:42:02,253 - {"tweet_id": "T487545", "username": "Danielle Clark", "dominant_topic": "Compliance Checks Intrusive", "text_preview": "Feeling the strain of increasingly complex complia...", "sentiment": "Negative", "generation_time": 6.22699761390686}
2025-08-23 13:42:10,868 - {"tweet_id": "T219955", "username": "Kevin Vaughn", "dominant_topic": "Local Service Quality", "text_preview": "Seeing a concerning trend in longer wait times for...", "sentiment": "Negative", "generation_time": 4.569427728652954}
2025-08-23 13:42:15,788 - {"tweet_id": "T508836", "username": "Holly Lee", "dominant_topic": "Account Access Problems", "text_preview": "Frustrated! My account was unexpectedly locked thi...", "sentiment": "Negative", "generation_time": 9.484833717346191}
