2025-09-16 15:19:49,414 - COLLECTION_STATS: total=600, with_analysis=0
2025-09-16 15:19:56,844 - BATCH_START: total_chats=600, batch_size=5
2025-09-16 15:19:56,844 - BATCH_START: batch=1/120, records=5
2025-09-16 15:19:56,845 - FAILURE_COUNT: 1
2025-09-16 15:19:56,845 - FAILURE_COUNT: 2
2025-09-16 15:19:56,846 - FAILURE_COUNT: 3
2025-09-16 15:19:56,846 - FAILURE_COUNT: 4
2025-09-16 15:19:56,846 - FAILURE_COUNT: 5
2025-09-16 15:19:56,847 - BATCH_COMPLETE: batch=1, successful=0, duration=0.00s, workers=5
2025-09-16 15:20:01,847 - BATCH_START: batch=2/120, records=5
2025-09-16 15:20:01,849 - FAILURE_COUNT: 6
2025-09-16 15:20:01,850 - FAILURE_COUNT: 7
2025-09-16 15:20:01,850 - FAILURE_COUNT: 8
2025-09-16 15:20:01,850 - FAILURE_COUNT: 9
2025-09-16 15:20:01,850 - FAILURE_COUNT: 10
2025-09-16 15:20:01,851 - BATCH_COMPLETE: batch=2, successful=0, duration=0.00s, workers=5
2025-09-16 15:20:06,851 - BATCH_START: batch=3/120, records=5
2025-09-16 15:20:06,853 - FAILURE_COUNT: 11
2025-09-16 15:20:06,854 - FAILURE_COUNT: 12
2025-09-16 15:20:06,854 - FAILURE_COUNT: 13
2025-09-16 15:20:06,854 - FAILURE_COUNT: 14
2025-09-16 15:20:06,855 - FAILURE_COUNT: 15
2025-09-16 15:20:06,855 - BATCH_COMPLETE: batch=3, successful=0, duration=0.00s, workers=5
2025-09-16 15:20:11,856 - BATCH_START: batch=4/120, records=5
2025-09-16 15:20:11,858 - FAILURE_COUNT: 16
2025-09-16 15:20:11,858 - FAILURE_COUNT: 17
2025-09-16 15:20:11,858 - FAILURE_COUNT: 18
2025-09-16 15:20:11,859 - FAILURE_COUNT: 19
2025-09-16 15:20:11,859 - FAILURE_COUNT: 20
2025-09-16 15:20:11,860 - BATCH_COMPLETE: batch=4, successful=0, duration=0.00s, workers=5
2025-09-16 15:20:16,860 - BATCH_START: batch=5/120, records=5
2025-09-16 15:20:16,862 - FAILURE_COUNT: 21
2025-09-16 15:20:16,862 - FAILURE_COUNT: 22
2025-09-16 15:20:16,862 - FAILURE_COUNT: 23
2025-09-16 15:20:16,862 - FAILURE_COUNT: 24
2025-09-16 15:20:16,863 - FAILURE_COUNT: 25
2025-09-16 15:20:16,863 - BATCH_COMPLETE: batch=5, successful=0, duration=0.00s, workers=5
2025-09-16 15:20:16,864 - PROGRESS_SUMMARY: batch=5/120, success=0, failures=25, db_updates=0
2025-09-16 15:20:21,864 - FINAL_SUMMARY: total_updated=0, success=0, failures=25
2025-09-16 15:20:22,258 - COLLECTION_STATS: total=600, with_analysis=0
