2025-09-16 14:55:15,707 - COLLECTION_STATS: total=600, with_analysis=0
2025-09-16 14:55:22,821 - BATCH_START: total_chats=600, batch_size=5
2025-09-16 14:55:22,821 - BATCH_START: batch=1/120, records=5
2025-09-16 14:55:22,823 - FAILURE_COUNT: 1
2025-09-16 14:55:22,824 - FAILURE_COUNT: 2
2025-09-16 14:55:22,825 - FAILURE_COUNT: 3
2025-09-16 14:55:22,825 - FAILURE_COUNT: 4
2025-09-16 14:55:22,825 - FAILURE_COUNT: 5
2025-09-16 14:55:22,826 - BATCH_COMPLETE: batch=1, successful=0, duration=0.00s, workers=5
2025-09-16 14:55:27,826 - BATCH_START: batch=2/120, records=5
2025-09-16 14:55:27,829 - FAILURE_COUNT: 6
2025-09-16 14:55:27,830 - FAILURE_COUNT: 7
2025-09-16 14:55:27,833 - FAILURE_COUNT: 8
2025-09-16 14:55:27,833 - FAILURE_COUNT: 9
2025-09-16 14:55:27,834 - FAILURE_COUNT: 10
2025-09-16 14:55:27,835 - BATCH_COMPLETE: batch=2, successful=0, duration=0.01s, workers=5
2025-09-16 14:55:32,835 - BATCH_START: batch=3/120, records=5
2025-09-16 14:55:32,837 - FAILURE_COUNT: 11
2025-09-16 14:55:32,839 - FAILURE_COUNT: 12
2025-09-16 14:55:32,840 - FAILURE_COUNT: 13
2025-09-16 14:55:32,841 - FAILURE_COUNT: 14
2025-09-16 14:55:32,841 - FAILURE_COUNT: 15
2025-09-16 14:55:32,842 - BATCH_COMPLETE: batch=3, successful=0, duration=0.01s, workers=5
2025-09-16 14:55:37,842 - BATCH_START: batch=4/120, records=5
2025-09-16 14:55:37,844 - FAILURE_COUNT: 16
2025-09-16 14:55:37,845 - FAILURE_COUNT: 17
2025-09-16 14:55:37,845 - FAILURE_COUNT: 18
2025-09-16 14:55:37,846 - FAILURE_COUNT: 19
2025-09-16 14:55:37,846 - FAILURE_COUNT: 20
2025-09-16 14:55:37,846 - BATCH_COMPLETE: batch=4, successful=0, duration=0.00s, workers=5
2025-09-16 14:55:42,847 - BATCH_START: batch=5/120, records=5
2025-09-16 14:55:42,849 - FAILURE_COUNT: 21
2025-09-16 14:55:42,849 - FAILURE_COUNT: 22
2025-09-16 14:55:42,850 - FAILURE_COUNT: 23
2025-09-16 14:55:42,850 - FAILURE_COUNT: 24
2025-09-16 14:55:42,850 - FAILURE_COUNT: 25
2025-09-16 14:55:42,850 - BATCH_COMPLETE: batch=5, successful=0, duration=0.00s, workers=5
2025-09-16 14:55:42,851 - PROGRESS_SUMMARY: batch=5/120, success=0, failures=25, db_updates=0
2025-09-16 14:55:47,852 - BATCH_START: batch=6/120, records=5
2025-09-16 14:55:47,854 - FAILURE_COUNT: 26
2025-09-16 14:55:47,855 - FAILURE_COUNT: 27
2025-09-16 14:55:47,855 - FAILURE_COUNT: 28
2025-09-16 14:55:47,855 - FAILURE_COUNT: 29
2025-09-16 14:55:47,856 - FAILURE_COUNT: 30
2025-09-16 14:55:47,856 - BATCH_COMPLETE: batch=6, successful=0, duration=0.00s, workers=5
2025-09-16 14:55:52,856 - BATCH_START: batch=7/120, records=5
2025-09-16 14:55:52,859 - FAILURE_COUNT: 31
2025-09-16 14:55:52,860 - FAILURE_COUNT: 32
2025-09-16 14:55:52,860 - FAILURE_COUNT: 33
2025-09-16 14:55:52,861 - FAILURE_COUNT: 34
2025-09-16 14:55:52,861 - FAILURE_COUNT: 35
2025-09-16 14:55:52,862 - BATCH_COMPLETE: batch=7, successful=0, duration=0.01s, workers=5
2025-09-16 14:55:57,862 - BATCH_START: batch=8/120, records=5
2025-09-16 14:55:57,865 - FAILURE_COUNT: 36
2025-09-16 14:55:57,866 - FAILURE_COUNT: 37
2025-09-16 14:55:57,866 - FAILURE_COUNT: 38
2025-09-16 14:55:57,867 - FAILURE_COUNT: 39
2025-09-16 14:55:57,867 - FAILURE_COUNT: 40
2025-09-16 14:55:57,868 - BATCH_COMPLETE: batch=8, successful=0, duration=0.01s, workers=5
2025-09-16 14:56:02,868 - BATCH_START: batch=9/120, records=5
2025-09-16 14:56:02,870 - FAILURE_COUNT: 41
2025-09-16 14:56:02,871 - FAILURE_COUNT: 42
2025-09-16 14:56:02,871 - FAILURE_COUNT: 43
2025-09-16 14:56:02,871 - FAILURE_COUNT: 44
2025-09-16 14:56:02,871 - FAILURE_COUNT: 45
2025-09-16 14:56:02,872 - BATCH_COMPLETE: batch=9, successful=0, duration=0.00s, workers=5
2025-09-16 14:56:07,872 - BATCH_START: batch=10/120, records=5
2025-09-16 14:56:07,874 - FAILURE_COUNT: 46
2025-09-16 14:56:07,876 - FAILURE_COUNT: 47
2025-09-16 14:56:07,877 - FAILURE_COUNT: 48
2025-09-16 14:56:07,877 - FAILURE_COUNT: 49
2025-09-16 14:56:07,877 - FAILURE_COUNT: 50
2025-09-16 14:56:07,878 - BATCH_COMPLETE: batch=10, successful=0, duration=0.01s, workers=5
2025-09-16 14:56:07,880 - PROGRESS_SUMMARY: batch=10/120, success=0, failures=50, db_updates=0
2025-09-16 14:56:12,880 - BATCH_START: batch=11/120, records=5
2025-09-16 14:56:12,882 - FAILURE_COUNT: 51
2025-09-16 14:56:12,882 - FAILURE_COUNT: 52
2025-09-16 14:56:12,883 - FAILURE_COUNT: 53
2025-09-16 14:56:12,883 - FAILURE_COUNT: 54
2025-09-16 14:56:12,883 - FAILURE_COUNT: 55
2025-09-16 14:56:12,884 - BATCH_COMPLETE: batch=11, successful=0, duration=0.00s, workers=5
2025-09-16 14:56:17,884 - BATCH_START: batch=12/120, records=5
2025-09-16 14:56:17,886 - FAILURE_COUNT: 56
2025-09-16 14:56:17,887 - FAILURE_COUNT: 57
2025-09-16 14:56:17,888 - FAILURE_COUNT: 58
2025-09-16 14:56:17,888 - FAILURE_COUNT: 59
2025-09-16 14:56:17,888 - FAILURE_COUNT: 60
2025-09-16 14:56:17,889 - BATCH_COMPLETE: batch=12, successful=0, duration=0.00s, workers=5
2025-09-16 14:56:22,889 - BATCH_START: batch=13/120, records=5
2025-09-16 14:56:22,891 - FAILURE_COUNT: 61
2025-09-16 14:56:22,891 - FAILURE_COUNT: 62
2025-09-16 14:56:22,892 - FAILURE_COUNT: 63
2025-09-16 14:56:22,892 - FAILURE_COUNT: 64
2025-09-16 14:56:22,892 - FAILURE_COUNT: 65
2025-09-16 14:56:22,893 - BATCH_COMPLETE: batch=13, successful=0, duration=0.00s, workers=5
2025-09-16 14:56:27,893 - BATCH_START: batch=14/120, records=5
2025-09-16 14:56:27,895 - FAILURE_COUNT: 66
2025-09-16 14:56:27,895 - FAILURE_COUNT: 67
2025-09-16 14:56:27,896 - FAILURE_COUNT: 68
2025-09-16 14:56:27,896 - FAILURE_COUNT: 69
2025-09-16 14:56:27,896 - FAILURE_COUNT: 70
2025-09-16 14:56:27,897 - BATCH_COMPLETE: batch=14, successful=0, duration=0.00s, workers=5
2025-09-16 14:56:32,897 - BATCH_START: batch=15/120, records=5
2025-09-16 14:56:32,899 - FAILURE_COUNT: 71
2025-09-16 14:56:32,899 - FAILURE_COUNT: 72
2025-09-16 14:56:32,900 - FAILURE_COUNT: 73
2025-09-16 14:56:32,900 - FAILURE_COUNT: 74
2025-09-16 14:56:32,900 - FAILURE_COUNT: 75
2025-09-16 14:56:32,901 - BATCH_COMPLETE: batch=15, successful=0, duration=0.00s, workers=5
2025-09-16 14:56:32,902 - PROGRESS_SUMMARY: batch=15/120, success=0, failures=75, db_updates=0
2025-09-16 14:56:37,902 - BATCH_START: batch=16/120, records=5
2025-09-16 14:56:37,904 - FAILURE_COUNT: 76
2025-09-16 14:56:37,905 - FAILURE_COUNT: 77
2025-09-16 14:56:37,905 - FAILURE_COUNT: 78
2025-09-16 14:56:37,906 - FAILURE_COUNT: 79
2025-09-16 14:56:37,906 - FAILURE_COUNT: 80
2025-09-16 14:56:37,906 - BATCH_COMPLETE: batch=16, successful=0, duration=0.00s, workers=5
2025-09-16 14:56:42,907 - FINAL_SUMMARY: total_updated=0, success=0, failures=80
2025-09-16 14:56:43,299 - COLLECTION_STATS: total=600, with_analysis=0
