2025-09-16 14:55:22,822 - ERROR - {"chat_id": "19:deefca54f22297d217c940eb@thread.v2", "dominant_topic": "Financial Reporting Procedure", "error": "name 'message_count' is not defined", "generation_time": 0.0003876686096191406}
2025-09-16 14:55:22,822 - ERROR - {"chat_id": "19:b9dfb1c6a2fc7d4fbac36afc@thread.v2", "dominant_topic": "Software Issue Resolution", "error": "name 'message_count' is not defined", "generation_time": 0.00015854835510253906}
2025-09-16 14:55:22,823 - ERROR - {"chat_id": "19:ba15dbb16d84065ae18d10ad@thread.v2", "dominant_topic": "Audit Feedback Review", "error": "name 'message_count' is not defined", "generation_time": 0.0002541542053222656}
2025-09-16 14:55:22,824 - ERROR - {"chat_id": "19:16adc0b3fbdb453575026d18@thread.v2", "dominant_topic": "Employee Relations Coordination", "error": "name 'message_count' is not defined", "generation_time": 0.00010395050048828125}
2025-09-16 14:55:22,824 - ERROR - {"chat_id": "19:543d858bbe5014ca52eb67d8@thread.v2", "dominant_topic": "Risk Assessment Update", "error": "name 'message_count' is not defined", "generation_time": 0.0002713203430175781}
2025-09-16 14:55:27,827 - ERROR - {"chat_id": "19:6d6d2c4ee7e891215ae2fce9@thread.v2", "dominant_topic": "GDPR Access Request", "error": "name 'message_count' is not defined", "generation_time": 0.00028395652770996094}
2025-09-16 14:55:27,828 - ERROR - {"chat_id": "19:29e6ecc0deee435c0d22ed0c@thread.v2", "dominant_topic": "Workforce Planning Update", "error": "name 'message_count' is not defined", "generation_time": 0.00030231475830078125}
2025-09-16 14:55:27,829 - ERROR - {"chat_id": "19:e0860f845ea74db6c0f54a98@thread.v2", "dominant_topic": "Pipeline Management Discussion", "error": "name 'message_count' is not defined", "generation_time": 0.00024509429931640625}
2025-09-16 14:55:27,830 - ERROR - {"chat_id": "19:b3e5ed8ecbddb2e8fc0a3120@thread.v2", "dominant_topic": "Network Performance Issue", "error": "name 'message_count' is not defined", "generation_time": 0.00016427040100097656}
2025-09-16 14:55:27,833 - ERROR - {"chat_id": "19:20f024874edbbcb45c3058db@thread.v2", "dominant_topic": "Workforce Planning Update", "error": "name 'message_count' is not defined", "generation_time": 0.00019621849060058594}
2025-09-16 14:55:32,836 - ERROR - {"chat_id": "19:ce55dfd924849344a89fc146@thread.v2", "dominant_topic": "Audit Planning Coordination", "error": "name 'message_count' is not defined", "generation_time": 0.0003085136413574219}
2025-09-16 14:55:32,837 - ERROR - {"chat_id": "19:a6ae005d72d8ffd81401b984@thread.v2", "dominant_topic": "Audit Feedback Review", "error": "name 'message_count' is not defined", "generation_time": 0.00014853477478027344}
2025-09-16 14:55:32,838 - ERROR - {"chat_id": "19:1a8ad13d6083d5da8baa355a@thread.v2", "dominant_topic": "Team Coordination Update", "error": "name 'message_count' is not defined", "generation_time": 0.0002818107604980469}
2025-09-16 14:55:32,839 - ERROR - {"chat_id": "19:2a54d8e80364e6bcd27523d0@thread.v2", "dominant_topic": "Monthly Compliance Audit", "error": "name 'message_count' is not defined", "generation_time": 0.00020241737365722656}
2025-09-16 14:55:32,839 - ERROR - {"chat_id": "19:b1f9fd693b66f52ff0e484d4@thread.v2", "dominant_topic": "Audit Feedback Review", "error": "name 'message_count' is not defined", "generation_time": 0.00021314620971679688}
2025-09-16 14:55:37,843 - ERROR - {"chat_id": "19:32c2d312803c3ba80fb812cf@thread.v2", "dominant_topic": "Shift Coverage Request", "error": "name 'message_count' is not defined", "generation_time": 0.0003323554992675781}
2025-09-16 14:55:37,844 - ERROR - {"chat_id": "19:d844b2c1d85d98257f5b1052@thread.v2", "dominant_topic": "Audit Feedback Review", "error": "name 'message_count' is not defined", "generation_time": 0.00017213821411132812}
2025-09-16 14:55:37,844 - ERROR - {"chat_id": "19:4bbb73fc6cd7e55e367c7ffd@thread.v2", "dominant_topic": "Software Issue Resolution", "error": "name 'message_count' is not defined", "generation_time": 0.00010156631469726562}
2025-09-16 14:55:37,845 - ERROR - {"chat_id": "19:88c048f3d5d88c698dc127f2@thread.v2", "dominant_topic": "Employee Relations Coordination", "error": "name 'message_count' is not defined", "generation_time": 0.00016307830810546875}
2025-09-16 14:55:37,845 - ERROR - {"chat_id": "19:973544b42fea84efef04fe97@thread.v2", "dominant_topic": "Risk Assessment Documentation", "error": "name 'message_count' is not defined", "generation_time": 0.00011992454528808594}
2025-09-16 14:55:42,847 - ERROR - {"chat_id": "19:a9a968bcfe308ab42cccede1@thread.v2", "dominant_topic": "Hardware Troubleshooting Help", "error": "name 'message_count' is not defined", "generation_time": 0.00024890899658203125}
2025-09-16 14:55:42,848 - ERROR - {"chat_id": "19:f8998d28115a6fddb5d1fa1f@thread.v2", "dominant_topic": "Authentication Service Down", "error": "name 'message_count' is not defined", "generation_time": 0.00023174285888671875}
2025-09-16 14:55:42,849 - ERROR - {"chat_id": "19:01d703474d021a5a10268fc1@thread.v2", "dominant_topic": "Customer Insight Report", "error": "name 'message_count' is not defined", "generation_time": 0.00013685226440429688}
2025-09-16 14:55:42,849 - ERROR - {"chat_id": "19:65627ac6e5560c0078e10b41@thread.v2", "dominant_topic": "Documentation Request Alert", "error": "name 'message_count' is not defined", "generation_time": 0.0001163482666015625}
2025-09-16 14:55:42,849 - ERROR - {"chat_id": "19:f05a4b9b1ecd96e824176736@thread.v2", "dominant_topic": "Employee Relations Coordination", "error": "name 'message_count' is not defined", "generation_time": 9.918212890625e-05}
2025-09-16 14:55:47,853 - ERROR - {"chat_id": "19:5c1d8bfbc9d698ac33306a23@thread.v2", "dominant_topic": "Audit Finding Resolution", "error": "name 'message_count' is not defined", "generation_time": 0.0003120899200439453}
2025-09-16 14:55:47,853 - ERROR - {"chat_id": "19:e05b918f00d7cefcfe9e0e3a@thread.v2", "dominant_topic": "Compliance Training Reminder", "error": "name 'message_count' is not defined", "generation_time": 0.0001914501190185547}
2025-09-16 14:55:47,854 - ERROR - {"chat_id": "19:9862df50a88eb4322a2f9143@thread.v2", "dominant_topic": "GDPR Access Request", "error": "name 'message_count' is not defined", "generation_time": 0.0002529621124267578}
2025-09-16 14:55:47,854 - ERROR - {"chat_id": "19:c66504961d86f5f2424986ee@thread.v2", "dominant_topic": "Technology Rollout Update", "error": "name 'message_count' is not defined", "generation_time": 0.0001251697540283203}
2025-09-16 14:55:47,855 - ERROR - {"chat_id": "19:42777f94307e26a04342875f@thread.v2", "dominant_topic": "Compliance Report Generation", "error": "name 'message_count' is not defined", "generation_time": 0.00011110305786132812}
2025-09-16 14:55:52,858 - ERROR - {"chat_id": "19:4692f37c4affd0609143ac2b@thread.v2", "dominant_topic": "Attendance Management Alert", "error": "name 'message_count' is not defined", "generation_time": 0.0002892017364501953}
2025-09-16 14:55:52,858 - ERROR - {"chat_id": "19:cc560b4175824dbee26cb1fa@thread.v2", "dominant_topic": "Policy Clarification Request", "error": "name 'message_count' is not defined", "generation_time": 0.00024509429931640625}
2025-09-16 14:55:52,859 - ERROR - {"chat_id": "19:43e6859e89f733bb3ceb20f0@thread.v2", "dominant_topic": "Break Schedule Coordination", "error": "name 'message_count' is not defined", "generation_time": 0.0001571178436279297}
2025-09-16 14:55:52,859 - ERROR - {"chat_id": "19:35cc9dded28f6c47b4f40a32@thread.v2", "dominant_topic": "Team Coordination Update", "error": "name 'message_count' is not defined", "generation_time": 0.00010514259338378906}
2025-09-16 14:55:52,860 - ERROR - {"chat_id": "19:468ab065446feb0f87b08e89@thread.v2", "dominant_topic": "Monthly Compliance Audit", "error": "name 'message_count' is not defined", "generation_time": 0.0002415180206298828}
2025-09-16 14:55:57,863 - ERROR - {"chat_id": "19:74242c26f937125d3699c9bb@thread.v2", "dominant_topic": "Audit Planning Coordination", "error": "name 'message_count' is not defined", "generation_time": 0.0002903938293457031}
2025-09-16 14:55:57,864 - ERROR - {"chat_id": "19:158e050ba5606690b4258acd@thread.v2", "dominant_topic": "Break Schedule Coordination", "error": "name 'message_count' is not defined", "generation_time": 0.000213623046875}
2025-09-16 14:55:57,864 - ERROR - {"chat_id": "19:200d4b1fc84f52a264fa928c@thread.v2", "dominant_topic": "Security Protocol Change", "error": "name 'message_count' is not defined", "generation_time": 0.00012302398681640625}
2025-09-16 14:55:57,865 - ERROR - {"chat_id": "19:ffafb0ecf72dff938657b922@thread.v2", "dominant_topic": "Budget Management Discussion", "error": "name 'message_count' is not defined", "generation_time": 0.0002448558807373047}
2025-09-16 14:55:57,866 - ERROR - {"chat_id": "19:3c42403e33430db3bba74cea@thread.v2", "dominant_topic": "Technology Provider Communication", "error": "name 'message_count' is not defined", "generation_time": 0.00019669532775878906}
2025-09-16 14:56:02,869 - ERROR - {"chat_id": "19:d0597e56b2760265e7c27d30@thread.v2", "dominant_topic": "Audit Feedback Review", "error": "name 'message_count' is not defined", "generation_time": 0.0002932548522949219}
2025-09-16 14:56:02,870 - ERROR - {"chat_id": "19:b7388a117011c88ac58ff28d@thread.v2", "dominant_topic": "Pipeline Management Discussion", "error": "name 'message_count' is not defined", "generation_time": 0.0001590251922607422}
2025-09-16 14:56:02,870 - ERROR - {"chat_id": "19:b4b18e1bf3929d200826782f@thread.v2", "dominant_topic": "Overtime Approval Need", "error": "name 'message_count' is not defined", "generation_time": 0.00010561943054199219}
2025-09-16 14:56:02,870 - ERROR - {"chat_id": "19:4527fd740563273c4a64fbda@thread.v2", "dominant_topic": "Training Schedule Update", "error": "name 'message_count' is not defined", "generation_time": 0.00013065338134765625}
2025-09-16 14:56:02,871 - ERROR - {"chat_id": "19:2625b97c511a443b9827bacc@thread.v2", "dominant_topic": "Audit Feedback Review", "error": "name 'message_count' is not defined", "generation_time": 8.177757263183594e-05}
2025-09-16 14:56:07,873 - ERROR - {"chat_id": "19:cc591da8eecac0cb36346703@thread.v2", "dominant_topic": "Pipeline Management Discussion", "error": "name 'message_count' is not defined", "generation_time": 0.0002617835998535156}
2025-09-16 14:56:07,874 - ERROR - {"chat_id": "19:20118556261272faada2d23b@thread.v2", "dominant_topic": "Team Meeting Reminder", "error": "name 'message_count' is not defined", "generation_time": 0.00028395652770996094}
2025-09-16 14:56:07,875 - ERROR - {"chat_id": "19:40736100f24f2c9aa621b7a0@thread.v2", "dominant_topic": "Product Update Communication", "error": "name 'message_count' is not defined", "generation_time": 0.0001785755157470703}
2025-09-16 14:56:07,876 - ERROR - {"chat_id": "19:bc71d0a91d04854250605bf6@thread.v2", "dominant_topic": "Shift Coverage Request", "error": "name 'message_count' is not defined", "generation_time": 0.0001709461212158203}
2025-09-16 14:56:07,876 - ERROR - {"chat_id": "19:3eef2cb6209535890e0c5221@thread.v2", "dominant_topic": "Product Update Communication", "error": "name 'message_count' is not defined", "generation_time": 0.00017499923706054688}
2025-09-16 14:56:12,881 - ERROR - {"chat_id": "19:de55b572bb0b8128f1e9afa7@thread.v2", "dominant_topic": "Workflow Optimization Alert", "error": "name 'message_count' is not defined", "generation_time": 0.00019741058349609375}
2025-09-16 14:56:12,881 - ERROR - {"chat_id": "19:42527ef8f5b8ddeb401d47ba@thread.v2", "dominant_topic": "Documentation Request Alert", "error": "name 'message_count' is not defined", "generation_time": 0.00016570091247558594}
2025-09-16 14:56:12,882 - ERROR - {"chat_id": "19:49dc4a8af822b20d143ba2ef@thread.v2", "dominant_topic": "Cross-Department Project Update", "error": "name 'message_count' is not defined", "generation_time": 0.00012922286987304688}
2025-09-16 14:56:12,882 - ERROR - {"chat_id": "19:24f8da91c38ba441955129a2@thread.v2", "dominant_topic": "Audit Planning Coordination", "error": "name 'message_count' is not defined", "generation_time": 9.989738464355469e-05}
2025-09-16 14:56:12,882 - ERROR - {"chat_id": "19:62a577675c73c97739c4cc29@thread.v2", "dominant_topic": "Network Performance Issue", "error": "name 'message_count' is not defined", "generation_time": 0.00011396408081054688}
2025-09-16 14:56:17,885 - ERROR - {"chat_id": "19:3239ef05003cb8544c3cb200@thread.v2", "dominant_topic": "Customer Insight Report", "error": "name 'message_count' is not defined", "generation_time": 0.00033283233642578125}
2025-09-16 14:56:17,886 - ERROR - {"chat_id": "19:612f1eaa02e5e6591d9719e6@thread.v2", "dominant_topic": "Financial Reporting Procedure", "error": "name 'message_count' is not defined", "generation_time": 0.00016045570373535156}
2025-09-16 14:56:17,886 - ERROR - {"chat_id": "19:1d621726955ae770066c49a0@thread.v2", "dominant_topic": "Technology Provider Communication", "error": "name 'message_count' is not defined", "generation_time": 0.00024318695068359375}
2025-09-16 14:56:17,887 - ERROR - {"chat_id": "19:0eb4138c8be81dad646a4510@thread.v2", "dominant_topic": "Performance Metric Tracking", "error": "name 'message_count' is not defined", "generation_time": 0.0001678466796875}
2025-09-16 14:56:17,887 - ERROR - {"chat_id": "19:cf507b3f6952aa33f38982de@thread.v2", "dominant_topic": "Performance Metric Tracking", "error": "name 'message_count' is not defined", "generation_time": 0.0002067089080810547}
2025-09-16 14:56:22,890 - ERROR - {"chat_id": "19:0b74e1b773241ae393479c36@thread.v2", "dominant_topic": "Performance Metric Tracking", "error": "name 'message_count' is not defined", "generation_time": 0.00023746490478515625}
2025-09-16 14:56:22,891 - ERROR - {"chat_id": "19:5516d6e3d5c175ffa3bb8810@thread.v2", "dominant_topic": "Leave Request Approval", "error": "name 'message_count' is not defined", "generation_time": 0.00015544891357421875}
2025-09-16 14:56:22,891 - ERROR - {"chat_id": "19:26e468dc2e4269f9d64781c9@thread.v2", "dominant_topic": "Software Issue Resolution", "error": "name 'message_count' is not defined", "generation_time": 0.00011944770812988281}
2025-09-16 14:56:22,891 - ERROR - {"chat_id": "19:e58cbcc727928d4f02cb7a2a@thread.v2", "dominant_topic": "Financial Reporting Procedure", "error": "name 'message_count' is not defined", "generation_time": 0.00010180473327636719}
2025-09-16 14:56:22,892 - ERROR - {"chat_id": "19:58b2bdcef1074ad5db0ba265@thread.v2", "dominant_topic": "Audit Feedback Review", "error": "name 'message_count' is not defined", "generation_time": 9.655952453613281e-05}
2025-09-16 14:56:27,894 - ERROR - {"chat_id": "19:32c31d394e38c752418bd7c4@thread.v2", "dominant_topic": "Authentication Service Down", "error": "name 'message_count' is not defined", "generation_time": 0.00026679039001464844}
2025-09-16 14:56:27,894 - ERROR - {"chat_id": "19:4d4a6a9e5b3c46b65937ab12@thread.v2", "dominant_topic": "Hardware Troubleshooting Help", "error": "name 'message_count' is not defined", "generation_time": 0.0001456737518310547}
2025-09-16 14:56:27,895 - ERROR - {"chat_id": "19:4719e2c2cd5ff3ac5915aa7a@thread.v2", "dominant_topic": "Documentation Request Alert", "error": "name 'message_count' is not defined", "generation_time": 0.0001220703125}
2025-09-16 14:56:27,895 - ERROR - {"chat_id": "19:5ebb8b5cf8cabf7d40fa4b80@thread.v2", "dominant_topic": "Control Testing Validation", "error": "name 'message_count' is not defined", "generation_time": 0.00015211105346679688}
2025-09-16 14:56:27,896 - ERROR - {"chat_id": "19:06e4fe693694e58b05dfa55e@thread.v2", "dominant_topic": "Business Continuity Activation", "error": "name 'message_count' is not defined", "generation_time": 0.00015091896057128906}
2025-09-16 14:56:32,898 - ERROR - {"chat_id": "19:d01fd8c03e5cde241cd1e915@thread.v2", "dominant_topic": "Attendance Management Alert", "error": "name 'message_count' is not defined", "generation_time": 0.0002624988555908203}
2025-09-16 14:56:32,898 - ERROR - {"chat_id": "19:48553f418104fc8cde3b8158@thread.v2", "dominant_topic": "Regulatory Response Management", "error": "name 'message_count' is not defined", "generation_time": 0.00016617774963378906}
2025-09-16 14:56:32,899 - ERROR - {"chat_id": "19:3053d00331bc9398ded83eda@thread.v2", "dominant_topic": "Leave Request Approval", "error": "name 'message_count' is not defined", "generation_time": 0.0001342296600341797}
2025-09-16 14:56:32,899 - ERROR - {"chat_id": "19:fce27ffee1032fee14152922@thread.v2", "dominant_topic": "Audit Planning Coordination", "error": "name 'message_count' is not defined", "generation_time": 0.00010466575622558594}
2025-09-16 14:56:32,900 - ERROR - {"chat_id": "19:48fc0a06959959a096147dfc@thread.v2", "dominant_topic": "Case Management Discussion", "error": "name 'message_count' is not defined", "generation_time": 9.369850158691406e-05}
2025-09-16 14:56:37,903 - ERROR - {"chat_id": "19:f25d6856438e9c9d2fa3d0ec@thread.v2", "dominant_topic": "Employee Relations Coordination", "error": "name 'message_count' is not defined", "generation_time": 0.0002548694610595703}
2025-09-16 14:56:37,904 - ERROR - {"chat_id": "19:8217708604ef76d16e7c166d@thread.v2", "dominant_topic": "Application Server Warning", "error": "name 'message_count' is not defined", "generation_time": 0.00018548965454101562}
2025-09-16 14:56:37,904 - ERROR - {"chat_id": "19:d813ecf8688086313bff1236@thread.v2", "dominant_topic": "Risk Assessment Update", "error": "name 'message_count' is not defined", "generation_time": 0.00012922286987304688}
2025-09-16 14:56:37,905 - ERROR - {"chat_id": "19:34f77cd2909b975430ebc6a3@thread.v2", "dominant_topic": "Database Access Problem", "error": "name 'message_count' is not defined", "generation_time": 9.107589721679688e-05}
2025-09-16 14:56:37,905 - ERROR - {"chat_id": "19:f5eb6f02c1b6a8ee2684e887@thread.v2", "dominant_topic": "Control Testing Validation", "error": "name 'message_count' is not defined", "generation_time": 0.00013399124145507812}
