2025-09-16 15:19:56,844 - ERROR - {"chat_id": "19:deefca54f22297d217c940eb@thread.v2", "dominant_topic": "Financial Reporting Procedure", "error": "'name'", "generation_time": 2.3126602172851562e-05}
2025-09-16 15:19:56,845 - ERROR - {"chat_id": "19:b9dfb1c6a2fc7d4fbac36afc@thread.v2", "dominant_topic": "Software Issue Resolution", "error": "'name'", "generation_time": 1.0251998901367188e-05}
2025-09-16 15:19:56,845 - ERROR - {"chat_id": "19:ba15dbb16d84065ae18d10ad@thread.v2", "dominant_topic": "Audit Feedback Review", "error": "'name'", "generation_time": 1.2874603271484375e-05}
2025-09-16 15:19:56,846 - ERROR - {"chat_id": "19:16adc0b3fbdb453575026d18@thread.v2", "dominant_topic": "Employee Relations Coordination", "error": "'name'", "generation_time": 7.3909759521484375e-06}
2025-09-16 15:19:56,846 - ERROR - {"chat_id": "19:543d858bbe5014ca52eb67d8@thread.v2", "dominant_topic": "Risk Assessment Update", "error": "'name'", "generation_time": 6.9141387939453125e-06}
2025-09-16 15:20:01,848 - ERROR - {"chat_id": "19:6d6d2c4ee7e891215ae2fce9@thread.v2", "dominant_topic": "GDPR Access Request", "error": "'name'", "generation_time": 4.267692565917969e-05}
2025-09-16 15:20:01,848 - ERROR - {"chat_id": "19:29e6ecc0deee435c0d22ed0c@thread.v2", "dominant_topic": "Workforce Planning Update", "error": "'name'", "generation_time": 1.6450881958007812e-05}
2025-09-16 15:20:01,849 - ERROR - {"chat_id": "19:e0860f845ea74db6c0f54a98@thread.v2", "dominant_topic": "Pipeline Management Discussion", "error": "'name'", "generation_time": 1.049041748046875e-05}
2025-09-16 15:20:01,849 - ERROR - {"chat_id": "19:b3e5ed8ecbddb2e8fc0a3120@thread.v2", "dominant_topic": "Network Performance Issue", "error": "'name'", "generation_time": 1.6927719116210938e-05}
2025-09-16 15:20:01,850 - ERROR - {"chat_id": "19:20f024874edbbcb45c3058db@thread.v2", "dominant_topic": "Workforce Planning Update", "error": "'name'", "generation_time": 1.4781951904296875e-05}
2025-09-16 15:20:06,852 - ERROR - {"chat_id": "19:ce55dfd924849344a89fc146@thread.v2", "dominant_topic": "Audit Planning Coordination", "error": "'name'", "generation_time": 3.838539123535156e-05}
2025-09-16 15:20:06,853 - ERROR - {"chat_id": "19:a6ae005d72d8ffd81401b984@thread.v2", "dominant_topic": "Audit Feedback Review", "error": "'name'", "generation_time": 1.5735626220703125e-05}
2025-09-16 15:20:06,853 - ERROR - {"chat_id": "19:1a8ad13d6083d5da8baa355a@thread.v2", "dominant_topic": "Team Coordination Update", "error": "'name'", "generation_time": 1.0013580322265625e-05}
2025-09-16 15:20:06,853 - ERROR - {"chat_id": "19:2a54d8e80364e6bcd27523d0@thread.v2", "dominant_topic": "Monthly Compliance Audit", "error": "'name'", "generation_time": 9.298324584960938e-06}
2025-09-16 15:20:06,854 - ERROR - {"chat_id": "19:b1f9fd693b66f52ff0e484d4@thread.v2", "dominant_topic": "Audit Feedback Review", "error": "'name'", "generation_time": 1.6450881958007812e-05}
2025-09-16 15:20:11,856 - ERROR - {"chat_id": "19:32c2d312803c3ba80fb812cf@thread.v2", "dominant_topic": "Shift Coverage Request", "error": "'name'", "generation_time": 4.1961669921875e-05}
2025-09-16 15:20:11,857 - ERROR - {"chat_id": "19:d844b2c1d85d98257f5b1052@thread.v2", "dominant_topic": "Audit Feedback Review", "error": "'name'", "generation_time": 1.6450881958007812e-05}
2025-09-16 15:20:11,857 - ERROR - {"chat_id": "19:4bbb73fc6cd7e55e367c7ffd@thread.v2", "dominant_topic": "Software Issue Resolution", "error": "'name'", "generation_time": 1.3113021850585938e-05}
2025-09-16 15:20:11,858 - ERROR - {"chat_id": "19:88c048f3d5d88c698dc127f2@thread.v2", "dominant_topic": "Employee Relations Coordination", "error": "'name'", "generation_time": 8.344650268554688e-06}
2025-09-16 15:20:11,858 - ERROR - {"chat_id": "19:973544b42fea84efef04fe97@thread.v2", "dominant_topic": "Risk Assessment Documentation", "error": "'name'", "generation_time": 1.9788742065429688e-05}
2025-09-16 15:20:16,861 - ERROR - {"chat_id": "19:a9a968bcfe308ab42cccede1@thread.v2", "dominant_topic": "Hardware Troubleshooting Help", "error": "'name'", "generation_time": 2.574920654296875e-05}
2025-09-16 15:20:16,861 - ERROR - {"chat_id": "19:f8998d28115a6fddb5d1fa1f@thread.v2", "dominant_topic": "Authentication Service Down", "error": "'name'", "generation_time": 1.2159347534179688e-05}
2025-09-16 15:20:16,861 - ERROR - {"chat_id": "19:01d703474d021a5a10268fc1@thread.v2", "dominant_topic": "Customer Insight Report", "error": "'name'", "generation_time": 8.344650268554688e-06}
2025-09-16 15:20:16,862 - ERROR - {"chat_id": "19:65627ac6e5560c0078e10b41@thread.v2", "dominant_topic": "Documentation Request Alert", "error": "'name'", "generation_time": 8.58306884765625e-06}
2025-09-16 15:20:16,862 - ERROR - {"chat_id": "19:f05a4b9b1ecd96e824176736@thread.v2", "dominant_topic": "Employee Relations Coordination", "error": "'name'", "generation_time": 7.152557373046875e-06}
