2025-09-16 09:27:17,787 - COLLECTION_STATS: total=2004, with_analysis=0, without_analysis=2004
2025-09-16 09:27:28,113 - BATCH_START: total_emails=2004, batch_size=3
2025-09-16 09:27:28,113 - BATCH_START: batch=1/668, records=3
2025-09-16 09:27:58,169 - SUCCESS_COUNT: 1
2025-09-16 09:28:20,884 - SUCCESS_COUNT: 2
2025-09-16 09:28:42,826 - SUCCESS_COUNT: 3
2025-09-16 09:28:42,828 - BATCH_COMPLETE: batch=1, successful=3, duration=74.71s, workers=5
2025-09-16 09:28:42,956 - DATABASE_SAVE: 3 records saved, total_updates: 3
2025-09-16 09:28:47,956 - BATCH_START: batch=2/668, records=3
2025-09-16 09:29:11,104 - SUCCESS_COUNT: 4
2025-09-16 09:29:32,564 - SUCCESS_COUNT: 5
2025-09-16 09:29:53,092 - SUCCESS_COUNT: 6
2025-09-16 09:29:53,094 - BATCH_COMPLETE: batch=2, successful=3, duration=65.14s, workers=5
2025-09-16 09:29:53,223 - DATABASE_SAVE: 3 records saved, total_updates: 6
2025-09-16 09:29:58,224 - BATCH_START: batch=3/668, records=3
2025-09-16 09:30:20,839 - SUCCESS_COUNT: 7
2025-09-16 09:30:43,655 - SUCCESS_COUNT: 8
2025-09-16 09:31:06,446 - SUCCESS_COUNT: 9
2025-09-16 09:31:06,448 - BATCH_COMPLETE: batch=3, successful=3, duration=68.22s, workers=5
2025-09-16 09:31:06,577 - DATABASE_SAVE: 3 records saved, total_updates: 9
2025-09-16 09:31:11,577 - BATCH_START: batch=4/668, records=3
2025-09-16 09:31:32,498 - SUCCESS_COUNT: 10
2025-09-16 09:31:54,153 - SUCCESS_COUNT: 11
2025-09-16 09:32:17,970 - SUCCESS_COUNT: 12
2025-09-16 09:32:17,972 - BATCH_COMPLETE: batch=4, successful=3, duration=66.39s, workers=5
2025-09-16 09:32:18,101 - DATABASE_SAVE: 3 records saved, total_updates: 12
2025-09-16 09:32:23,102 - BATCH_START: batch=5/668, records=3
2025-09-16 09:32:46,432 - SUCCESS_COUNT: 13
2025-09-16 09:33:08,254 - SUCCESS_COUNT: 14
2025-09-16 09:33:30,221 - SUCCESS_COUNT: 15
2025-09-16 09:33:30,224 - BATCH_COMPLETE: batch=5, successful=3, duration=67.12s, workers=5
2025-09-16 09:33:30,353 - DATABASE_SAVE: 3 records saved, total_updates: 15
2025-09-16 09:33:30,354 - PROGRESS_SUMMARY: batch=5/668, success=15, failures=0, db_updates=15
2025-09-16 09:33:35,355 - BATCH_START: batch=6/668, records=3
2025-09-16 09:33:58,683 - SUCCESS_COUNT: 16
2025-09-16 09:34:21,914 - SUCCESS_COUNT: 17
2025-09-16 09:34:44,190 - SUCCESS_COUNT: 18
2025-09-16 09:34:44,193 - BATCH_COMPLETE: batch=6, successful=3, duration=68.84s, workers=5
2025-09-16 09:34:44,322 - DATABASE_SAVE: 3 records saved, total_updates: 18
2025-09-16 09:34:49,322 - BATCH_START: batch=7/668, records=3
2025-09-16 09:35:12,304 - SUCCESS_COUNT: 19
2025-09-16 09:35:34,575 - SUCCESS_COUNT: 20
2025-09-16 09:35:55,297 - SUCCESS_COUNT: 21
2025-09-16 09:35:55,299 - BATCH_COMPLETE: batch=7, successful=3, duration=65.98s, workers=5
2025-09-16 09:35:55,429 - DATABASE_SAVE: 3 records saved, total_updates: 21
2025-09-16 09:36:00,429 - BATCH_START: batch=8/668, records=3
2025-09-16 09:36:22,398 - SUCCESS_COUNT: 22
2025-09-16 09:36:43,250 - SUCCESS_COUNT: 23
2025-09-16 09:37:04,462 - SUCCESS_COUNT: 24
2025-09-16 09:37:04,465 - BATCH_COMPLETE: batch=8, successful=3, duration=64.03s, workers=5
2025-09-16 09:37:04,595 - DATABASE_SAVE: 3 records saved, total_updates: 24
2025-09-16 09:37:09,595 - BATCH_START: batch=9/668, records=3
2025-09-16 09:37:32,099 - SUCCESS_COUNT: 25
2025-09-16 09:37:54,085 - SUCCESS_COUNT: 26
2025-09-16 09:38:16,416 - SUCCESS_COUNT: 27
2025-09-16 09:38:16,419 - BATCH_COMPLETE: batch=9, successful=3, duration=66.82s, workers=5
2025-09-16 09:38:16,549 - DATABASE_SAVE: 3 records saved, total_updates: 27
2025-09-16 09:38:21,550 - BATCH_START: batch=10/668, records=3
2025-09-16 09:38:43,802 - SUCCESS_COUNT: 28
2025-09-16 09:39:02,599 - SUCCESS_COUNT: 29
2025-09-16 09:39:23,806 - SUCCESS_COUNT: 30
2025-09-16 09:39:23,810 - BATCH_COMPLETE: batch=10, successful=3, duration=62.26s, workers=5
2025-09-16 09:39:23,942 - DATABASE_SAVE: 3 records saved, total_updates: 30
2025-09-16 09:39:23,944 - PROGRESS_SUMMARY: batch=10/668, success=30, failures=0, db_updates=30
2025-09-16 09:39:28,944 - BATCH_START: batch=11/668, records=3
2025-09-16 09:39:51,647 - SUCCESS_COUNT: 31
2025-09-16 09:40:13,920 - SUCCESS_COUNT: 32
2025-09-16 09:40:36,929 - SUCCESS_COUNT: 33
2025-09-16 09:40:36,933 - BATCH_COMPLETE: batch=11, successful=3, duration=67.99s, workers=5
2025-09-16 09:40:37,064 - DATABASE_SAVE: 3 records saved, total_updates: 33
2025-09-16 09:40:42,065 - BATCH_START: batch=12/668, records=3
2025-09-16 09:41:03,547 - SUCCESS_COUNT: 34
2025-09-16 09:41:26,773 - SUCCESS_COUNT: 35
2025-09-16 09:41:47,578 - SUCCESS_COUNT: 36
2025-09-16 09:41:47,582 - BATCH_COMPLETE: batch=12, successful=3, duration=65.52s, workers=5
2025-09-16 09:41:47,713 - DATABASE_SAVE: 3 records saved, total_updates: 36
2025-09-16 09:41:52,713 - BATCH_START: batch=13/668, records=3
2025-09-16 09:42:15,618 - SUCCESS_COUNT: 37
2025-09-16 09:42:37,600 - SUCCESS_COUNT: 38
2025-09-16 09:42:57,885 - SUCCESS_COUNT: 39
2025-09-16 09:42:57,889 - BATCH_COMPLETE: batch=13, successful=3, duration=65.17s, workers=5
2025-09-16 09:42:58,020 - DATABASE_SAVE: 3 records saved, total_updates: 39
2025-09-16 09:43:03,021 - BATCH_START: batch=14/668, records=3
2025-09-16 09:43:24,465 - SUCCESS_COUNT: 40
2025-09-16 09:43:46,862 - SUCCESS_COUNT: 41
2025-09-16 09:44:09,133 - SUCCESS_COUNT: 42
2025-09-16 09:44:09,137 - BATCH_COMPLETE: batch=14, successful=3, duration=66.12s, workers=5
2025-09-16 09:44:09,268 - DATABASE_SAVE: 3 records saved, total_updates: 42
2025-09-16 09:44:14,269 - BATCH_START: batch=15/668, records=3
2025-09-16 09:44:36,387 - SUCCESS_COUNT: 43
2025-09-16 09:44:58,475 - SUCCESS_COUNT: 44
2025-09-16 09:45:19,874 - SUCCESS_COUNT: 45
2025-09-16 09:45:19,876 - BATCH_COMPLETE: batch=15, successful=3, duration=65.61s, workers=5
2025-09-16 09:45:20,007 - DATABASE_SAVE: 3 records saved, total_updates: 45
2025-09-16 09:45:20,008 - PROGRESS_SUMMARY: batch=15/668, success=45, failures=0, db_updates=45
2025-09-16 09:45:25,009 - BATCH_START: batch=16/668, records=3
2025-09-16 09:45:49,208 - SUCCESS_COUNT: 46
2025-09-16 09:46:09,724 - SUCCESS_COUNT: 47
2025-09-16 09:46:31,342 - SUCCESS_COUNT: 48
2025-09-16 09:46:31,346 - BATCH_COMPLETE: batch=16, successful=3, duration=66.34s, workers=5
2025-09-16 09:46:31,478 - DATABASE_SAVE: 3 records saved, total_updates: 48
2025-09-16 09:46:36,479 - BATCH_START: batch=17/668, records=3
2025-09-16 09:46:57,636 - SUCCESS_COUNT: 49
2025-09-16 09:47:17,851 - SUCCESS_COUNT: 50
2025-09-16 09:47:38,609 - SUCCESS_COUNT: 51
2025-09-16 09:47:38,613 - BATCH_COMPLETE: batch=17, successful=3, duration=62.13s, workers=5
2025-09-16 09:47:38,745 - DATABASE_SAVE: 3 records saved, total_updates: 51
2025-09-16 09:47:43,746 - BATCH_START: batch=18/668, records=3
2025-09-16 09:48:09,005 - SUCCESS_COUNT: 52
2025-09-16 09:48:29,612 - SUCCESS_COUNT: 53
2025-09-16 09:48:49,272 - SUCCESS_COUNT: 54
2025-09-16 09:48:49,275 - BATCH_COMPLETE: batch=18, successful=3, duration=65.53s, workers=5
2025-09-16 09:48:49,407 - DATABASE_SAVE: 3 records saved, total_updates: 54
2025-09-16 09:48:54,407 - BATCH_START: batch=19/668, records=3
2025-09-16 09:49:15,440 - SUCCESS_COUNT: 55
2025-09-16 09:49:37,511 - SUCCESS_COUNT: 56
2025-09-16 09:49:58,575 - SUCCESS_COUNT: 57
2025-09-16 09:49:58,579 - BATCH_COMPLETE: batch=19, successful=3, duration=64.17s, workers=5
2025-09-16 09:49:58,713 - DATABASE_SAVE: 3 records saved, total_updates: 57
2025-09-16 09:50:03,713 - BATCH_START: batch=20/668, records=3
2025-09-16 09:50:24,358 - SUCCESS_COUNT: 58
2025-09-16 09:50:45,193 - SUCCESS_COUNT: 59
2025-09-16 09:51:06,367 - SUCCESS_COUNT: 60
2025-09-16 09:51:06,372 - BATCH_COMPLETE: batch=20, successful=3, duration=62.66s, workers=5
2025-09-16 09:51:06,504 - DATABASE_SAVE: 3 records saved, total_updates: 60
2025-09-16 09:51:06,506 - PROGRESS_SUMMARY: batch=20/668, success=60, failures=0, db_updates=60
2025-09-16 09:51:11,507 - BATCH_START: batch=21/668, records=3
2025-09-16 09:51:34,947 - SUCCESS_COUNT: 61
2025-09-16 09:51:55,715 - SUCCESS_COUNT: 62
