2025-09-17 01:04:02,002 - COLLECTION_STATS: total=600, with_analysis=0, without_analysis=600
2025-09-17 01:04:11,261 - BATCH_START: total_chats=600, batch_size=3
2025-09-17 01:04:11,262 - BATCH_START: batch=1/200, records=3
2025-09-17 01:05:07,921 - SUCCESS_COUNT: 1
2025-09-17 01:05:13,278 - SUCCESS_COUNT: 2
2025-09-17 01:06:12,737 - SUCCESS_COUNT: 3
2025-09-17 01:06:12,741 - BATCH_COMPLETE: batch=1, successful=3, duration=121.48s
2025-09-17 01:06:13,277 - DATABASE_SAVE: 3 records saved, total_updates: 3
2025-09-17 01:06:18,280 - BATCH_START: batch=2/200, records=3
2025-09-17 01:07:27,698 - SUCCESS_COUNT: 4
2025-09-17 01:07:36,285 - FAILURE_COUNT: 1
2025-09-17 01:08:11,946 - SUCCESS_COUNT: 5
2025-09-17 01:08:11,956 - BATCH_COMPLETE: batch=2, successful=2, duration=113.67s
2025-09-17 01:08:16,958 - BATCH_START: batch=3/200, records=3
2025-09-17 01:09:39,485 - FAILURE_COUNT: 2
2025-09-17 01:09:55,253 - SUCCESS_COUNT: 6
2025-09-17 01:11:08,074 - SUCCESS_COUNT: 7
2025-09-17 01:11:08,085 - BATCH_COMPLETE: batch=3, successful=2, duration=171.12s
2025-09-17 01:11:08,360 - DATABASE_SAVE: 4 records saved, total_updates: 7
2025-09-17 01:11:13,361 - BATCH_START: batch=4/200, records=3
2025-09-17 01:12:02,534 - FAILURE_COUNT: 3
2025-09-17 01:13:16,778 - SUCCESS_COUNT: 8
2025-09-17 01:13:28,655 - SUCCESS_COUNT: 9
2025-09-17 01:13:28,661 - BATCH_COMPLETE: batch=4, successful=2, duration=135.30s
2025-09-17 01:13:33,663 - BATCH_START: batch=5/200, records=3
2025-09-17 01:14:36,811 - SUCCESS_COUNT: 10
2025-09-17 01:14:59,913 - SUCCESS_COUNT: 11
2025-09-17 01:15:42,496 - SUCCESS_COUNT: 12
2025-09-17 01:15:42,504 - BATCH_COMPLETE: batch=5, successful=3, duration=128.84s
2025-09-17 01:15:42,827 - DATABASE_SAVE: 5 records saved, total_updates: 12
2025-09-17 01:15:42,829 - PROGRESS_SUMMARY: batch=5/200, success=12, failures=3, db_updates=12
2025-09-17 01:15:47,830 - BATCH_START: batch=6/200, records=3
2025-09-17 01:16:40,544 - SUCCESS_COUNT: 13
2025-09-17 01:17:07,366 - FAILURE_COUNT: 4
2025-09-17 01:17:46,216 - SUCCESS_COUNT: 14
2025-09-17 01:17:46,222 - BATCH_COMPLETE: batch=6, successful=2, duration=118.39s
2025-09-17 01:17:51,224 - BATCH_START: batch=7/200, records=3
2025-09-17 01:18:47,870 - FAILURE_COUNT: 5
2025-09-17 01:18:57,570 - SUCCESS_COUNT: 15
2025-09-17 01:19:35,842 - FAILURE_COUNT: 6
2025-09-17 01:19:35,844 - BATCH_COMPLETE: batch=7, successful=1, duration=104.62s
2025-09-17 01:19:36,107 - DATABASE_SAVE: 3 records saved, total_updates: 15
2025-09-17 01:19:41,111 - BATCH_START: batch=8/200, records=3
2025-09-17 01:21:15,650 - SUCCESS_COUNT: 16
2025-09-17 01:21:45,182 - FAILURE_COUNT: 7
2025-09-17 01:22:04,651 - FAILURE_COUNT: 8
2025-09-17 01:22:04,653 - BATCH_COMPLETE: batch=8, successful=1, duration=143.54s
2025-09-17 01:22:09,654 - BATCH_START: batch=9/200, records=3
2025-09-17 01:23:49,968 - FAILURE_COUNT: 9
2025-09-17 01:23:53,750 - FAILURE_COUNT: 10
2025-09-17 01:24:37,005 - FAILURE_COUNT: 11
2025-09-17 01:24:37,007 - BATCH_COMPLETE: batch=9, successful=0, duration=147.35s
2025-09-17 01:24:42,009 - BATCH_START: batch=10/200, records=3
2025-09-17 01:25:49,137 - SUCCESS_COUNT: 17
2025-09-17 01:25:56,946 - SUCCESS_COUNT: 18
2025-09-17 01:27:07,930 - SUCCESS_COUNT: 19
2025-09-17 01:27:07,939 - BATCH_COMPLETE: batch=10, successful=3, duration=145.93s
2025-09-17 01:27:08,208 - DATABASE_SAVE: 4 records saved, total_updates: 19
2025-09-17 01:27:08,212 - PROGRESS_SUMMARY: batch=10/200, success=19, failures=11, db_updates=19
2025-09-17 01:27:13,216 - BATCH_START: batch=11/200, records=3
2025-09-17 01:28:04,330 - SUCCESS_COUNT: 20
2025-09-17 01:28:14,256 - SUCCESS_COUNT: 21
2025-09-17 01:29:21,874 - FAILURE_COUNT: 12
2025-09-17 01:29:21,878 - BATCH_COMPLETE: batch=11, successful=2, duration=128.66s
2025-09-17 01:29:21,881 - FINAL_SUMMARY: total_updated=19, success=21, failures=12
2025-09-17 01:29:22,654 - COLLECTION_STATS: total=600, with_analysis=19, without_analysis=581
