2025-09-16 09:15:12,003 - COLLECTION_STATS: total=2004, with_analysis=0, without_analysis=2004
2025-09-16 09:15:22,566 - BATCH_START: total_emails=2004, batch_size=3
2025-09-16 09:15:22,566 - BATCH_START: batch=1/668, records=3
2025-09-16 09:15:54,067 - SUCCESS_COUNT: 1
2025-09-16 09:16:17,671 - SUCCESS_COUNT: 2
2025-09-16 09:16:40,040 - SUCCESS_COUNT: 3
2025-09-16 09:16:40,041 - BATCH_COMPLETE: batch=1, successful=3, duration=77.47s
2025-09-16 09:16:40,169 - DATABASE_SAVE: 3 records saved, total_updates: 3
2025-09-16 09:16:45,170 - BATCH_START: batch=2/668, records=3
2025-09-16 09:17:06,784 - SUCCESS_COUNT: 4
2025-09-16 09:17:26,683 - SUCCESS_COUNT: 5
2025-09-16 09:17:47,044 - SUCCESS_COUNT: 6
2025-09-16 09:17:47,046 - BATCH_COMPLETE: batch=2, successful=3, duration=61.88s
2025-09-16 09:17:47,174 - DATABASE_SAVE: 3 records saved, total_updates: 6
2025-09-16 09:17:52,175 - BATCH_START: batch=3/668, records=3
2025-09-16 09:18:14,396 - SUCCESS_COUNT: 7
2025-09-16 09:18:35,890 - SUCCESS_COUNT: 8
2025-09-16 09:18:58,061 - SUCCESS_COUNT: 9
2025-09-16 09:18:58,062 - BATCH_COMPLETE: batch=3, successful=3, duration=65.89s
2025-09-16 09:18:58,193 - DATABASE_SAVE: 3 records saved, total_updates: 9
2025-09-16 09:19:03,193 - BATCH_START: batch=4/668, records=3
2025-09-16 09:19:26,898 - SUCCESS_COUNT: 10
2025-09-16 09:19:47,418 - SUCCESS_COUNT: 11
2025-09-16 09:20:09,077 - SUCCESS_COUNT: 12
2025-09-16 09:20:09,079 - BATCH_COMPLETE: batch=4, successful=3, duration=65.88s
2025-09-16 09:20:09,207 - DATABASE_SAVE: 3 records saved, total_updates: 12
2025-09-16 09:20:14,208 - BATCH_START: batch=5/668, records=3
2025-09-16 09:20:37,387 - SUCCESS_COUNT: 13
2025-09-16 09:20:58,373 - SUCCESS_COUNT: 14
2025-09-16 09:21:19,128 - SUCCESS_COUNT: 15
2025-09-16 09:21:19,129 - BATCH_COMPLETE: batch=5, successful=3, duration=64.92s
2025-09-16 09:21:19,256 - DATABASE_SAVE: 3 records saved, total_updates: 15
2025-09-16 09:21:19,258 - PROGRESS_SUMMARY: batch=5/668, success=15, failures=0, db_updates=15
2025-09-16 09:21:24,258 - BATCH_START: batch=6/668, records=3
2025-09-16 09:21:47,208 - SUCCESS_COUNT: 16
2025-09-16 09:22:08,901 - SUCCESS_COUNT: 17
2025-09-16 09:22:30,672 - SUCCESS_COUNT: 18
2025-09-16 09:22:30,674 - BATCH_COMPLETE: batch=6, successful=1, duration=66.42s
2025-09-16 09:22:30,674 - FINAL_SUMMARY: total_updated=15, success=18, failures=0
2025-09-16 09:22:31,079 - COLLECTION_STATS: total=1000, with_analysis=0, without_analysis=1000
