2025-09-16 13:13:24,510 - COLLECTION_STATS: total=2004, with_analysis=0, without_analysis=2004
2025-09-16 13:13:38,946 - BATCH_START: total_emails=2004, batch_size=3
2025-09-16 13:13:38,947 - BATCH_START: batch=1/668, records=3
2025-09-16 13:14:08,588 - SUCCESS_COUNT: 1
2025-09-16 13:14:08,917 - SUCCESS_COUNT: 2
2025-09-16 13:14:38,549 - SUCCESS_COUNT: 3
2025-09-16 13:14:38,555 - BATCH_COMPLETE: batch=1, successful=3, duration=59.61s
2025-09-16 13:14:38,935 - DATABASE_SAVE: 3 records saved, total_updates: 3
2025-09-16 13:14:43,936 - BATCH_START: batch=2/668, records=3
2025-09-16 13:15:10,530 - SUCCESS_COUNT: 4
2025-09-16 13:15:12,569 - SUCCESS_COUNT: 5
2025-09-16 13:15:46,714 - SUCCESS_COUNT: 6
2025-09-16 13:15:46,721 - BATCH_COMPLETE: batch=2, successful=3, duration=62.78s
2025-09-16 13:15:47,041 - DATABASE_SAVE: 3 records saved, total_updates: 6
2025-09-16 13:15:52,042 - BATCH_START: batch=3/668, records=3
2025-09-16 13:16:23,063 - SUCCESS_COUNT: 7
2025-09-16 13:16:25,621 - SUCCESS_COUNT: 8
2025-09-16 13:16:49,638 - SUCCESS_COUNT: 9
2025-09-16 13:16:49,645 - BATCH_COMPLETE: batch=3, successful=3, duration=57.60s
2025-09-16 13:16:50,020 - DATABASE_SAVE: 3 records saved, total_updates: 9
2025-09-16 13:16:55,024 - BATCH_START: batch=4/668, records=3
2025-09-16 13:17:23,177 - SUCCESS_COUNT: 10
2025-09-16 13:17:26,169 - SUCCESS_COUNT: 11
2025-09-16 13:17:51,634 - SUCCESS_COUNT: 12
2025-09-16 13:17:51,640 - BATCH_COMPLETE: batch=4, successful=3, duration=56.62s
2025-09-16 13:17:51,970 - DATABASE_SAVE: 3 records saved, total_updates: 12
2025-09-16 13:17:56,974 - BATCH_START: batch=5/668, records=3
2025-09-16 13:18:26,408 - SUCCESS_COUNT: 13
2025-09-16 13:18:26,858 - SUCCESS_COUNT: 14
2025-09-16 13:18:57,500 - SUCCESS_COUNT: 15
2025-09-16 13:18:57,507 - BATCH_COMPLETE: batch=5, successful=3, duration=60.53s
2025-09-16 13:18:57,813 - DATABASE_SAVE: 3 records saved, total_updates: 15
2025-09-16 13:18:57,818 - PROGRESS_SUMMARY: batch=5/668, success=15, failures=0, db_updates=15
2025-09-16 13:19:02,819 - BATCH_START: batch=6/668, records=3
2025-09-16 13:19:31,903 - SUCCESS_COUNT: 16
2025-09-16 13:19:34,442 - SUCCESS_COUNT: 17
2025-09-16 13:20:00,633 - SUCCESS_COUNT: 18
2025-09-16 13:20:00,641 - BATCH_COMPLETE: batch=6, successful=3, duration=57.82s
2025-09-16 13:20:00,971 - DATABASE_SAVE: 3 records saved, total_updates: 18
2025-09-16 13:20:05,973 - BATCH_START: batch=7/668, records=3
2025-09-16 13:20:34,143 - SUCCESS_COUNT: 19
2025-09-16 13:20:35,342 - SUCCESS_COUNT: 20
2025-09-16 13:21:04,249 - SUCCESS_COUNT: 21
2025-09-16 13:21:04,257 - BATCH_COMPLETE: batch=7, successful=3, duration=58.28s
2025-09-16 13:21:04,584 - DATABASE_SAVE: 3 records saved, total_updates: 21
2025-09-16 13:21:09,587 - BATCH_START: batch=8/668, records=3
2025-09-16 13:21:37,247 - SUCCESS_COUNT: 22
2025-09-16 13:21:39,809 - SUCCESS_COUNT: 23
2025-09-16 13:22:04,364 - SUCCESS_COUNT: 24
2025-09-16 13:22:04,373 - BATCH_COMPLETE: batch=8, successful=3, duration=54.79s
2025-09-16 13:22:04,782 - DATABASE_SAVE: 3 records saved, total_updates: 24
2025-09-16 13:22:09,786 - BATCH_START: batch=9/668, records=3
2025-09-16 13:22:36,923 - SUCCESS_COUNT: 25
2025-09-16 13:22:37,261 - SUCCESS_COUNT: 26
2025-09-16 13:23:07,232 - SUCCESS_COUNT: 27
2025-09-16 13:23:07,240 - BATCH_COMPLETE: batch=9, successful=3, duration=57.45s
2025-09-16 13:23:08,462 - DATABASE_SAVE: 3 records saved, total_updates: 27
2025-09-16 13:23:13,464 - BATCH_START: batch=10/668, records=3
2025-09-16 13:23:40,422 - SUCCESS_COUNT: 28
2025-09-16 13:23:44,426 - SUCCESS_COUNT: 29
2025-09-16 13:24:06,257 - SUCCESS_COUNT: 30
2025-09-16 13:24:06,267 - BATCH_COMPLETE: batch=10, successful=2, duration=52.80s
2025-09-16 13:24:06,269 - PROGRESS_SUMMARY: batch=10/668, success=30, failures=0, db_updates=27
2025-09-16 13:24:06,271 - FINAL_SUMMARY: total_updated=27, success=30, failures=0
2025-09-16 13:24:07,263 - COLLECTION_STATS: total=2004, with_analysis=27, without_analysis=1977
