2025-09-16 09:27:58,168 - {"thread_id": "conv_m365_b95922d34b8a", "dominant_topic": "Internal Audit", "generation_time": 30.054787635803223, "message_count": 1}
2025-09-16 09:28:20,884 - {"thread_id": "conv_m365_b1014ac35f75", "dominant_topic": "Cross-Border Transfer Problem", "generation_time": 52.76935601234436, "message_count": 1}
2025-09-16 09:28:42,826 - {"thread_id": "conv_m365_30d11d7521a5", "dominant_topic": "Covenant Breach Alert", "generation_time": 74.71041941642761, "message_count": 1}
2025-09-16 09:29:11,103 - {"thread_id": "conv_m365_d223c6ab57ff", "dominant_topic": "IT Marketing Unresolved", "generation_time": 23.14417839050293, "message_count": 1}
2025-09-16 09:29:32,564 - {"thread_id": "conv_m365_cafc4146ffa3", "dominant_topic": "User Access Approval", "generation_time": 44.60555815696716, "message_count": 1}
2025-09-16 09:29:53,092 - {"thread_id": "conv_m365_e3b872ca3b3e", "dominant_topic": "Account Opening Issue", "generation_time": 65.13515186309814, "message_count": 1}
2025-09-16 09:30:20,838 - {"thread_id": "conv_m365_e41e9197f527", "dominant_topic": "Open Banking API", "generation_time": 22.61320209503174, "message_count": 1}
2025-09-16 09:30:43,655 - {"thread_id": "conv_m365_9db1590b1177", "dominant_topic": "Euro Clearing Problem", "generation_time": 45.43082022666931, "message_count": 1}
2025-09-16 09:31:06,445 - {"thread_id": "conv_m365_1664ec5618c9", "dominant_topic": "Executive Decision Required", "generation_time": 68.21927905082703, "message_count": 1}
2025-09-16 09:31:32,498 - {"thread_id": "conv_m365_5713c45bb886", "dominant_topic": "Vendor Management", "generation_time": 20.917295217514038, "message_count": 1}
2025-09-16 09:31:54,153 - {"thread_id": "conv_m365_efe62972ec55", "dominant_topic": "SEPA Instant Failure", "generation_time": 42.573941469192505, "message_count": 1}
2025-09-16 09:32:17,970 - {"thread_id": "conv_m365_7a0c7fc57aa6", "dominant_topic": "Documentary Collection Issue", "generation_time": 66.39263272285461, "message_count": 1}
2025-09-16 09:32:46,432 - {"thread_id": "conv_m365_146cc54b1c58", "dominant_topic": "Facility Renewal Inquiry", "generation_time": 23.326255083084106, "message_count": 1}
2025-09-16 09:33:08,254 - {"thread_id": "conv_m365_b8169003540e", "dominant_topic": "Reporting Platform Issue", "generation_time": 45.151288747787476, "message_count": 1}
2025-09-16 09:33:30,221 - {"thread_id": "conv_m365_ded8bfb257df", "dominant_topic": "Approval Required", "generation_time": 67.11721682548523, "message_count": 1}
2025-09-16 09:33:58,683 - {"thread_id": "conv_m365_1269a82df35f", "dominant_topic": "Regulatory Documentation Need", "generation_time": 23.326393127441406, "message_count": 1}
2025-09-16 09:34:21,914 - {"thread_id": "conv_m365_57974a1e8f8e", "dominant_topic": "AML Documentation Request", "generation_time": 46.558382511138916, "message_count": 1}
2025-09-16 09:34:44,190 - {"thread_id": "conv_m365_e9750752b518", "dominant_topic": "Regulatory Documentation Need", "generation_time": 68.83370637893677, "message_count": 1}
2025-09-16 09:35:12,304 - {"thread_id": "conv_m365_d762a7547624", "dominant_topic": "Media Inquiry Email", "generation_time": 22.978453159332275, "message_count": 1}
2025-09-16 09:35:34,575 - {"thread_id": "conv_m365_a4e6902cbc5b", "dominant_topic": "Relationship Manager Request", "generation_time": 45.250036001205444, "message_count": 1}
2025-09-16 09:35:55,296 - {"thread_id": "conv_m365_6763743cc47f", "dominant_topic": "ECB Policy Update", "generation_time": 65.97344398498535, "message_count": 1}
2025-09-16 09:36:22,398 - {"thread_id": "conv_m365_177f027ebb63", "dominant_topic": "Credit Line Utilization", "generation_time": 21.968434810638428, "message_count": 1}
2025-09-16 09:36:43,250 - {"thread_id": "conv_m365_64016817a74a", "dominant_topic": "Check Clearing Issue", "generation_time": 42.81999969482422, "message_count": 1}
2025-09-16 09:37:04,461 - {"thread_id": "conv_m365_042e7a968ebb", "dominant_topic": "EU Taxonomy Reporting", "generation_time": 64.02990794181824, "message_count": 1}
2025-09-16 09:37:32,099 - {"thread_id": "conv_m365_6c191aaa8f79", "dominant_topic": "Enhanced Due Diligence", "generation_time": 22.499948978424072, "message_count": 1}
2025-09-16 09:37:54,084 - {"thread_id": "conv_m365_334baefc8c60", "dominant_topic": "System Outage Notification", "generation_time": 44.487165689468384, "message_count": 1}
2025-09-16 09:38:16,416 - {"thread_id": "conv_m365_1be93b94be7d", "dominant_topic": "Overdraft Facility Request", "generation_time": 66.81977963447571, "message_count": 1}
2025-09-16 09:38:43,802 - {"thread_id": "conv_m365_418e7ed33e47", "dominant_topic": "SEPA Instant Failure", "generation_time": 22.251365900039673, "message_count": 1}
2025-09-16 09:39:02,599 - {"thread_id": "conv_m365_eff5af5e5ac3", "dominant_topic": "Consent Withdrawal Notification", "generation_time": 41.04636192321777, "message_count": 1}
2025-09-16 09:39:23,806 - {"thread_id": "conv_m365_3c95ba67ad19", "dominant_topic": "Corporate Loan Inquiry", "generation_time": 62.25400996208191, "message_count": 1}
2025-09-16 09:39:51,647 - {"thread_id": "conv_m365_a637592f6050", "dominant_topic": "Bond Trading Problem", "generation_time": 22.701926231384277, "message_count": 1}
2025-09-16 09:40:13,920 - {"thread_id": "conv_m365_2d78aa6c9905", "dominant_topic": "FATCA Compliance Issue", "generation_time": 44.97508430480957, "message_count": 1}
2025-09-16 09:40:36,929 - {"thread_id": "conv_m365_a53ba4d77f49", "dominant_topic": "Data Sharing Problem", "generation_time": 67.98235750198364, "message_count": 1}
2025-09-16 09:41:03,547 - {"thread_id": "conv_m365_d05a1fd32696", "dominant_topic": "IT Access Problem", "generation_time": 21.478508710861206, "message_count": 1}
2025-09-16 09:41:26,773 - {"thread_id": "conv_m365_750f7b276470", "dominant_topic": "Export Documentation Error", "generation_time": 44.70745849609375, "message_count": 1}
2025-09-16 09:41:47,578 - {"thread_id": "conv_m365_0244a57bb2e6", "dominant_topic": "RegTech Alert", "generation_time": 65.51153874397278, "message_count": 1}
2025-09-16 09:42:15,618 - {"thread_id": "conv_m365_f992e3abab76", "dominant_topic": "Account Opening Issue", "generation_time": 22.90287733078003, "message_count": 1}
2025-09-16 09:42:37,600 - {"thread_id": "conv_m365_1a62bb666d6d", "dominant_topic": "Performance Management", "generation_time": 44.88286733627319, "message_count": 1}
2025-09-16 09:42:57,885 - {"thread_id": "conv_m365_751370663e09", "dominant_topic": "Right Erasure Demand", "generation_time": 65.1708447933197, "message_count": 1}
2025-09-16 09:43:24,465 - {"thread_id": "conv_m365_036153cc0a08", "dominant_topic": "Mobile App Issue", "generation_time": 21.44371008872986, "message_count": 1}
2025-09-16 09:43:46,862 - {"thread_id": "conv_m365_f153832395c5", "dominant_topic": "Facility Renewal Inquiry", "generation_time": 43.83772611618042, "message_count": 1}
2025-09-16 09:44:09,133 - {"thread_id": "conv_m365_e5a263e8d9b3", "dominant_topic": "API Connectivity Issue", "generation_time": 66.10966110229492, "message_count": 1}
2025-09-16 09:44:36,387 - {"thread_id": "conv_m365_47a64adec0f6", "dominant_topic": "Foreign Exchange Problem", "generation_time": 22.118040800094604, "message_count": 1}
2025-09-16 09:44:58,475 - {"thread_id": "conv_m365_2dbe404c1557", "dominant_topic": "Phone Banking Issue", "generation_time": 44.20478439331055, "message_count": 1}
2025-09-16 09:45:19,874 - {"thread_id": "conv_m365_faeea59f480e", "dominant_topic": "Transaction Processing Error", "generation_time": 65.60271143913269, "message_count": 1}
2025-09-16 09:45:49,208 - {"thread_id": "conv_m365_05947f7464b9", "dominant_topic": "Interest Rate Query", "generation_time": 24.196765899658203, "message_count": 1}
2025-09-16 09:46:09,724 - {"thread_id": "conv_m365_f3333fd5066a", "dominant_topic": "POS Terminal Issue", "generation_time": 44.71326208114624, "message_count": 1}
2025-09-16 09:46:31,342 - {"thread_id": "conv_m365_77a8b5a62882", "dominant_topic": "Wealth Management Issue", "generation_time": 66.3324089050293, "message_count": 1}
2025-09-16 09:46:57,635 - {"thread_id": "conv_m365_e6a65f04844c", "dominant_topic": "ECB Policy Update", "generation_time": 21.156155347824097, "message_count": 1}
2025-09-16 09:47:17,851 - {"thread_id": "conv_m365_0773e75f498d", "dominant_topic": "SEPA Payment Failure", "generation_time": 41.37065005302429, "message_count": 1}
2025-09-16 09:47:38,609 - {"thread_id": "conv_m365_d458421cce8b", "dominant_topic": "Customer Feedback Report", "generation_time": 62.12640404701233, "message_count": 1}
2025-09-16 09:48:09,005 - {"thread_id": "conv_m365_75627d32e3b5", "dominant_topic": "Documentary Collection Issue", "generation_time": 25.256921768188477, "message_count": 1}
2025-09-16 09:48:29,612 - {"thread_id": "conv_m365_0efb619b14f5", "dominant_topic": "ACH Processing Error", "generation_time": 45.865949869155884, "message_count": 1}
2025-09-16 09:48:49,272 - {"thread_id": "conv_m365_ad2994535b51", "dominant_topic": "IT Access Problem", "generation_time": 65.52295780181885, "message_count": 1}
2025-09-16 09:49:15,439 - {"thread_id": "conv_m365_216da8a7c6cd", "dominant_topic": "Mobile App Issue", "generation_time": 21.029781103134155, "message_count": 1}
2025-09-16 09:49:37,511 - {"thread_id": "conv_m365_7620eb28f8d9", "dominant_topic": "Export Documentation Error", "generation_time": 43.09967494010925, "message_count": 1}
2025-09-16 09:49:58,575 - {"thread_id": "conv_m365_d59bec49b3b4", "dominant_topic": "Performance Management", "generation_time": 64.16689848899841, "message_count": 1}
2025-09-16 09:50:24,358 - {"thread_id": "conv_m365_e3452fafa843", "dominant_topic": "Credit Line Utilization", "generation_time": 20.64150643348694, "message_count": 1}
2025-09-16 09:50:45,193 - {"thread_id": "conv_m365_3723e043a65d", "dominant_topic": "Investment Service Question", "generation_time": 41.47904133796692, "message_count": 1}
2025-09-16 09:51:06,367 - {"thread_id": "conv_m365_f3f9ca2e8c65", "dominant_topic": "IT Marketing Unresolved", "generation_time": 62.65131616592407, "message_count": 1}
2025-09-16 09:51:34,947 - {"thread_id": "conv_m365_3eab41154176", "dominant_topic": "Complaint Resolution Request", "generation_time": 23.43789291381836, "message_count": 1}
2025-09-16 09:51:55,715 - {"thread_id": "conv_m365_8f049067b55b", "dominant_topic": "Client Categorization Update", "generation_time": 44.207552433013916, "message_count": 1}
