2025-09-16 13:14:08,587 - {"thread_id": "conv_m365_b95922d34b8a", "dominant_topic": "Internal Audit", "generation_time": 29.63956069946289, "message_count": 1}
2025-09-16 13:14:08,917 - {"thread_id": "conv_m365_b1014ac35f75", "dominant_topic": "Cross-Border Transfer Problem", "generation_time": 29.967110633850098, "message_count": 1}
2025-09-16 13:14:38,549 - {"thread_id": "conv_m365_30d11d7521a5", "dominant_topic": "Covenant Breach Alert", "generation_time": 29.95689606666565, "message_count": 1}
2025-09-16 13:15:10,530 - {"thread_id": "conv_m365_e3b872ca3b3e", "dominant_topic": "Account Opening Issue", "generation_time": 26.59250569343567, "message_count": 1}
2025-09-16 13:15:12,569 - {"thread_id": "conv_m365_cafc4146ffa3", "dominant_topic": "User Access Approval", "generation_time": 28.628307342529297, "message_count": 1}
2025-09-16 13:15:46,713 - {"thread_id": "conv_m365_d223c6ab57ff", "dominant_topic": "IT Marketing Unresolved", "generation_time": 36.18056678771973, "message_count": 1}
2025-09-16 13:16:23,063 - {"thread_id": "conv_m365_e41e9197f527", "dominant_topic": "Open Banking API", "generation_time": 31.018397092819214, "message_count": 1}
2025-09-16 13:16:25,620 - {"thread_id": "conv_m365_9db1590b1177", "dominant_topic": "Euro Clearing Problem", "generation_time": 33.57639813423157, "message_count": 1}
2025-09-16 13:16:49,638 - {"thread_id": "conv_m365_1664ec5618c9", "dominant_topic": "Executive Decision Required", "generation_time": 26.57146692276001, "message_count": 1}
2025-09-16 13:17:23,177 - {"thread_id": "conv_m365_efe62972ec55", "dominant_topic": "SEPA Instant Failure", "generation_time": 28.151503324508667, "message_count": 1}
2025-09-16 13:17:26,168 - {"thread_id": "conv_m365_7a0c7fc57aa6", "dominant_topic": "Documentary Collection Issue", "generation_time": 31.14404845237732, "message_count": 1}
2025-09-16 13:17:51,632 - {"thread_id": "conv_m365_5713c45bb886", "dominant_topic": "Vendor Management", "generation_time": 28.451661109924316, "message_count": 1}
2025-09-16 13:18:26,408 - {"thread_id": "conv_m365_b8169003540e", "dominant_topic": "Reporting Platform Issue", "generation_time": 29.432693243026733, "message_count": 1}
2025-09-16 13:18:26,857 - {"thread_id": "conv_m365_ded8bfb257df", "dominant_topic": "Approval Required", "generation_time": 29.87997317314148, "message_count": 1}
2025-09-16 13:18:57,500 - {"thread_id": "conv_m365_146cc54b1c58", "dominant_topic": "Facility Renewal Inquiry", "generation_time": 31.08767080307007, "message_count": 1}
2025-09-16 13:19:31,903 - {"thread_id": "conv_m365_e9750752b518", "dominant_topic": "Regulatory Documentation Need", "generation_time": 29.079675912857056, "message_count": 1}
2025-09-16 13:19:34,442 - {"thread_id": "conv_m365_57974a1e8f8e", "dominant_topic": "AML Documentation Request", "generation_time": 31.622243404388428, "message_count": 1}
2025-09-16 13:20:00,632 - {"thread_id": "conv_m365_1269a82df35f", "dominant_topic": "Regulatory Documentation Need", "generation_time": 28.72213101387024, "message_count": 1}
2025-09-16 13:20:34,143 - {"thread_id": "conv_m365_6763743cc47f", "dominant_topic": "ECB Policy Update", "generation_time": 28.16863989830017, "message_count": 1}
2025-09-16 13:20:35,342 - {"thread_id": "conv_m365_a4e6902cbc5b", "dominant_topic": "Relationship Manager Request", "generation_time": 29.365031719207764, "message_count": 1}
2025-09-16 13:21:04,249 - {"thread_id": "conv_m365_d762a7547624", "dominant_topic": "Media Inquiry Email", "generation_time": 30.098926544189453, "message_count": 1}
2025-09-16 13:21:37,246 - {"thread_id": "conv_m365_64016817a74a", "dominant_topic": "Check Clearing Issue", "generation_time": 27.655992031097412, "message_count": 1}
2025-09-16 13:21:39,809 - {"thread_id": "conv_m365_177f027ebb63", "dominant_topic": "Credit Line Utilization", "generation_time": 30.219181299209595, "message_count": 1}
2025-09-16 13:22:04,363 - {"thread_id": "conv_m365_042e7a968ebb", "dominant_topic": "EU Taxonomy Reporting", "generation_time": 27.110002756118774, "message_count": 1}
2025-09-16 13:22:36,923 - {"thread_id": "conv_m365_1be93b94be7d", "dominant_topic": "Overdraft Facility Request", "generation_time": 27.135037660598755, "message_count": 1}
2025-09-16 13:22:37,261 - {"thread_id": "conv_m365_334baefc8c60", "dominant_topic": "System Outage Notification", "generation_time": 27.469460487365723, "message_count": 1}
2025-09-16 13:23:07,231 - {"thread_id": "conv_m365_6c191aaa8f79", "dominant_topic": "Enhanced Due Diligence", "generation_time": 30.301335096359253, "message_count": 1}
2025-09-16 13:23:40,421 - {"thread_id": "conv_m365_418e7ed33e47", "dominant_topic": "SEPA Instant Failure", "generation_time": 26.95506000518799, "message_count": 1}
2025-09-16 13:23:44,426 - {"thread_id": "conv_m365_3c95ba67ad19", "dominant_topic": "Corporate Loan Inquiry", "generation_time": 30.95756459236145, "message_count": 1}
2025-09-16 13:24:06,257 - {"thread_id": "conv_m365_eff5af5e5ac3", "dominant_topic": "Consent Withdrawal Notification", "generation_time": 25.826964139938354, "message_count": 1}
