2025-09-17 01:05:07,921 - {"chat_id": "19:b9dfb1c6a2fc7d4fbac36afc@thread.v2", "dominant_topic": "Software Issue Resolution", "generation_time": 56.654558181762695, "message_count": 17}
2025-09-17 01:05:13,277 - {"chat_id": "19:deefca54f22297d217c940eb@thread.v2", "dominant_topic": "Financial Reporting Procedure", "generation_time": 62.013620376586914, "message_count": 17}
2025-09-17 01:06:12,737 - {"chat_id": "19:ba15dbb16d84065ae18d10ad@thread.v2", "dominant_topic": "Audit Feedback Review", "generation_time": 64.81231355667114, "message_count": 17}
2025-09-17 01:07:27,697 - {"chat_id": "19:16adc0b3fbdb453575026d18@thread.v2", "dominant_topic": "Employee Relations Coordination", "generation_time": 69.41668128967285, "message_count": 18}
2025-09-17 01:08:11,946 - {"chat_id": "19:6d6d2c4ee7e891215ae2fce9@thread.v2", "dominant_topic": "GDPR Access Request", "generation_time": 44.24570274353027, "message_count": 15}
2025-09-17 01:09:55,253 - {"chat_id": "19:29e6ecc0deee435c0d22ed0c@thread.v2", "dominant_topic": "Workforce Planning Update", "generation_time": 98.2921507358551, "message_count": 15}
2025-09-17 01:11:08,074 - {"chat_id": "19:b3e5ed8ecbddb2e8fc0a3120@thread.v2", "dominant_topic": "Network Performance Issue", "generation_time": 88.58887672424316, "message_count": 18}
2025-09-17 01:13:16,777 - {"chat_id": "19:a6ae005d72d8ffd81401b984@thread.v2", "dominant_topic": "Audit Feedback Review", "generation_time": 74.24259424209595, "message_count": 17}
2025-09-17 01:13:28,655 - {"chat_id": "19:ce55dfd924849344a89fc146@thread.v2", "dominant_topic": "Audit Planning Coordination", "generation_time": 135.290442943573, "message_count": 15}
2025-09-17 01:14:36,810 - {"chat_id": "19:2a54d8e80364e6bcd27523d0@thread.v2", "dominant_topic": "Monthly Compliance Audit", "generation_time": 63.146393060684204, "message_count": 18}
2025-09-17 01:14:59,913 - {"chat_id": "19:1a8ad13d6083d5da8baa355a@thread.v2", "dominant_topic": "Team Coordination Update", "generation_time": 86.24943494796753, "message_count": 15}
2025-09-17 01:15:42,495 - {"chat_id": "19:b1f9fd693b66f52ff0e484d4@thread.v2", "dominant_topic": "Audit Feedback Review", "generation_time": 65.67407965660095, "message_count": 17}
2025-09-17 01:16:40,543 - {"chat_id": "19:d844b2c1d85d98257f5b1052@thread.v2", "dominant_topic": "Audit Feedback Review", "generation_time": 52.7100715637207, "message_count": 18}
2025-09-17 01:17:46,215 - {"chat_id": "19:4bbb73fc6cd7e55e367c7ffd@thread.v2", "dominant_topic": "Software Issue Resolution", "generation_time": 65.66674494743347, "message_count": 17}
2025-09-17 01:18:57,569 - {"chat_id": "19:973544b42fea84efef04fe97@thread.v2", "dominant_topic": "Risk Assessment Documentation", "generation_time": 66.3416759967804, "message_count": 18}
2025-09-17 01:21:15,650 - {"chat_id": "19:01d703474d021a5a10268fc1@thread.v2", "dominant_topic": "Customer Insight Report", "generation_time": 94.53744649887085, "message_count": 18}
2025-09-17 01:25:49,137 - {"chat_id": "19:9862df50a88eb4322a2f9143@thread.v2", "dominant_topic": "GDPR Access Request", "generation_time": 67.12520170211792, "message_count": 17}
2025-09-17 01:25:56,946 - {"chat_id": "19:c66504961d86f5f2424986ee@thread.v2", "dominant_topic": "Technology Rollout Update", "generation_time": 74.93494701385498, "message_count": 18}
2025-09-17 01:27:07,929 - {"chat_id": "19:42777f94307e26a04342875f@thread.v2", "dominant_topic": "Compliance Report Generation", "generation_time": 78.78533411026001, "message_count": 18}
2025-09-17 01:28:04,330 - {"chat_id": "19:4692f37c4affd0609143ac2b@thread.v2", "dominant_topic": "Attendance Management Alert", "generation_time": 51.113168716430664, "message_count": 15}
2025-09-17 01:28:14,256 - {"chat_id": "19:cc560b4175824dbee26cb1fa@thread.v2", "dominant_topic": "Policy Clarification Request", "generation_time": 61.03804969787598, "message_count": 15}
